[93mWARNING [0m:   DEPRECATED FEATURE: flwr.server.start_server() is deprecated.
	Instead, use the `flower-superlink` CLI command to start a SuperLink as shown below:

		$ flower-superlink --insecure

	To view usage and all available options, run:

		$ flower-superlink --help

	Using `start_server()` is deprecated.

            This is a deprecated feature. It will be removed
            entirely in future versions of Flower.
        
[92mINFO [0m:      Starting Flower server, config: num_rounds=3, no round_timeout
[92mINFO [0m:      Flower ECE: gRPC server running (3 rounds), SSL is disabled
[92mINFO [0m:      [INIT]
[92mINFO [0m:      Requesting initial parameters from one random client
[92mINFO [0m:      Received initial parameters from one random client
[92mINFO [0m:      Starting evaluation of initial global parameters
[92mINFO [0m:      Evaluation returned no results (`None`)
[92mINFO [0m:      
[92mINFO [0m:      [ROUND 1]
[92mINFO [0m:      configure_fit: strategy sampled 3 clients (out of 3)
[92mINFO [0m:      aggregate_fit: received 3 results and 0 failures
[92mINFO [0m:      configure_evaluate: no clients selected, skipping evaluation
[92mINFO [0m:      
[92mINFO [0m:      [ROUND 2]
[92mINFO [0m:      configure_fit: strategy sampled 3 clients (out of 3)
[92mINFO [0m:      aggregate_fit: received 3 results and 0 failures
[92mINFO [0m:      configure_evaluate: no clients selected, skipping evaluation
[92mINFO [0m:      
[92mINFO [0m:      [ROUND 3]
[92mINFO [0m:      configure_fit: strategy sampled 3 clients (out of 3)
[92mINFO [0m:      aggregate_fit: received 3 results and 0 failures
[92mINFO [0m:      configure_evaluate: no clients selected, skipping evaluation
[92mINFO [0m:      
[92mINFO [0m:      [SUMMARY]
[92mINFO [0m:      Run finished 3 round(s) in 189.96s
[92mINFO [0m:      	History (metrics, distributed, fit):
[92mINFO [0m:      	{'accuracy': [(1, 0.9097166666666666),
[92mINFO [0m:      	              (2, 0.9650666666666666),
[92mINFO [0m:      	              (3, 0.9733166666666667)],
[92mINFO [0m:      	 'loss': [(1, 0.29830525417253373),
[92mINFO [0m:      	          (2, 0.11852416159870724),
[92mINFO [0m:      	          (3, 0.08674673526446956)]}
[92mINFO [0m:      

======================================================================
 FLOWER FEDERATED LEARNING SERVER — BASELINE (sem blockchain/IPFS)
======================================================================
 ROUNDS=3  MIN_CLIENTS=3  PORT=0.0.0.0:8081

======================================================================
 [BASELINE] ROUND 1/3
======================================================================
 [BASELINE] Round 1: train≈77.58s  agg=0.030s

======================================================================
 [BASELINE] ROUND 2/3
======================================================================
 [BASELINE] Round 2: train≈54.90s  agg=0.012s

======================================================================
 [BASELINE] ROUND 3/3
======================================================================
 [BASELINE] Round 3: train≈56.01s  agg=0.013s

 Métricas baseline salvas em: results/multi_run/n3_rep1/baseline_metrics.json

======================================================================
 RESUMO BASELINE
======================================================================
  Round  1: accuracy=0.9097  train_time=77.58s
  Round  2: accuracy=0.9651  train_time=54.90s
  Round  3: accuracy=0.9733  train_time=56.01s

 Tempo total do experimento: 196.12s
 Acurácia final: 0.9733
