[93mWARNING [0m:   DEPRECATED FEATURE: flwr.client.start_client() is deprecated.
	Instead, use the `flower-supernode` CLI command to start a SuperNode as shown below:

		$ flower-supernode --insecure --superlink='<IP>:<PORT>'

	To view all available options, run:

		$ flower-supernode --help

	Using `start_client()` is deprecated.

            This is a deprecated feature. It will be removed
            entirely in future versions of Flower.
        
[92mINFO [0m:      
[92mINFO [0m:      Received: train message b569a40a-6d6d-4e84-8a31-7cbbfdd79556
[92mINFO [0m:      Sent reply
[92mINFO [0m:      
[92mINFO [0m:      Received: train message 7633818d-4afe-47b5-87db-86a2b8d2ecba
[92mINFO [0m:      Sent reply
[92mINFO [0m:      
[92mINFO [0m:      Received: train message 82b283d6-7ce1-4fe0-a59c-d957c4b7afb0
[92mINFO [0m:      Sent reply
[92mINFO [0m:      
[92mINFO [0m:      Received: reconnect message cf0f39c7-00c5-48ee-942d-f015ff7a6eda
[92mINFO [0m:      Disconnect and shut down

======================================================================
 BASELINE CLIENT 2/2 — conectando em 0.0.0.0:8081
======================================================================

[Cliente 2] Modelo=mnistnet  Dataset=mnist
[Dataset] Node 2: índices 40000-60000 (20000 amostras)
[Cliente 2] Treino: 20000 amostras
[Cliente 2] Teste:  10000 amostras
[BaselineClient 2] Rodada ?: treinando...
[BaselineClient 2] Rodada ?: treinando...
[BaselineClient 2] Rodada ?: treinando...
