[93mWARNING [0m:   DEPRECATED FEATURE: flwr.client.start_client() is deprecated.
	Instead, use the `flower-supernode` CLI command to start a SuperNode as shown below:

		$ flower-supernode --insecure --superlink='<IP>:<PORT>'

	To view all available options, run:

		$ flower-supernode --help

	Using `start_client()` is deprecated.

            This is a deprecated feature. It will be removed
            entirely in future versions of Flower.
        
[92mINFO [0m:      
[92mINFO [0m:      Received: get_parameters message 8013dfa5-b114-4e79-968c-479afabed2a3
[92mINFO [0m:      Sent reply
[92mINFO [0m:      
[92mINFO [0m:      Received: train message 29f639a0-29c8-4b0f-9225-5ec7d84bca59
[92mINFO [0m:      Sent reply
[92mINFO [0m:      
[92mINFO [0m:      Received: train message adcd315a-ec65-4c4f-9fd2-bc8f6f6ee80d
[92mINFO [0m:      Sent reply
[92mINFO [0m:      
[92mINFO [0m:      Received: train message 35a243d4-268d-4689-8375-3978547bf610
[92mINFO [0m:      Sent reply
[92mINFO [0m:      
[92mINFO [0m:      Received: reconnect message fcf6b02c-15eb-4131-8b05-6aeecd0dc1c3
[92mINFO [0m:      Disconnect and shut down

======================================================================
 BASELINE CLIENT 0/1 — conectando em 0.0.0.0:8081
======================================================================

[Cliente 0] Modelo=mnistnet  Dataset=mnist
[Dataset] Node 0: índices 0-30000 (30000 amostras)
[Cliente 0] Treino: 30000 amostras
[Cliente 0] Teste:  10000 amostras
[BaselineClient 0] Rodada ?: treinando (fedavg)...
[BaselineClient 0] Rodada ?: treinando (fedavg)...
[BaselineClient 0] Rodada ?: treinando (fedavg)...
