[93mWARNING [0m:   DEPRECATED FEATURE: flwr.client.start_client() is deprecated.
	Instead, use the `flower-supernode` CLI command to start a SuperNode as shown below:

		$ flower-supernode --insecure --superlink='<IP>:<PORT>'

	To view all available options, run:

		$ flower-supernode --help

	Using `start_client()` is deprecated.

            This is a deprecated feature. It will be removed
            entirely in future versions of Flower.
        
[92mINFO [0m:      
[92mINFO [0m:      Received: train message 56c9bf13-03e9-468c-951f-61537faa5dd6
[92mINFO [0m:      Sent reply
[92mINFO [0m:      
[92mINFO [0m:      Received: train message c7f2f21d-b7ff-4c36-9879-91da541d3ecd
[92mINFO [0m:      Sent reply
[92mINFO [0m:      
[92mINFO [0m:      Received: train message e3029d79-1fff-42e2-8552-6f62a4cdd362
[92mINFO [0m:      Sent reply
[92mINFO [0m:      
[92mINFO [0m:      Received: reconnect message 17a0fd7a-6b2a-451e-a9bd-1458ddbf9c95
[92mINFO [0m:      Disconnect and shut down

======================================================================
 BASELINE CLIENT 3/4 — conectando em 0.0.0.0:8081
======================================================================

[Cliente 3] Modelo=mnistnet  Dataset=mnist
[Dataset] Node 3: índices 36000-48000 (12000 amostras)
[Cliente 3] Treino: 12000 amostras
[Cliente 3] Teste:  10000 amostras
[BaselineClient 3] Rodada ?: treinando...
[BaselineClient 3] Rodada ?: treinando...
[BaselineClient 3] Rodada ?: treinando...
