[93mWARNING [0m:   DEPRECATED FEATURE: flwr.client.start_client() is deprecated.
	Instead, use the `flower-supernode` CLI command to start a SuperNode as shown below:

		$ flower-supernode --insecure --superlink='<IP>:<PORT>'

	To view all available options, run:

		$ flower-supernode --help

	Using `start_client()` is deprecated.

            This is a deprecated feature. It will be removed
            entirely in future versions of Flower.
        
[92mINFO [0m:      
[92mINFO [0m:      Received: train message 9e598ae5-6aff-41d9-8f9d-67ac83eb5c02
[92mINFO [0m:      Sent reply
[92mINFO [0m:      
[92mINFO [0m:      Received: train message a47caa0b-e379-4503-bcea-c1214e2ad3d9
[92mINFO [0m:      Sent reply
[92mINFO [0m:      
[92mINFO [0m:      Received: train message 7c14308f-8d95-491a-8c57-1a545cc08562
[92mINFO [0m:      Sent reply
[92mINFO [0m:      
[92mINFO [0m:      Received: reconnect message 37a88f7e-8cf3-4e1b-85e0-a345d3286f85
[92mINFO [0m:      Disconnect and shut down

======================================================================
 BASELINE CLIENT 4/4 — conectando em 0.0.0.0:8081
======================================================================

[Cliente 4] Modelo=mnistnet  Dataset=mnist
[Dataset] Node 4: índices 48000-60000 (12000 amostras)
[Cliente 4] Treino: 12000 amostras
[Cliente 4] Teste:  10000 amostras
[BaselineClient 4] Rodada ?: treinando...
[BaselineClient 4] Rodada ?: treinando...
[BaselineClient 4] Rodada ?: treinando...
