[93mWARNING [0m:   DEPRECATED FEATURE: flwr.client.start_client() is deprecated.
	Instead, use the `flower-supernode` CLI command to start a SuperNode as shown below:

		$ flower-supernode --insecure --superlink='<IP>:<PORT>'

	To view all available options, run:

		$ flower-supernode --help

	Using `start_client()` is deprecated.

            This is a deprecated feature. It will be removed
            entirely in future versions of Flower.
        
[92mINFO [0m:      
[92mINFO [0m:      Received: train message 26c9db32-229f-4e72-a1aa-1def731b31b2
[92mINFO [0m:      Sent reply
[92mINFO [0m:      
[92mINFO [0m:      Received: train message 76014e21-511a-4bb1-8207-490766d3b7d9
[92mINFO [0m:      Sent reply
[92mINFO [0m:      
[92mINFO [0m:      Received: train message 8d36771f-f208-4f8d-966a-5e9303973545
[92mINFO [0m:      Sent reply
[92mINFO [0m:      
[92mINFO [0m:      Received: reconnect message a927e063-3613-49b0-93ef-610831b499fe
[92mINFO [0m:      Disconnect and shut down

======================================================================
 BASELINE CLIENT 2/4 — conectando em 0.0.0.0:8081
======================================================================

[Cliente 2] Modelo=mnistnet  Dataset=mnist
[Dataset] Node 2: índices 24000-36000 (12000 amostras)
[Cliente 2] Treino: 12000 amostras
[Cliente 2] Teste:  10000 amostras
[BaselineClient 2] Rodada ?: treinando...
[BaselineClient 2] Rodada ?: treinando...
[BaselineClient 2] Rodada ?: treinando...
