[93mWARNING [0m:   DEPRECATED FEATURE: flwr.client.start_client() is deprecated.
	Instead, use the `flower-supernode` CLI command to start a SuperNode as shown below:

		$ flower-supernode --insecure --superlink='<IP>:<PORT>'

	To view all available options, run:

		$ flower-supernode --help

	Using `start_client()` is deprecated.

            This is a deprecated feature. It will be removed
            entirely in future versions of Flower.
        
[92mINFO [0m:      
[92mINFO [0m:      Received: get_parameters message 5d6fe764-d3e3-46b6-8ffa-d4126d9979c0
[92mINFO [0m:      Sent reply
[92mINFO [0m:      
[92mINFO [0m:      Received: train message 3a79ff81-0dbd-478c-833e-771a3e39ce30
[92mINFO [0m:      Sent reply
[92mINFO [0m:      
[92mINFO [0m:      Received: train message a42cf703-a604-44cb-bdb3-1e13dcdc8376
[92mINFO [0m:      Sent reply
[92mINFO [0m:      
[92mINFO [0m:      Received: train message a2bc235f-fb42-4148-8811-de5547d7c0ac
[92mINFO [0m:      Sent reply
[92mINFO [0m:      
[92mINFO [0m:      Received: reconnect message 4091ae14-d4eb-44eb-8021-1cf30758986b
[92mINFO [0m:      Disconnect and shut down

======================================================================
 BASELINE CLIENT 0/4 — conectando em 0.0.0.0:8081
======================================================================

[Cliente 0] Modelo=mnistnet  Dataset=mnist
[Dataset] Node 0: índices 0-12000 (12000 amostras)
[Cliente 0] Treino: 12000 amostras
[Cliente 0] Teste:  10000 amostras
[BaselineClient 0] Rodada ?: treinando...
[BaselineClient 0] Rodada ?: treinando...
[BaselineClient 0] Rodada ?: treinando...
