[93mWARNING [0m:   DEPRECATED FEATURE: flwr.client.start_client() is deprecated.
	Instead, use the `flower-supernode` CLI command to start a SuperNode as shown below:

		$ flower-supernode --insecure --superlink='<IP>:<PORT>'

	To view all available options, run:

		$ flower-supernode --help

	Using `start_client()` is deprecated.

            This is a deprecated feature. It will be removed
            entirely in future versions of Flower.
        
[92mINFO [0m:      
[92mINFO [0m:      Received: train message 0ee0bc35-9443-4d2f-b6ab-ca4398e80233
[92mINFO [0m:      Sent reply
[92mINFO [0m:      
[92mINFO [0m:      Received: train message 549f1da5-e51b-4664-bd60-0b74a38df865
[92mINFO [0m:      Sent reply
[92mINFO [0m:      
[92mINFO [0m:      Received: train message 9e6d3ef3-56f8-472f-bad0-795cf7e02942
[92mINFO [0m:      Sent reply
[92mINFO [0m:      
[92mINFO [0m:      Received: reconnect message b17537b4-5280-47c6-b0c6-3f7bda78222b
[92mINFO [0m:      Disconnect and shut down

======================================================================
 BASELINE CLIENT 1/5 — conectando em 0.0.0.0:8081
======================================================================

[Cliente 1] Modelo=mnistnet  Dataset=mnist
[Dataset] Node 1: índices 10000-20000 (10000 amostras)
[Cliente 1] Treino: 10000 amostras
[Cliente 1] Teste:  10000 amostras
[BaselineClient 1] Rodada ?: treinando (fedprox(mu=0.1))...
[BaselineClient 1] Rodada ?: treinando (fedprox(mu=0.1))...
[BaselineClient 1] Rodada ?: treinando (fedprox(mu=0.1))...
