[93mWARNING [0m:   DEPRECATED FEATURE: flwr.client.start_client() is deprecated.
	Instead, use the `flower-supernode` CLI command to start a SuperNode as shown below:

		$ flower-supernode --insecure --superlink='<IP>:<PORT>'

	To view all available options, run:

		$ flower-supernode --help

	Using `start_client()` is deprecated.

            This is a deprecated feature. It will be removed
            entirely in future versions of Flower.
        
[92mINFO [0m:      
[92mINFO [0m:      Received: train message 7bac0b4e-8376-4ef1-8d96-98869f78455d
[92mINFO [0m:      Sent reply
[92mINFO [0m:      
[92mINFO [0m:      Received: train message f95f61ba-b635-48de-a87b-7c810522ec8c
[92mINFO [0m:      Sent reply
[92mINFO [0m:      
[92mINFO [0m:      Received: train message 8f6bd1b0-1f50-4d57-9c32-aa0e6a1c54e9
[92mINFO [0m:      Sent reply
[92mINFO [0m:      
[92mINFO [0m:      Received: reconnect message 35914f60-dcf7-4e59-b1d3-ad0e7acceeb4
[92mINFO [0m:      Disconnect and shut down

======================================================================
 BASELINE CLIENT 2/5 — conectando em 0.0.0.0:8081
======================================================================

[Cliente 2] Modelo=mnistnet  Dataset=mnist
[Dataset] Node 2: índices 20000-30000 (10000 amostras)
[Cliente 2] Treino: 10000 amostras
[Cliente 2] Teste:  10000 amostras
[BaselineClient 2] Rodada ?: treinando (fedprox(mu=0.1))...
[BaselineClient 2] Rodada ?: treinando (fedprox(mu=0.1))...
[BaselineClient 2] Rodada ?: treinando (fedprox(mu=0.1))...
