[93mWARNING [0m:   DEPRECATED FEATURE: flwr.server.start_server() is deprecated.
	Instead, use the `flower-superlink` CLI command to start a SuperLink as shown below:

		$ flower-superlink --insecure

	To view usage and all available options, run:

		$ flower-superlink --help

	Using `start_server()` is deprecated.

            This is a deprecated feature. It will be removed
            entirely in future versions of Flower.
        
[92mINFO [0m:      Starting Flower server, config: num_rounds=3, no round_timeout
[92mINFO [0m:      Flower ECE: gRPC server running (3 rounds), SSL is disabled
[92mINFO [0m:      [INIT]
[92mINFO [0m:      Requesting initial parameters from one random client
[92mINFO [0m:      Received initial parameters from one random client
[92mINFO [0m:      Starting evaluation of initial global parameters
[92mINFO [0m:      Evaluation returned no results (`None`)
[92mINFO [0m:      
[92mINFO [0m:      [ROUND 1]
[92mINFO [0m:      configure_fit: strategy sampled 2 clients (out of 2)
[92mINFO [0m:      aggregate_fit: received 2 results and 0 failures
[92mINFO [0m:      configure_evaluate: no clients selected, skipping evaluation
[92mINFO [0m:      
[92mINFO [0m:      [ROUND 2]
[92mINFO [0m:      configure_fit: strategy sampled 2 clients (out of 2)
[92mINFO [0m:      aggregate_fit: received 2 results and 0 failures
[92mINFO [0m:      configure_evaluate: no clients selected, skipping evaluation
[92mINFO [0m:      
[92mINFO [0m:      [ROUND 3]
[92mINFO [0m:      configure_fit: strategy sampled 2 clients (out of 2)
[92mINFO [0m:      aggregate_fit: received 2 results and 0 failures
[92mINFO [0m:      configure_evaluate: no clients selected, skipping evaluation
[92mINFO [0m:      
[92mINFO [0m:      [SUMMARY]
[92mINFO [0m:      Run finished 3 round(s) in 221.29s
[92mINFO [0m:      	History (metrics, distributed, fit):
[92mINFO [0m:      	{'accuracy': [(1, 0.86235), (2, 0.9193333333333333), (3, 0.9334833333333333)],
[92mINFO [0m:      	 'loss': [(1, 1.0399925152439553),
[92mINFO [0m:      	          (2, 0.5025450322213075),
[92mINFO [0m:      	          (3, 0.4203375188518626)]}
[92mINFO [0m:      

======================================================================
 FLOWER FEDERATED LEARNING SERVER — BASELINE (sem blockchain/IPFS)
======================================================================
 ROUNDS=3  MIN_CLIENTS=2  PORT=0.0.0.0:8081
 AGGREGATOR=fedprox (mu=0.1)

======================================================================
 [BASELINE] ROUND 1/3
======================================================================
 [BASELINE] Round 1: train≈63.06s  agg=0.010s

======================================================================
 [BASELINE] ROUND 2/3
======================================================================
 [BASELINE] Round 2: train≈64.37s  agg=0.009s

======================================================================
 [BASELINE] ROUND 3/3
======================================================================
 [BASELINE] Round 3: train≈93.15s  agg=0.015s

 Métricas baseline salvas em: results/scaling_mnist_rep3/fedprox_n2_rep2/baseline_metrics.json

======================================================================
 RESUMO BASELINE
======================================================================
  Round  1: accuracy=0.8623  train_time=63.06s
  Round  2: accuracy=0.9193  train_time=64.37s
  Round  3: accuracy=0.9335  train_time=93.15s

 Tempo total do experimento: 225.67s
 Acurácia final: 0.9335
