[93mWARNING [0m:   DEPRECATED FEATURE: flwr.client.start_client() is deprecated.
	Instead, use the `flower-supernode` CLI command to start a SuperNode as shown below:

		$ flower-supernode --insecure --superlink='<IP>:<PORT>'

	To view all available options, run:

		$ flower-supernode --help

	Using `start_client()` is deprecated.

            This is a deprecated feature. It will be removed
            entirely in future versions of Flower.
        
[92mINFO [0m:      
[92mINFO [0m:      Received: train message f5b40bf6-a0e3-42f3-b52d-e67446669443
[92mINFO [0m:      Sent reply
[92mINFO [0m:      
[92mINFO [0m:      Received: train message 04602dc4-7948-42f5-a8f0-2b50db5382fe
[92mINFO [0m:      Sent reply
[92mINFO [0m:      
[92mINFO [0m:      Received: train message dc8109b4-d581-4c66-8312-3cc02d42b26b
[92mINFO [0m:      Sent reply
[92mINFO [0m:      
[92mINFO [0m:      Received: reconnect message afa8f7fb-5e45-4e5e-bfd1-e4a49904afad
[92mINFO [0m:      Disconnect and shut down

======================================================================
 BASELINE CLIENT 7/9 — conectando em 0.0.0.0:8081
======================================================================

[Cliente 7] Modelo=mnistnet  Dataset=mnist
[Dataset] Node 7: índices 42000-48000 (6000 amostras)
[Cliente 7] Treino: 6000 amostras
[Cliente 7] Teste:  10000 amostras
[BaselineClient 7] Rodada ?: treinando (fedprox(mu=0.1))...
[BaselineClient 7] Rodada ?: treinando (fedprox(mu=0.1))...
[BaselineClient 7] Rodada ?: treinando (fedprox(mu=0.1))...
