[93mWARNING [0m:   DEPRECATED FEATURE: flwr.client.start_client() is deprecated.
	Instead, use the `flower-supernode` CLI command to start a SuperNode as shown below:

		$ flower-supernode --insecure --superlink='<IP>:<PORT>'

	To view all available options, run:

		$ flower-supernode --help

	Using `start_client()` is deprecated.

            This is a deprecated feature. It will be removed
            entirely in future versions of Flower.
        
[92mINFO [0m:      
[92mINFO [0m:      Received: train message a06f4f45-7fa4-4a03-a1d3-f23bb80ff39f
[92mINFO [0m:      Sent reply
[92mINFO [0m:      
[92mINFO [0m:      Received: train message 6e2e7b35-06ef-47e6-9caf-04ea5b6aeada
[92mINFO [0m:      Sent reply
[92mINFO [0m:      
[92mINFO [0m:      Received: train message d7076401-5dce-4edb-8ca1-32b228affb03
[92mINFO [0m:      Sent reply
[92mINFO [0m:      
[92mINFO [0m:      Received: reconnect message a859bcf6-9a28-4d1d-8366-9f0d26d7ab69
[92mINFO [0m:      Disconnect and shut down

======================================================================
 BASELINE CLIENT 6/9 — conectando em 0.0.0.0:8081
======================================================================

[Cliente 6] Modelo=mnistnet  Dataset=mnist
[Dataset] Node 6: índices 36000-42000 (6000 amostras)
[Cliente 6] Treino: 6000 amostras
[Cliente 6] Teste:  10000 amostras
[BaselineClient 6] Rodada ?: treinando (fedprox(mu=0.1))...
[BaselineClient 6] Rodada ?: treinando (fedprox(mu=0.1))...
[BaselineClient 6] Rodada ?: treinando (fedprox(mu=0.1))...
