[93mWARNING [0m:   DEPRECATED FEATURE: flwr.client.start_client() is deprecated.
	Instead, use the `flower-supernode` CLI command to start a SuperNode as shown below:

		$ flower-supernode --insecure --superlink='<IP>:<PORT>'

	To view all available options, run:

		$ flower-supernode --help

	Using `start_client()` is deprecated.

            This is a deprecated feature. It will be removed
            entirely in future versions of Flower.
        
[92mINFO [0m:      
[92mINFO [0m:      Received: train message bb62b225-be3b-4104-9ed3-13265e65ab81
[92mINFO [0m:      Sent reply
[92mINFO [0m:      
[92mINFO [0m:      Received: train message 23eec679-6aa5-4f24-b725-56ab4d477396
[92mINFO [0m:      Sent reply
[92mINFO [0m:      
[92mINFO [0m:      Received: train message b67a1396-e189-47af-a8ea-65870defc427
[92mINFO [0m:      Sent reply
[92mINFO [0m:      
[92mINFO [0m:      Received: reconnect message b398182f-f35f-43d4-9363-4dda40ce4914
[92mINFO [0m:      Disconnect and shut down

======================================================================
 BASELINE CLIENT 8/9 — conectando em 0.0.0.0:8081
======================================================================

[Cliente 8] Modelo=mnistnet  Dataset=mnist
[Dataset] Node 8: índices 48000-54000 (6000 amostras)
[Cliente 8] Treino: 6000 amostras
[Cliente 8] Teste:  10000 amostras
[BaselineClient 8] Rodada ?: treinando (fedprox(mu=0.1))...
[BaselineClient 8] Rodada ?: treinando (fedprox(mu=0.1))...
[BaselineClient 8] Rodada ?: treinando (fedprox(mu=0.1))...
