[93mWARNING [0m:   DEPRECATED FEATURE: flwr.client.start_client() is deprecated.
	Instead, use the `flower-supernode` CLI command to start a SuperNode as shown below:

		$ flower-supernode --insecure --superlink='<IP>:<PORT>'

	To view all available options, run:

		$ flower-supernode --help

	Using `start_client()` is deprecated.

            This is a deprecated feature. It will be removed
            entirely in future versions of Flower.
        
[92mINFO [0m:      
[92mINFO [0m:      Received: train message 674188c0-8789-43d5-902f-3d4f523f4880
[92mINFO [0m:      Sent reply
[92mINFO [0m:      
[92mINFO [0m:      Received: train message f12f807e-e471-4d36-b867-6eaea1bcb47a
[92mINFO [0m:      Sent reply
[92mINFO [0m:      
[92mINFO [0m:      Received: train message 69397113-cb2b-4e44-8362-753a60c43133
[92mINFO [0m:      Sent reply
[92mINFO [0m:      
[92mINFO [0m:      Received: reconnect message b7ad1a79-cda1-4f57-8a8f-79cc2186b6b9
[92mINFO [0m:      Disconnect and shut down

======================================================================
 BASELINE CLIENT 1/9 — conectando em 0.0.0.0:8081
======================================================================

[Cliente 1] Modelo=mnistnet  Dataset=mnist
[Dataset] Node 1: índices 6000-12000 (6000 amostras)
[Cliente 1] Treino: 6000 amostras
[Cliente 1] Teste:  10000 amostras
[BaselineClient 1] Rodada ?: treinando (fedprox(mu=0.1))...
[BaselineClient 1] Rodada ?: treinando (fedprox(mu=0.1))...
[BaselineClient 1] Rodada ?: treinando (fedprox(mu=0.1))...
