[93mWARNING [0m:   DEPRECATED FEATURE: flwr.client.start_client() is deprecated.
	Instead, use the `flower-supernode` CLI command to start a SuperNode as shown below:

		$ flower-supernode --insecure --superlink='<IP>:<PORT>'

	To view all available options, run:

		$ flower-supernode --help

	Using `start_client()` is deprecated.

            This is a deprecated feature. It will be removed
            entirely in future versions of Flower.
        
[92mINFO [0m:      
[92mINFO [0m:      Received: get_parameters message 26362e92-e9d7-412a-aa70-4b31173d0bee
[92mINFO [0m:      Sent reply
[92mINFO [0m:      
[92mINFO [0m:      Received: train message a046fdcf-bb5c-45a5-a099-500ad25d9c28
[92mINFO [0m:      Sent reply
[92mINFO [0m:      
[92mINFO [0m:      Received: train message 7d5dc0d2-40a2-47d4-bc82-32975ff06265
[92mINFO [0m:      Sent reply
[92mINFO [0m:      
[92mINFO [0m:      Received: train message b0043216-2a0c-4584-b018-354c5e4cf785
[92mINFO [0m:      Sent reply
[92mINFO [0m:      
[92mINFO [0m:      Received: reconnect message 0bbe9cb4-ba5e-4b78-932b-56a9ae99ef16
[92mINFO [0m:      Disconnect and shut down

======================================================================
 BASELINE CLIENT 0/9 — conectando em 0.0.0.0:8081
======================================================================

[Cliente 0] Modelo=mnistnet  Dataset=mnist
[Dataset] Node 0: índices 0-6000 (6000 amostras)
[Cliente 0] Treino: 6000 amostras
[Cliente 0] Teste:  10000 amostras
[BaselineClient 0] Rodada ?: treinando (fedprox(mu=0.1))...
[BaselineClient 0] Rodada ?: treinando (fedprox(mu=0.1))...
[BaselineClient 0] Rodada ?: treinando (fedprox(mu=0.1))...
