[93mWARNING [0m:   DEPRECATED FEATURE: flwr.client.start_client() is deprecated.
	Instead, use the `flower-supernode` CLI command to start a SuperNode as shown below:

		$ flower-supernode --insecure --superlink='<IP>:<PORT>'

	To view all available options, run:

		$ flower-supernode --help

	Using `start_client()` is deprecated.

            This is a deprecated feature. It will be removed
            entirely in future versions of Flower.
        
[92mINFO [0m:      
[92mINFO [0m:      Received: train message 25d41946-52e2-4322-befa-5639a1bbf515
[92mINFO [0m:      Sent reply
[92mINFO [0m:      
[92mINFO [0m:      Received: train message 2d272712-f390-46a6-a3eb-3cf9ba1bfb46
[92mINFO [0m:      Sent reply
[92mINFO [0m:      
[92mINFO [0m:      Received: train message 13ec7238-2d39-4ef3-863d-9f8f7b18368a
[92mINFO [0m:      Sent reply
[92mINFO [0m:      
[92mINFO [0m:      Received: reconnect message 89f28b9b-7b12-45fe-9f21-591f6bb47a5a
[92mINFO [0m:      Disconnect and shut down

======================================================================
 BASELINE CLIENT 3/9 — conectando em 0.0.0.0:8081
======================================================================

[Cliente 3] Modelo=mnistnet  Dataset=mnist
[Dataset] Node 3: índices 18000-24000 (6000 amostras)
[Cliente 3] Treino: 6000 amostras
[Cliente 3] Teste:  10000 amostras
[BaselineClient 3] Rodada ?: treinando (fedprox(mu=0.1))...
[BaselineClient 3] Rodada ?: treinando (fedprox(mu=0.1))...
[BaselineClient 3] Rodada ?: treinando (fedprox(mu=0.1))...
