[93mWARNING [0m:   DEPRECATED FEATURE: flwr.client.start_client() is deprecated.
	Instead, use the `flower-supernode` CLI command to start a SuperNode as shown below:

		$ flower-supernode --insecure --superlink='<IP>:<PORT>'

	To view all available options, run:

		$ flower-supernode --help

	Using `start_client()` is deprecated.

            This is a deprecated feature. It will be removed
            entirely in future versions of Flower.
        
[92mINFO [0m:      
[92mINFO [0m:      Received: train message 1e598268-6469-44a8-8eec-5a15ddaf6491
[92mINFO [0m:      Sent reply
[92mINFO [0m:      
[92mINFO [0m:      Received: train message 7577d323-a842-4d22-a89a-5dfdebb2437d
[92mINFO [0m:      Sent reply
[92mINFO [0m:      
[92mINFO [0m:      Received: train message 733cc817-0433-4af8-9b59-101b1db1b63e
[92mINFO [0m:      Sent reply
[92mINFO [0m:      
[92mINFO [0m:      Received: reconnect message ecc3526d-61ec-4f76-aabc-126af8195221
[92mINFO [0m:      Disconnect and shut down

======================================================================
 BASELINE CLIENT 2/3 — conectando em 0.0.0.0:8081
======================================================================

[Cliente 2] Modelo=mnistnet  Dataset=mnist
[Dataset] Node 2: índices 30000-45000 (15000 amostras)
[Cliente 2] Treino: 15000 amostras
[Cliente 2] Teste:  10000 amostras
[BaselineClient 2] Rodada ?: treinando (fedavg)...
[BaselineClient 2] Rodada ?: treinando (fedavg)...
[BaselineClient 2] Rodada ?: treinando (fedavg)...
