[93mWARNING [0m:   DEPRECATED FEATURE: flwr.client.start_client() is deprecated.
	Instead, use the `flower-supernode` CLI command to start a SuperNode as shown below:

		$ flower-supernode --insecure --superlink='<IP>:<PORT>'

	To view all available options, run:

		$ flower-supernode --help

	Using `start_client()` is deprecated.

            This is a deprecated feature. It will be removed
            entirely in future versions of Flower.
        
[92mINFO [0m:      
[92mINFO [0m:      Received: train message 1d10814e-8ca1-4d61-bb04-98c103e0a188
[92mINFO [0m:      Sent reply
[92mINFO [0m:      
[92mINFO [0m:      Received: train message 3aa008b6-345f-4cba-9c8f-08bbd87810e4
[92mINFO [0m:      Sent reply
[92mINFO [0m:      
[92mINFO [0m:      Received: train message 4ca6bba5-41f6-4c1f-97b2-58a4a98c7cec
[92mINFO [0m:      Sent reply
[92mINFO [0m:      
[92mINFO [0m:      Received: reconnect message b17b6e04-1595-4935-b10e-7d9b6fdc831a
[92mINFO [0m:      Disconnect and shut down

======================================================================
 BASELINE CLIENT 6/7 — conectando em 0.0.0.0:8081
======================================================================

[Cliente 6] Modelo=mnistnet  Dataset=mnist
[Dataset] Node 6: índices 45000-52500 (7500 amostras)
[Cliente 6] Treino: 7500 amostras
[Cliente 6] Teste:  10000 amostras
[BaselineClient 6] Rodada ?: treinando (fedprox(mu=0.1))...
[BaselineClient 6] Rodada ?: treinando (fedprox(mu=0.1))...
[BaselineClient 6] Rodada ?: treinando (fedprox(mu=0.1))...
