[93mWARNING [0m:   DEPRECATED FEATURE: flwr.client.start_client() is deprecated.
	Instead, use the `flower-supernode` CLI command to start a SuperNode as shown below:

		$ flower-supernode --insecure --superlink='<IP>:<PORT>'

	To view all available options, run:

		$ flower-supernode --help

	Using `start_client()` is deprecated.

            This is a deprecated feature. It will be removed
            entirely in future versions of Flower.
        
[92mINFO [0m:      
[92mINFO [0m:      Received: train message 99ca2f5d-4bdd-481a-b26c-68b5e1628c24
[92mINFO [0m:      Sent reply
[92mINFO [0m:      
[92mINFO [0m:      Received: train message 1f11f80b-798b-46fd-be99-c6d843d131fc
[92mINFO [0m:      Sent reply
[92mINFO [0m:      
[92mINFO [0m:      Received: train message 4c9d91d9-28c0-42f0-8cfd-8df656a006d0
[92mINFO [0m:      Sent reply
[92mINFO [0m:      
[92mINFO [0m:      Received: reconnect message 38506c5c-8d56-4040-bf51-d392ca9216ef
[92mINFO [0m:      Disconnect and shut down

======================================================================
 BASELINE CLIENT 7/7 — conectando em 0.0.0.0:8081
======================================================================

[Cliente 7] Modelo=mnistnet  Dataset=mnist
[Dataset] Node 7: índices 52500-60000 (7500 amostras)
[Cliente 7] Treino: 7500 amostras
[Cliente 7] Teste:  10000 amostras
[BaselineClient 7] Rodada ?: treinando (fedprox(mu=0.1))...
[BaselineClient 7] Rodada ?: treinando (fedprox(mu=0.1))...
[BaselineClient 7] Rodada ?: treinando (fedprox(mu=0.1))...
