[93mWARNING [0m:   DEPRECATED FEATURE: flwr.server.start_server() is deprecated.
	Instead, use the `flower-superlink` CLI command to start a SuperLink as shown below:

		$ flower-superlink --insecure

	To view usage and all available options, run:

		$ flower-superlink --help

	Using `start_server()` is deprecated.

            This is a deprecated feature. It will be removed
            entirely in future versions of Flower.
        
[92mINFO [0m:      Starting Flower server, config: num_rounds=3, no round_timeout
[92mINFO [0m:      Flower ECE: gRPC server running (3 rounds), SSL is disabled
[92mINFO [0m:      [INIT]
[92mINFO [0m:      Requesting initial parameters from one random client
[92mINFO [0m:      Received initial parameters from one random client
[92mINFO [0m:      Starting evaluation of initial global parameters
[92mINFO [0m:      Evaluation returned no results (`None`)
[92mINFO [0m:      
[92mINFO [0m:      [ROUND 1]
[92mINFO [0m:      configure_fit: strategy sampled 8 clients (out of 8)
[92mINFO [0m:      aggregate_fit: received 8 results and 0 failures
[92mINFO [0m:      configure_evaluate: no clients selected, skipping evaluation
[92mINFO [0m:      
[92mINFO [0m:      [ROUND 2]
[92mINFO [0m:      configure_fit: strategy sampled 8 clients (out of 8)
[92mINFO [0m:      aggregate_fit: received 8 results and 0 failures
[92mINFO [0m:      configure_evaluate: no clients selected, skipping evaluation
[92mINFO [0m:      
[92mINFO [0m:      [ROUND 3]
[92mINFO [0m:      configure_fit: strategy sampled 8 clients (out of 8)
[92mINFO [0m:      aggregate_fit: received 8 results and 0 failures
[92mINFO [0m:      configure_evaluate: no clients selected, skipping evaluation
[92mINFO [0m:      
[92mINFO [0m:      [SUMMARY]
[92mINFO [0m:      Run finished 3 round(s) in 80.42s
[92mINFO [0m:      	History (metrics, distributed, fit):
[92mINFO [0m:      	{'accuracy': [(1, 0.7938166666666666),
[92mINFO [0m:      	              (2, 0.9065333333333333),
[92mINFO [0m:      	              (3, 0.9280333333333334)],
[92mINFO [0m:      	 'loss': [(1, 1.2962927364288492),
[92mINFO [0m:      	          (2, 0.6245620282168718),
[92mINFO [0m:      	          (3, 0.48790512056030494)]}
[92mINFO [0m:      

======================================================================
 FLOWER FEDERATED LEARNING SERVER — BASELINE (sem blockchain/IPFS)
======================================================================
 ROUNDS=3  MIN_CLIENTS=8  PORT=0.0.0.0:8081
 AGGREGATOR=fedprox (mu=0.1)

======================================================================
 [BASELINE] ROUND 1/3
======================================================================
 [BASELINE] Round 1: train≈25.41s  agg=0.026s

======================================================================
 [BASELINE] ROUND 2/3
======================================================================
 [BASELINE] Round 2: train≈24.04s  agg=0.021s

======================================================================
 [BASELINE] ROUND 3/3
======================================================================
 [BASELINE] Round 3: train≈26.72s  agg=0.019s

 Métricas baseline salvas em: results/scaling_mnist_rep3/fedprox_n8_rep2/baseline_metrics.json

======================================================================
 RESUMO BASELINE
======================================================================
  Round  1: accuracy=0.7938  train_time=25.41s
  Round  2: accuracy=0.9065  train_time=24.04s
  Round  3: accuracy=0.9280  train_time=26.72s

 Tempo total do experimento: 84.15s
 Acurácia final: 0.9280
