[93mWARNING [0m:   DEPRECATED FEATURE: flwr.client.start_client() is deprecated.
	Instead, use the `flower-supernode` CLI command to start a SuperNode as shown below:

		$ flower-supernode --insecure --superlink='<IP>:<PORT>'

	To view all available options, run:

		$ flower-supernode --help

	Using `start_client()` is deprecated.

            This is a deprecated feature. It will be removed
            entirely in future versions of Flower.
        
[92mINFO [0m:      
[92mINFO [0m:      Received: train message 9354c976-4903-4aff-93c1-138f61b44c00
[92mINFO [0m:      Sent reply
[92mINFO [0m:      
[92mINFO [0m:      Received: train message bc7cf080-3d0b-420e-91e1-c6b0b9a21dca
[92mINFO [0m:      Sent reply
[92mINFO [0m:      
[92mINFO [0m:      Received: train message 14af7382-1191-468b-aa5e-9730aaf1df98
[92mINFO [0m:      Sent reply
[92mINFO [0m:      
[92mINFO [0m:      Received: reconnect message 33bcb6a5-b52b-4338-be6b-a5b0c61488e1
[92mINFO [0m:      Disconnect and shut down

======================================================================
 BASELINE CLIENT 3/3 — conectando em 0.0.0.0:8081
======================================================================

[Cliente 3] Modelo=mnistnet  Dataset=mnist
[Dataset] Node 3: índices 45000-60000 (15000 amostras)
[Cliente 3] Treino: 15000 amostras
[Cliente 3] Teste:  10000 amostras
[BaselineClient 3] Rodada ?: treinando (fedprox(mu=0.1))...
[BaselineClient 3] Rodada ?: treinando (fedprox(mu=0.1))...
[BaselineClient 3] Rodada ?: treinando (fedprox(mu=0.1))...
