[93mWARNING [0m:   DEPRECATED FEATURE: flwr.client.start_client() is deprecated.
	Instead, use the `flower-supernode` CLI command to start a SuperNode as shown below:

		$ flower-supernode --insecure --superlink='<IP>:<PORT>'

	To view all available options, run:

		$ flower-supernode --help

	Using `start_client()` is deprecated.

            This is a deprecated feature. It will be removed
            entirely in future versions of Flower.
        
[92mINFO [0m:      
[92mINFO [0m:      Received: train message 70f1a648-ec64-4364-bf0f-f61667063fb6
[92mINFO [0m:      Sent reply
[92mINFO [0m:      
[92mINFO [0m:      Received: train message 564668ad-0dcb-4022-8002-450f1c61601f
[92mINFO [0m:      Sent reply
[92mINFO [0m:      
[92mINFO [0m:      Received: train message 00920e60-026f-485c-a6e5-d30bbcbb6285
[92mINFO [0m:      Sent reply
[92mINFO [0m:      
[92mINFO [0m:      Received: reconnect message bf23f528-e96f-4fcb-9ad6-2f06245da7e0
[92mINFO [0m:      Disconnect and shut down

======================================================================
 BASELINE CLIENT 1/1 — conectando em 0.0.0.0:8081
======================================================================

[Cliente 1] Modelo=mnistnet  Dataset=mnist
[Dataset] Node 1: índices 30000-60000 (30000 amostras)
[Cliente 1] Treino: 30000 amostras
[Cliente 1] Teste:  10000 amostras
[BaselineClient 1] Rodada ?: treinando (fedprox(mu=0.1))...
[BaselineClient 1] Rodada ?: treinando (fedprox(mu=0.1))...
[BaselineClient 1] Rodada ?: treinando (fedprox(mu=0.1))...
