[93mWARNING [0m:   DEPRECATED FEATURE: flwr.server.start_server() is deprecated.
	Instead, use the `flower-superlink` CLI command to start a SuperLink as shown below:

		$ flower-superlink --insecure

	To view usage and all available options, run:

		$ flower-superlink --help

	Using `start_server()` is deprecated.

            This is a deprecated feature. It will be removed
            entirely in future versions of Flower.
        
[92mINFO [0m:      Starting Flower server, config: num_rounds=3, no round_timeout
[92mINFO [0m:      Flower ECE: gRPC server running (3 rounds), SSL is disabled
[92mINFO [0m:      [INIT]
[92mINFO [0m:      Requesting initial parameters from one random client
[92mINFO [0m:      Received initial parameters from one random client
[92mINFO [0m:      Starting evaluation of initial global parameters
[92mINFO [0m:      Evaluation returned no results (`None`)
[92mINFO [0m:      
[92mINFO [0m:      [ROUND 1]
[92mINFO [0m:      configure_fit: strategy sampled 4 clients (out of 4)
[92mINFO [0m:      aggregate_fit: received 4 results and 0 failures
[92mINFO [0m:      configure_evaluate: no clients selected, skipping evaluation
[92mINFO [0m:      
[92mINFO [0m:      [ROUND 2]
[92mINFO [0m:      configure_fit: strategy sampled 4 clients (out of 4)
[92mINFO [0m:      aggregate_fit: received 4 results and 0 failures
[92mINFO [0m:      configure_evaluate: no clients selected, skipping evaluation
[92mINFO [0m:      
[92mINFO [0m:      [ROUND 3]
[92mINFO [0m:      configure_fit: strategy sampled 4 clients (out of 4)
[92mINFO [0m:      aggregate_fit: received 4 results and 0 failures
[92mINFO [0m:      configure_evaluate: no clients selected, skipping evaluation
[92mINFO [0m:      
[92mINFO [0m:      [SUMMARY]
[92mINFO [0m:      Run finished 3 round(s) in 176.37s
[92mINFO [0m:      	History (metrics, distributed, fit):
[92mINFO [0m:      	{'accuracy': [(1, 0.49853333333333333), (2, 0.52825), (3, 0.5355666666666666)],
[92mINFO [0m:      	 'loss': [(1, 1.3329450615794896),
[92mINFO [0m:      	          (2, 1.2470774438804582),
[92mINFO [0m:      	          (3, 1.2155823687659644)]}
[92mINFO [0m:      

======================================================================
 FLOWER FEDERATED LEARNING SERVER — BASELINE (sem blockchain/IPFS)
======================================================================
 ROUNDS=3  MIN_CLIENTS=4  PORT=0.0.0.0:8081

======================================================================
 [BASELINE] ROUND 1/3
======================================================================
 [BASELINE] Round 1: train≈53.92s  agg=0.015s

======================================================================
 [BASELINE] ROUND 2/3
======================================================================
 [BASELINE] Round 2: train≈59.11s  agg=0.015s

======================================================================
 [BASELINE] ROUND 3/3
======================================================================
 [BASELINE] Round 3: train≈60.10s  agg=0.020s

 Métricas baseline salvas em: results/security_test2/pct50/rep1/baseline_metrics.json

======================================================================
 RESUMO BASELINE
======================================================================
  Round  1: accuracy=0.4985  train_time=53.92s
  Round  2: accuracy=0.5282  train_time=59.11s
  Round  3: accuracy=0.5356  train_time=60.10s

 Tempo total do experimento: 180.53s
 Acurácia final: 0.5356
