[93mWARNING [0m:   DEPRECATED FEATURE: flwr.client.start_client() is deprecated.
	Instead, use the `flower-supernode` CLI command to start a SuperNode as shown below:

		$ flower-supernode --insecure --superlink='<IP>:<PORT>'

	To view all available options, run:

		$ flower-supernode --help

	Using `start_client()` is deprecated.

            This is a deprecated feature. It will be removed
            entirely in future versions of Flower.
        
[92mINFO [0m:      
[92mINFO [0m:      Received: train message f004f60e-3085-4b31-a410-60dadfb8f45b
[92mINFO [0m:      Sent reply
[92mINFO [0m:      
[92mINFO [0m:      Received: train message 7cbf0bf9-dac7-43d0-b3e8-f2bbaf744eb1
[92mINFO [0m:      Sent reply
[92mINFO [0m:      
[92mINFO [0m:      Received: train message 03b93082-4523-4e74-901f-2022ca9edb74
[92mINFO [0m:      Sent reply
[92mINFO [0m:      
[92mINFO [0m:      Received: reconnect message 6e73b71b-73df-4d68-a21b-4b00521f887c
[92mINFO [0m:      Disconnect and shut down

======================================================================
 BASELINE CLIENT 7/9 — conectando em 0.0.0.0:8081
======================================================================

[Cliente 7] Modelo=mnistnet  Dataset=mnist
[Dataset] Node 7: índices 42000-48000 (6000 amostras)
[Cliente 7] Treino: 6000 amostras
[Cliente 7] Teste:  10000 amostras
[BaselineClient 7] Rodada ?: treinando (fedprox(mu=0.1))...
[BaselineClient 7] Rodada ?: treinando (fedprox(mu=0.1))...
[BaselineClient 7] Rodada ?: treinando (fedprox(mu=0.1))...
