[93mWARNING [0m:   DEPRECATED FEATURE: flwr.client.start_client() is deprecated.
	Instead, use the `flower-supernode` CLI command to start a SuperNode as shown below:

		$ flower-supernode --insecure --superlink='<IP>:<PORT>'

	To view all available options, run:

		$ flower-supernode --help

	Using `start_client()` is deprecated.

            This is a deprecated feature. It will be removed
            entirely in future versions of Flower.
        
[92mINFO [0m:      
[92mINFO [0m:      Received: train message 363c0218-327e-4aee-9182-3ddaf02dced7
[92mINFO [0m:      Sent reply
[92mINFO [0m:      
[92mINFO [0m:      Received: train message 744e3c9e-be86-4e77-bb60-0a3d05980576
[92mINFO [0m:      Sent reply
[92mINFO [0m:      
[92mINFO [0m:      Received: train message 99c33830-0084-48b5-ade7-4de2833f7356
[92mINFO [0m:      Sent reply
[92mINFO [0m:      
[92mINFO [0m:      Received: reconnect message 8cd452e5-185c-48ca-b40a-45e85a8ed676
[92mINFO [0m:      Disconnect and shut down

======================================================================
 BASELINE CLIENT 6/9 — conectando em 0.0.0.0:8081
======================================================================

[Cliente 6] Modelo=mnistnet  Dataset=mnist
[Dataset] Node 6: índices 36000-42000 (6000 amostras)
[Cliente 6] Treino: 6000 amostras
[Cliente 6] Teste:  10000 amostras
[BaselineClient 6] Rodada ?: treinando (fedprox(mu=0.1))...
[BaselineClient 6] Rodada ?: treinando (fedprox(mu=0.1))...
[BaselineClient 6] Rodada ?: treinando (fedprox(mu=0.1))...
