[93mWARNING [0m:   DEPRECATED FEATURE: flwr.client.start_client() is deprecated.
	Instead, use the `flower-supernode` CLI command to start a SuperNode as shown below:

		$ flower-supernode --insecure --superlink='<IP>:<PORT>'

	To view all available options, run:

		$ flower-supernode --help

	Using `start_client()` is deprecated.

            This is a deprecated feature. It will be removed
            entirely in future versions of Flower.
        
[92mINFO [0m:      
[92mINFO [0m:      Received: train message 5e291086-a2b8-43d2-af95-76a009f7331d
[92mINFO [0m:      Sent reply
[92mINFO [0m:      
[92mINFO [0m:      Received: train message 15479d6f-71d2-4fd6-be52-f47cc9a7e825
[92mINFO [0m:      Sent reply
[92mINFO [0m:      
[92mINFO [0m:      Received: train message e72f009d-2c46-4cad-9a3d-a057c2641ce5
[92mINFO [0m:      Sent reply
[92mINFO [0m:      
[92mINFO [0m:      Received: reconnect message d4e33b99-f73c-4adc-aea0-901425794db7
[92mINFO [0m:      Disconnect and shut down

======================================================================
 BASELINE CLIENT 5/9 — conectando em 0.0.0.0:8081
======================================================================

[Cliente 5] Modelo=mnistnet  Dataset=mnist
[Dataset] Node 5: índices 30000-36000 (6000 amostras)
[Cliente 5] Treino: 6000 amostras
[Cliente 5] Teste:  10000 amostras
[BaselineClient 5] Rodada ?: treinando (fedprox(mu=0.1))...
[BaselineClient 5] Rodada ?: treinando (fedprox(mu=0.1))...
[BaselineClient 5] Rodada ?: treinando (fedprox(mu=0.1))...
