[93mWARNING [0m:   DEPRECATED FEATURE: flwr.client.start_client() is deprecated.
	Instead, use the `flower-supernode` CLI command to start a SuperNode as shown below:

		$ flower-supernode --insecure --superlink='<IP>:<PORT>'

	To view all available options, run:

		$ flower-supernode --help

	Using `start_client()` is deprecated.

            This is a deprecated feature. It will be removed
            entirely in future versions of Flower.
        
[92mINFO [0m:      
[92mINFO [0m:      Received: train message 95885179-d570-43a1-9b17-8f284a6c9766
[92mINFO [0m:      Sent reply
[92mINFO [0m:      
[92mINFO [0m:      Received: train message b96dec14-b11a-4f5e-aafa-27023fcc0d86
[92mINFO [0m:      Sent reply
[92mINFO [0m:      
[92mINFO [0m:      Received: train message f9de5625-74fa-4152-8fea-4253b54acd2d
[92mINFO [0m:      Sent reply
[92mINFO [0m:      
[92mINFO [0m:      Received: reconnect message 4635bab9-0980-415a-890f-debd0e9cd8db
[92mINFO [0m:      Disconnect and shut down

======================================================================
 BASELINE CLIENT 2/9 — conectando em 0.0.0.0:8081
======================================================================

[Cliente 2] Modelo=mnistnet  Dataset=mnist
[Dataset] Node 2: índices 12000-18000 (6000 amostras)
[Cliente 2] Treino: 6000 amostras
[Cliente 2] Teste:  10000 amostras
[BaselineClient 2] Rodada ?: treinando (fedprox(mu=0.1))...
[BaselineClient 2] Rodada ?: treinando (fedprox(mu=0.1))...
[BaselineClient 2] Rodada ?: treinando (fedprox(mu=0.1))...
