[93mWARNING [0m:   DEPRECATED FEATURE: flwr.client.start_client() is deprecated.
	Instead, use the `flower-supernode` CLI command to start a SuperNode as shown below:

		$ flower-supernode --insecure --superlink='<IP>:<PORT>'

	To view all available options, run:

		$ flower-supernode --help

	Using `start_client()` is deprecated.

            This is a deprecated feature. It will be removed
            entirely in future versions of Flower.
        
[92mINFO [0m:      
[92mINFO [0m:      Received: train message cd53b085-4b47-4d01-a8f3-5595b26a533b
[92mINFO [0m:      Sent reply
[92mINFO [0m:      
[92mINFO [0m:      Received: train message 0f68b9f4-a455-47c8-9cb6-d9efdd16b22f
[92mINFO [0m:      Sent reply
[92mINFO [0m:      
[92mINFO [0m:      Received: train message a7578c17-01c9-4b57-8161-edaac8632c78
[92mINFO [0m:      Sent reply
[92mINFO [0m:      
[92mINFO [0m:      Received: reconnect message 2237900e-d504-42bb-8a7c-695dc531fb14
[92mINFO [0m:      Disconnect and shut down

======================================================================
 BASELINE CLIENT 1/9 — conectando em 0.0.0.0:8081
======================================================================

[Cliente 1] Modelo=mnistnet  Dataset=mnist
[Dataset] Node 1: índices 6000-12000 (6000 amostras)
[Cliente 1] Treino: 6000 amostras
[Cliente 1] Teste:  10000 amostras
[BaselineClient 1] Rodada ?: treinando (fedprox(mu=0.1))...
[BaselineClient 1] Rodada ?: treinando (fedprox(mu=0.1))...
[BaselineClient 1] Rodada ?: treinando (fedprox(mu=0.1))...
