[93mWARNING [0m:   DEPRECATED FEATURE: flwr.client.start_client() is deprecated.
	Instead, use the `flower-supernode` CLI command to start a SuperNode as shown below:

		$ flower-supernode --insecure --superlink='<IP>:<PORT>'

	To view all available options, run:

		$ flower-supernode --help

	Using `start_client()` is deprecated.

            This is a deprecated feature. It will be removed
            entirely in future versions of Flower.
        
[92mINFO [0m:      
[92mINFO [0m:      Received: train message b78ea092-6352-493a-bb8a-d339bb670365
[92mINFO [0m:      Sent reply
[92mINFO [0m:      
[92mINFO [0m:      Received: train message d8931395-2ba3-4c6f-b757-925e36110f01
[92mINFO [0m:      Sent reply
[92mINFO [0m:      
[92mINFO [0m:      Received: train message 199beaa5-7a10-4bd7-bf80-a3d62356362a
[92mINFO [0m:      Sent reply
[92mINFO [0m:      
[92mINFO [0m:      Received: reconnect message 00e4a47c-afb5-45ad-85c7-248f51dbc55e
[92mINFO [0m:      Disconnect and shut down

======================================================================
 BASELINE CLIENT 2/3 — conectando em 0.0.0.0:8081
======================================================================

[Cliente 2] Modelo=mnistnet  Dataset=mnist
[Dataset] Node 2: índices 30000-45000 (15000 amostras)
[Cliente 2] Treino: 15000 amostras
[Cliente 2] Teste:  10000 amostras
[BaselineClient 2] Rodada ?: treinando (fedavg)...
[BaselineClient 2] Rodada ?: treinando (fedavg)...
[BaselineClient 2] Rodada ?: treinando (fedavg)...
