[93mWARNING [0m:   DEPRECATED FEATURE: flwr.client.start_client() is deprecated.
	Instead, use the `flower-supernode` CLI command to start a SuperNode as shown below:

		$ flower-supernode --insecure --superlink='<IP>:<PORT>'

	To view all available options, run:

		$ flower-supernode --help

	Using `start_client()` is deprecated.

            This is a deprecated feature. It will be removed
            entirely in future versions of Flower.
        
[92mINFO [0m:      
[92mINFO [0m:      Received: train message 6d502280-758c-427a-843c-ef99d53f452f
[92mINFO [0m:      Sent reply
[92mINFO [0m:      
[92mINFO [0m:      Received: train message 9c8dccac-fa90-485c-9930-375cb303e0a3
[92mINFO [0m:      Sent reply
[92mINFO [0m:      
[92mINFO [0m:      Received: train message cd9ed9e7-8aab-4974-828e-11e35d901a0b
[92mINFO [0m:      Sent reply
[92mINFO [0m:      
[92mINFO [0m:      Received: reconnect message 6d60f048-e105-43cc-bb12-ce949e3c8471
[92mINFO [0m:      Disconnect and shut down

======================================================================
 BASELINE CLIENT 2/3 — conectando em 0.0.0.0:8081
======================================================================

[Cliente 2] Modelo=mnistnet  Dataset=mnist
[Dataset] Node 2: índices 30000-45000 (15000 amostras)
[Cliente 2] Treino: 15000 amostras
[Cliente 2] Teste:  10000 amostras
[BaselineClient 2] Rodada ?: treinando (fedprox(mu=0.1))...
[BaselineClient 2] Rodada ?: treinando (fedprox(mu=0.1))...
[BaselineClient 2] Rodada ?: treinando (fedprox(mu=0.1))...
