/opt/miniconda3/lib/python3.10/site-packages/eth_keyfile/__init__.py:3: DeprecationWarning: pkg_resources is deprecated as an API. See https://setuptools.pypa.io/en/latest/pkg_resources.html
  import pkg_resources
/opt/miniconda3/lib/python3.10/site-packages/web3/providers/websocket/websocket.py:21: DeprecationWarning: websockets.client.connect is deprecated
  from websockets.client import (
/opt/miniconda3/lib/python3.10/site-packages/websockets/legacy/__init__.py:6: DeprecationWarning: websockets.legacy is deprecated; see https://websockets.readthedocs.io/en/stable/howto/upgrade.html for upgrade instructions
  warnings.warn(  # deprecated in 14.0 - 2024-11-09
/opt/miniconda3/lib/python3.10/site-packages/web3/providers/websocket/websocket_v2.py:18: DeprecationWarning: websockets.client.connect is deprecated
  from websockets.client import (
/opt/miniconda3/lib/python3.10/site-packages/web3/providers/persistent.py:10: DeprecationWarning: websockets.WebSocketClientProtocol is deprecated
  from websockets import (
[93mWARNING [0m:   DEPRECATED FEATURE: flwr.server.start_server() is deprecated.
	Instead, use the `flower-superlink` CLI command to start a SuperLink as shown below:

		$ flower-superlink --insecure

	To view usage and all available options, run:

		$ flower-superlink --help

	Using `start_server()` is deprecated.

            This is a deprecated feature. It will be removed
            entirely in future versions of Flower.
        
[92mINFO [0m:      Starting Flower server, config: num_rounds=3, no round_timeout
[92mINFO [0m:      Flower ECE: gRPC server running (3 rounds), SSL is disabled
[92mINFO [0m:      [INIT]
[92mINFO [0m:      Requesting initial parameters from one random client
[92mINFO [0m:      Received initial parameters from one random client
[92mINFO [0m:      Starting evaluation of initial global parameters
[92mINFO [0m:      Evaluation returned no results (`None`)
[92mINFO [0m:      
[92mINFO [0m:      [ROUND 1]
[92mINFO [0m:      configure_fit: strategy sampled 4 clients (out of 4)
[92mINFO [0m:      aggregate_fit: received 4 results and 0 failures
[92mINFO [0m:      configure_evaluate: no clients selected, skipping evaluation
[92mINFO [0m:      
[92mINFO [0m:      [ROUND 2]
[92mINFO [0m:      configure_fit: strategy sampled 4 clients (out of 4)
[92mINFO [0m:      aggregate_fit: received 4 results and 0 failures
[92mINFO [0m:      configure_evaluate: no clients selected, skipping evaluation
[92mINFO [0m:      
[92mINFO [0m:      [ROUND 3]
[92mINFO [0m:      configure_fit: strategy sampled 4 clients (out of 4)
[92mINFO [0m:      aggregate_fit: received 4 results and 0 failures
[92mINFO [0m:      configure_evaluate: no clients selected, skipping evaluation
[92mINFO [0m:      
[92mINFO [0m:      [SUMMARY]
[92mINFO [0m:      Run finished 3 round(s) in 199.98s
[92mINFO [0m:      	History (metrics, distributed, fit):
[92mINFO [0m:      	{'accuracy': [(1, 0.8936), (2, 0.94685), (3, 0.9593166666666667)],
[92mINFO [0m:      	 'loss': [(1, 0.3401191754098823),
[92mINFO [0m:      	          (2, 0.1793512545892401),
[92mINFO [0m:      	          (3, 0.13478732514500455)]}
[92mINFO [0m:      

======================================================================
 FLOWER FEDERATED LEARNING SERVER — BASELINE (sem blockchain/IPFS)
======================================================================
 ROUNDS=3  MIN_CLIENTS=4  PORT=0.0.0.0:8081

======================================================================
 [BASELINE] ROUND 1/3
======================================================================
 [BASELINE] Round 1 concluído em 0.02s

======================================================================
 [BASELINE] ROUND 2/3
======================================================================
 [BASELINE] Round 2 concluído em 0.02s

======================================================================
 [BASELINE] ROUND 3/3
======================================================================
 [BASELINE] Round 3 concluído em 0.02s

 Métricas baseline salvas em: results/security_test/pct50/baseline_metrics.json

======================================================================
 RESUMO BASELINE
======================================================================
  Round  1: accuracy=0.8936  agg_time=0.02s
  Round  2: accuracy=0.9468  agg_time=0.02s
  Round  3: accuracy=0.9593  agg_time=0.02s

 Tempo total do experimento: 204.81s
 Acurácia final: 0.9593
