[93mWARNING [0m:   DEPRECATED FEATURE: flwr.client.start_client() is deprecated.
	Instead, use the `flower-supernode` CLI command to start a SuperNode as shown below:

		$ flower-supernode --insecure --superlink='<IP>:<PORT>'

	To view all available options, run:

		$ flower-supernode --help

	Using `start_client()` is deprecated.

            This is a deprecated feature. It will be removed
            entirely in future versions of Flower.
        
[92mINFO [0m:      
[92mINFO [0m:      Received: get_parameters message 2233dc9d-5816-4f00-8dea-a39e6385320b
[92mINFO [0m:      Sent reply
[92mINFO [0m:      
[92mINFO [0m:      Received: train message ff359a59-fe8d-4469-85b7-6a5b9f5c1165
[92mINFO [0m:      Sent reply
[92mINFO [0m:      
[92mINFO [0m:      Received: train message dece205d-a601-494a-b174-38bef5c6186b
[92mINFO [0m:      Sent reply
[92mINFO [0m:      
[92mINFO [0m:      Received: train message 4451ead6-ddf9-443a-844a-d43a23037bbe
[92mINFO [0m:      Sent reply
[92mINFO [0m:      
[92mINFO [0m:      Received: reconnect message 863430f8-a0de-4fbd-b548-5f8105933415
[92mINFO [0m:      Disconnect and shut down

======================================================================
 BASELINE CLIENT 0/1 — conectando em 0.0.0.0:8081
======================================================================

[Cliente 0] Modelo=mnistnet  Dataset=mnist
[Dataset] Node 0: índices 0-30000 (30000 amostras)
[Cliente 0] Treino: 30000 amostras
[Cliente 0] Teste:  10000 amostras
[BaselineClient 0] Rodada ?: treinando (fedavg)...
[BaselineClient 0] Rodada ?: treinando (fedavg)...
[BaselineClient 0] Rodada ?: treinando (fedavg)...
