[93mWARNING [0m:   DEPRECATED FEATURE: flwr.client.start_client() is deprecated.
	Instead, use the `flower-supernode` CLI command to start a SuperNode as shown below:

		$ flower-supernode --insecure --superlink='<IP>:<PORT>'

	To view all available options, run:

		$ flower-supernode --help

	Using `start_client()` is deprecated.

            This is a deprecated feature. It will be removed
            entirely in future versions of Flower.
        
[92mINFO [0m:      
[92mINFO [0m:      Received: train message e592d69f-124a-4cba-a1d6-7c6ff914e85d
[92mINFO [0m:      Sent reply
[92mINFO [0m:      
[92mINFO [0m:      Received: train message 417ff088-2417-4c07-a658-1570d204b6cd
[92mINFO [0m:      Sent reply
[92mINFO [0m:      
[92mINFO [0m:      Received: train message b434f5d6-a0e6-4613-844b-c47f5e3fe75b
[92mINFO [0m:      Sent reply
[92mINFO [0m:      
[92mINFO [0m:      Received: reconnect message 29ea0f84-a0b4-4e1b-82a9-353e678a6803
[92mINFO [0m:      Disconnect and shut down

======================================================================
 BASELINE CLIENT 1/1 — conectando em 0.0.0.0:8081
======================================================================

[Cliente 1] Modelo=mnistnet  Dataset=mnist
[Dataset] Node 1: índices 30000-60000 (30000 amostras)
[Cliente 1] Treino: 30000 amostras
[Cliente 1] Teste:  10000 amostras
[BaselineClient 1] Rodada ?: treinando (fedavg)...
[BaselineClient 1] Rodada ?: treinando (fedavg)...
[BaselineClient 1] Rodada ?: treinando (fedavg)...
