[93mWARNING [0m:   DEPRECATED FEATURE: flwr.client.start_client() is deprecated.
	Instead, use the `flower-supernode` CLI command to start a SuperNode as shown below:

		$ flower-supernode --insecure --superlink='<IP>:<PORT>'

	To view all available options, run:

		$ flower-supernode --help

	Using `start_client()` is deprecated.

            This is a deprecated feature. It will be removed
            entirely in future versions of Flower.
        
[92mINFO [0m:      
[92mINFO [0m:      Received: train message 8a2137a9-3420-4182-b339-1c76fde90549
[92mINFO [0m:      Sent reply
[92mINFO [0m:      
[92mINFO [0m:      Received: train message 118c63e3-003b-4707-9a37-c6cf5dea4097
[92mINFO [0m:      Sent reply
[92mINFO [0m:      
[92mINFO [0m:      Received: train message 672bbf12-4a3c-4a3c-b0a6-57461d3d14ba
[92mINFO [0m:      Sent reply
[92mINFO [0m:      
[92mINFO [0m:      Received: reconnect message d8e6c4b3-dbd6-4acd-9bf1-28c4d83e6967
[92mINFO [0m:      Disconnect and shut down

======================================================================
 BASELINE CLIENT 6/9 — conectando em 0.0.0.0:8081
======================================================================

[Cliente 6] Modelo=mnistnet  Dataset=mnist
[Dataset] Node 6: índices 36000-42000 (6000 amostras)
[Cliente 6] Treino: 6000 amostras
[Cliente 6] Teste:  10000 amostras
[BaselineClient 6] Rodada ?: treinando (fedavg)...
[BaselineClient 6] Rodada ?: treinando (fedavg)...
[BaselineClient 6] Rodada ?: treinando (fedavg)...
