[93mWARNING [0m:   DEPRECATED FEATURE: flwr.client.start_client() is deprecated.
	Instead, use the `flower-supernode` CLI command to start a SuperNode as shown below:

		$ flower-supernode --insecure --superlink='<IP>:<PORT>'

	To view all available options, run:

		$ flower-supernode --help

	Using `start_client()` is deprecated.

            This is a deprecated feature. It will be removed
            entirely in future versions of Flower.
        
[92mINFO [0m:      
[92mINFO [0m:      Received: train message f696680a-00d7-4b52-b4af-17e3ab9c3b42
[92mINFO [0m:      Sent reply
[92mINFO [0m:      
[92mINFO [0m:      Received: train message d5a2fb87-9ba5-400e-bb35-467b93b194bd
[92mINFO [0m:      Sent reply
[92mINFO [0m:      
[92mINFO [0m:      Received: train message 8bb39e26-24d3-46bd-858a-9653d182d38c
[92mINFO [0m:      Sent reply
[92mINFO [0m:      
[92mINFO [0m:      Received: reconnect message b756e12e-56b0-42ac-b8a0-4ab301734417
[92mINFO [0m:      Disconnect and shut down

======================================================================
 BASELINE CLIENT 1/9 — conectando em 0.0.0.0:8081
======================================================================

[Cliente 1] Modelo=mnistnet  Dataset=mnist
[Dataset] Node 1: índices 6000-12000 (6000 amostras)
[Cliente 1] Treino: 6000 amostras
[Cliente 1] Teste:  10000 amostras
[BaselineClient 1] Rodada ?: treinando (fedavg)...
[BaselineClient 1] Rodada ?: treinando (fedavg)...
[BaselineClient 1] Rodada ?: treinando (fedavg)...
