[93mWARNING [0m:   DEPRECATED FEATURE: flwr.client.start_client() is deprecated.
	Instead, use the `flower-supernode` CLI command to start a SuperNode as shown below:

		$ flower-supernode --insecure --superlink='<IP>:<PORT>'

	To view all available options, run:

		$ flower-supernode --help

	Using `start_client()` is deprecated.

            This is a deprecated feature. It will be removed
            entirely in future versions of Flower.
        
[92mINFO [0m:      
[92mINFO [0m:      Received: train message ced3eec6-fcbc-4740-b79f-fe830337a764
[92mINFO [0m:      Sent reply
[92mINFO [0m:      
[92mINFO [0m:      Received: train message 3db10985-97c5-40d6-8db5-2ed26d6b17aa
[92mINFO [0m:      Sent reply
[92mINFO [0m:      
[92mINFO [0m:      Received: train message ceaca68e-fb5d-4375-944c-fce98f0e0bff
[92mINFO [0m:      Sent reply
[92mINFO [0m:      
[92mINFO [0m:      Received: reconnect message f7047e24-d38b-45dd-936e-06bee4029ec1
[92mINFO [0m:      Disconnect and shut down

======================================================================
 BASELINE CLIENT 7/9 — conectando em 0.0.0.0:8081
======================================================================

[Cliente 7] Modelo=mnistnet  Dataset=mnist
[Dataset] Node 7: índices 42000-48000 (6000 amostras)
[Cliente 7] Treino: 6000 amostras
[Cliente 7] Teste:  10000 amostras
[BaselineClient 7] Rodada ?: treinando (fedavg)...
[BaselineClient 7] Rodada ?: treinando (fedavg)...
[BaselineClient 7] Rodada ?: treinando (fedavg)...
