[93mWARNING [0m:   DEPRECATED FEATURE: flwr.client.start_client() is deprecated.
	Instead, use the `flower-supernode` CLI command to start a SuperNode as shown below:

		$ flower-supernode --insecure --superlink='<IP>:<PORT>'

	To view all available options, run:

		$ flower-supernode --help

	Using `start_client()` is deprecated.

            This is a deprecated feature. It will be removed
            entirely in future versions of Flower.
        
[92mINFO [0m:      
[92mINFO [0m:      Received: train message 0b5c1888-e2af-497f-a555-9c80b4571947
[92mINFO [0m:      Sent reply
[92mINFO [0m:      
[92mINFO [0m:      Received: train message 5842e40b-00a7-4389-80e5-380998b7f28a
[92mINFO [0m:      Sent reply
[92mINFO [0m:      
[92mINFO [0m:      Received: train message 466727e6-0a68-4434-b801-eba0ba57d87c
[92mINFO [0m:      Sent reply
[92mINFO [0m:      
[92mINFO [0m:      Received: reconnect message 554f40a8-6f9e-4b28-816c-e4e78cf6086a
[92mINFO [0m:      Disconnect and shut down

======================================================================
 BASELINE CLIENT 8/9 — conectando em 0.0.0.0:8081
======================================================================

[Cliente 8] Modelo=mnistnet  Dataset=mnist
[Dataset] Node 8: índices 48000-54000 (6000 amostras)
[Cliente 8] Treino: 6000 amostras
[Cliente 8] Teste:  10000 amostras
[BaselineClient 8] Rodada ?: treinando (fedavg)...
[BaselineClient 8] Rodada ?: treinando (fedavg)...
[BaselineClient 8] Rodada ?: treinando (fedavg)...
