[93mWARNING [0m:   DEPRECATED FEATURE: flwr.client.start_client() is deprecated.
	Instead, use the `flower-supernode` CLI command to start a SuperNode as shown below:

		$ flower-supernode --insecure --superlink='<IP>:<PORT>'

	To view all available options, run:

		$ flower-supernode --help

	Using `start_client()` is deprecated.

            This is a deprecated feature. It will be removed
            entirely in future versions of Flower.
        
[92mINFO [0m:      
[92mINFO [0m:      Received: train message bd08de38-0919-4e3a-913d-ec34dcdbaebe
[92mINFO [0m:      Sent reply
[92mINFO [0m:      
[92mINFO [0m:      Received: train message 9ad0ea5e-3d4d-4c2d-86f0-b2f89f889bd4
[92mINFO [0m:      Sent reply
[92mINFO [0m:      
[92mINFO [0m:      Received: train message 794860e0-3ee1-4c98-9f20-1e33d53b7ec0
[92mINFO [0m:      Sent reply
[92mINFO [0m:      
[92mINFO [0m:      Received: reconnect message ef10a333-310d-4748-a379-6665fdc49f2c
[92mINFO [0m:      Disconnect and shut down

======================================================================
 BASELINE CLIENT 9/9 — conectando em 0.0.0.0:8081
======================================================================

[Cliente 9] Modelo=mnistnet  Dataset=mnist
[Dataset] Node 9: índices 54000-60000 (6000 amostras)
[Cliente 9] Treino: 6000 amostras
[Cliente 9] Teste:  10000 amostras
[BaselineClient 9] Rodada ?: treinando (fedavg)...
[BaselineClient 9] Rodada ?: treinando (fedavg)...
[BaselineClient 9] Rodada ?: treinando (fedavg)...
