[93mWARNING [0m:   DEPRECATED FEATURE: flwr.client.start_client() is deprecated.
	Instead, use the `flower-supernode` CLI command to start a SuperNode as shown below:

		$ flower-supernode --insecure --superlink='<IP>:<PORT>'

	To view all available options, run:

		$ flower-supernode --help

	Using `start_client()` is deprecated.

            This is a deprecated feature. It will be removed
            entirely in future versions of Flower.
        
[92mINFO [0m:      
[92mINFO [0m:      Received: train message b9f925a1-9472-4652-980d-0be1a39df715
[92mINFO [0m:      Sent reply
[92mINFO [0m:      
[92mINFO [0m:      Received: train message 06abca78-f9f8-4316-b9f0-b49ef2145e36
[92mINFO [0m:      Sent reply
[92mINFO [0m:      
[92mINFO [0m:      Received: train message 42212029-11ee-439f-8f99-9b7f5979995f
[92mINFO [0m:      Sent reply
[92mINFO [0m:      
[92mINFO [0m:      Received: reconnect message f75a1498-52be-4d7a-9d4a-6592607517ff
[92mINFO [0m:      Disconnect and shut down

======================================================================
 BASELINE CLIENT 4/9 — conectando em 0.0.0.0:8081
======================================================================

[Cliente 4] Modelo=mnistnet  Dataset=mnist
[Dataset] Node 4: índices 24000-30000 (6000 amostras)
[Cliente 4] Treino: 6000 amostras
[Cliente 4] Teste:  10000 amostras
[BaselineClient 4] Rodada ?: treinando (fedavg)...
[BaselineClient 4] Rodada ?: treinando (fedavg)...
[BaselineClient 4] Rodada ?: treinando (fedavg)...
