/opt/miniconda3/lib/python3.10/site-packages/eth_keyfile/__init__.py:3: DeprecationWarning: pkg_resources is deprecated as an API. See https://setuptools.pypa.io/en/latest/pkg_resources.html
  import pkg_resources
/opt/miniconda3/lib/python3.10/site-packages/web3/providers/websocket/websocket.py:21: DeprecationWarning: websockets.client.connect is deprecated
  from websockets.client import (
/opt/miniconda3/lib/python3.10/site-packages/websockets/legacy/__init__.py:6: DeprecationWarning: websockets.legacy is deprecated; see https://websockets.readthedocs.io/en/stable/howto/upgrade.html for upgrade instructions
  warnings.warn(  # deprecated in 14.0 - 2024-11-09
/opt/miniconda3/lib/python3.10/site-packages/web3/providers/websocket/websocket_v2.py:18: DeprecationWarning: websockets.client.connect is deprecated
  from websockets.client import (
/opt/miniconda3/lib/python3.10/site-packages/web3/providers/persistent.py:10: DeprecationWarning: websockets.WebSocketClientProtocol is deprecated
  from websockets import (
[93mWARNING [0m:   DEPRECATED FEATURE: flwr.client.start_client() is deprecated.
	Instead, use the `flower-supernode` CLI command to start a SuperNode as shown below:

		$ flower-supernode --insecure --superlink='<IP>:<PORT>'

	To view all available options, run:

		$ flower-supernode --help

	Using `start_client()` is deprecated.

            This is a deprecated feature. It will be removed
            entirely in future versions of Flower.
        
[92mINFO [0m:      
[92mINFO [0m:      Received: get_parameters message 9cb66deb-93f1-4529-a0b1-3ca37f266e71
[92mINFO [0m:      Sent reply
[92mINFO [0m:      
[92mINFO [0m:      Received: train message 09c5b8d8-2e2e-47b2-97cd-ba7cc4666c8a
[92mINFO [0m:      Sent reply
[92mINFO [0m:      
[92mINFO [0m:      Received: train message 7020beb2-1ab7-4956-acdb-50cdafcf20ed
[92mINFO [0m:      Sent reply
[92mINFO [0m:      
[92mINFO [0m:      Received: train message a38407d6-208c-46a0-a8f1-b7656f0abcac
[92mINFO [0m:      Sent reply
[92mINFO [0m:      
[92mINFO [0m:      Received: reconnect message caad3a1b-3f00-4a92-b642-94012760aa25
[92mINFO [0m:      Disconnect and shut down

======================================================================
 BASELINE CLIENT 0/3 — conectando em 0.0.0.0:8081
======================================================================

[Cliente 0] Modelo=mnistnet  Dataset=mnist
[Dataset] Node 0: índices 0-15000 (15000 amostras)
[Cliente 0] Treino: 15000 amostras
[Cliente 0] Teste:  10000 amostras
[BaselineClient 0] Rodada ?: treinando...
[BaselineClient 0] Rodada ?: treinando...
[BaselineClient 0] Rodada ?: treinando...
