[93mWARNING [0m:   DEPRECATED FEATURE: flwr.client.start_client() is deprecated.
	Instead, use the `flower-supernode` CLI command to start a SuperNode as shown below:

		$ flower-supernode --insecure --superlink='<IP>:<PORT>'

	To view all available options, run:

		$ flower-supernode --help

	Using `start_client()` is deprecated.

            This is a deprecated feature. It will be removed
            entirely in future versions of Flower.
        
[92mINFO [0m:      
[92mINFO [0m:      Received: get_parameters message afb99697-13d7-4a80-bf30-031692cde86b
[92mINFO [0m:      Sent reply
[92mINFO [0m:      
[92mINFO [0m:      Received: train message e9d2d18f-e3a3-4fcb-83a1-4f908b725a10
[92mINFO [0m:      Sent reply
[92mINFO [0m:      
[92mINFO [0m:      Received: train message 8faede1f-e90b-4a13-a178-5c2d4919c176
[92mINFO [0m:      Sent reply
[92mINFO [0m:      
[92mINFO [0m:      Received: train message c96ded84-3529-4b52-9676-5c3a58f2b1b3
[92mINFO [0m:      Sent reply
[92mINFO [0m:      
[92mINFO [0m:      Received: reconnect message bd420790-d360-4062-abeb-3cf505b09288
[92mINFO [0m:      Disconnect and shut down

======================================================================
 BASELINE CLIENT 0/3 — conectando em 0.0.0.0:8081
======================================================================

[Cliente 0] Modelo=mnistnet  Dataset=mnist
[Dataset] Node 0: índices 0-15000 (15000 amostras)
[Cliente 0] Treino: 15000 amostras
[Cliente 0] Teste:  10000 amostras
[BaselineClient 0] Rodada ?: treinando (fedprox(mu=0.1))...
[BaselineClient 0] Rodada ?: treinando (fedprox(mu=0.1))...
[BaselineClient 0] Rodada ?: treinando (fedprox(mu=0.1))...
