[93mWARNING [0m:   DEPRECATED FEATURE: flwr.client.start_client() is deprecated.
	Instead, use the `flower-supernode` CLI command to start a SuperNode as shown below:

		$ flower-supernode --insecure --superlink='<IP>:<PORT>'

	To view all available options, run:

		$ flower-supernode --help

	Using `start_client()` is deprecated.

            This is a deprecated feature. It will be removed
            entirely in future versions of Flower.
        
[92mINFO [0m:      
[92mINFO [0m:      Received: train message a3557172-75a3-4f37-b227-45b72b3ed708
[92mINFO [0m:      Sent reply
[92mINFO [0m:      
[92mINFO [0m:      Received: train message d89e2fa0-33ac-48f0-bcc7-4df44e1bfdee
[92mINFO [0m:      Sent reply
[92mINFO [0m:      
[92mINFO [0m:      Received: train message de075622-e7d9-4700-a520-c363aba38398
[92mINFO [0m:      Sent reply
[92mINFO [0m:      
[92mINFO [0m:      Received: reconnect message 161b812d-6477-4c76-a2cf-f36a4311d4e4
[92mINFO [0m:      Disconnect and shut down

======================================================================
 BASELINE CLIENT 2/3 — conectando em 0.0.0.0:8081
======================================================================

[Cliente 2] Modelo=mnistnet  Dataset=mnist
[Dataset] Node 2: índices 30000-45000 (15000 amostras)
[Cliente 2] Treino: 15000 amostras
[Cliente 2] Teste:  10000 amostras
[BaselineClient 2] Rodada ?: treinando (fedprox(mu=0.1))...
[BaselineClient 2] Rodada ?: treinando (fedprox(mu=0.1))...
[BaselineClient 2] Rodada ?: treinando (fedprox(mu=0.1))...
