[93mWARNING [0m:   DEPRECATED FEATURE: flwr.client.start_client() is deprecated.
	Instead, use the `flower-supernode` CLI command to start a SuperNode as shown below:

		$ flower-supernode --insecure --superlink='<IP>:<PORT>'

	To view all available options, run:

		$ flower-supernode --help

	Using `start_client()` is deprecated.

            This is a deprecated feature. It will be removed
            entirely in future versions of Flower.
        
[92mINFO [0m:      
[92mINFO [0m:      Received: get_parameters message ab97db38-d61f-4789-a575-4e7e6ff8cf76
[92mINFO [0m:      Sent reply
[92mINFO [0m:      
[92mINFO [0m:      Received: train message 20869382-5383-4418-8f5e-5983f8f2a024
[92mINFO [0m:      Sent reply
[92mINFO [0m:      
[92mINFO [0m:      Received: train message d89b2e0c-3ba7-4e7d-8318-8e1f2c05239b
[92mINFO [0m:      Sent reply
[92mINFO [0m:      
[92mINFO [0m:      Received: train message 680295e3-1dab-452c-92fc-2040461b00d7
[92mINFO [0m:      Sent reply
[92mINFO [0m:      
[92mINFO [0m:      Received: reconnect message dbe9e4e6-7c3a-40b0-a362-77a5110ef2f9
[92mINFO [0m:      Disconnect and shut down

======================================================================
 BASELINE CLIENT 0/1 — conectando em 0.0.0.0:8081
======================================================================

[Cliente 0] Modelo=mnistnet  Dataset=mnist
[Dataset] Node 0: índices 0-30000 (30000 amostras)
[Cliente 0] Treino: 30000 amostras
[Cliente 0] Teste:  10000 amostras
[BaselineClient 0] Rodada ?: treinando (fedprox(mu=0.1))...
[BaselineClient 0] Rodada ?: treinando (fedprox(mu=0.1))...
[BaselineClient 0] Rodada ?: treinando (fedprox(mu=0.1))...
