
======================================================================
 SCALING  aggregators=['fedavg', 'fedprox']  N=[2, 4, 6, 8, 10]  rounds=3  reps=1  mu=0.1
======================================================================

======================================================================
 >> FEDAVG  N=2  rep=1  seed=1
======================================================================
   acc=0.9774  train_time=211.17s  wall=222.3s

======================================================================
 >> FEDAVG  N=4  rep=1  seed=1
======================================================================
   acc=0.9706  train_time=217.98s  wall=230.5s

======================================================================
 >> FEDAVG  N=6  rep=1  seed=1
======================================================================
   acc=0.9658  train_time=185.63s  wall=199.8s

======================================================================
 >> FEDAVG  N=8  rep=1  seed=1
======================================================================
   acc=0.9618  train_time=203.46s  wall=220.0s

======================================================================
 >> FEDAVG  N=10  rep=1  seed=1
======================================================================
   acc=0.9566  train_time=389.84s  wall=417.9s

======================================================================
 >> FEDPROX  N=2  rep=1  seed=1
======================================================================
   acc=0.9354  train_time=244.98s  wall=256.3s

======================================================================
 >> FEDPROX  N=4  rep=1  seed=1
======================================================================
   acc=0.9349  train_time=268.36s  wall=280.8s

======================================================================
 >> FEDPROX  N=6  rep=1  seed=1
======================================================================
   acc=0.9318  train_time=224.38s  wall=240.4s

======================================================================
 >> FEDPROX  N=8  rep=1  seed=1
======================================================================
   acc=0.9305  train_time=248.49s  wall=269.2s

======================================================================
 >> FEDPROX  N=10  rep=1  seed=1
======================================================================
   acc=0.9254  train_time=290.58s  wall=319.1s

======================================================================
 SUMMARY
======================================================================
 salvo em: results/scaling/scaling_summary.json

agg         N   mean_acc   std_acc  mean_time_s  std_time_s
-----------------------------------------------------------
fedavg      2     0.9774    0.0000       211.17        0.00
fedprox     2     0.9354    0.0000       244.98        0.00
fedavg      4     0.9706    0.0000       217.98        0.00
fedprox     4     0.9349    0.0000       268.36        0.00
fedavg      6     0.9658    0.0000       185.63        0.00
fedprox     6     0.9318    0.0000       224.38        0.00
fedavg      8     0.9618    0.0000       203.46        0.00
fedprox     8     0.9305    0.0000       248.49        0.00
fedavg     10     0.9566    0.0000       389.84        0.00
fedprox    10     0.9254    0.0000       290.58        0.00
 figura salva: results/scaling/scaling_accuracy.png
 figura salva: results/scaling/scaling_time.png
