
======================================================================
 SCALING  aggregators=['fedavg', 'fedprox']  N=[2, 4, 6, 8, 10]  rounds=3  reps=3  mu=0.1
======================================================================

======================================================================
 >> FEDAVG  N=2  rep=1  seed=1
======================================================================
   acc=0.9777  train_time=163.81s  wall=173.6s

======================================================================
 >> FEDAVG  N=2  rep=2  seed=2
======================================================================
   acc=0.9774  train_time=202.94s  wall=215.3s

======================================================================
 >> FEDAVG  N=2  rep=3  seed=3
======================================================================
   acc=0.9777  train_time=216.22s  wall=226.5s

======================================================================
 >> FEDAVG  N=4  rep=1  seed=1
======================================================================
   acc=0.9712  train_time=270.09s  wall=284.8s

======================================================================
 >> FEDAVG  N=4  rep=2  seed=2
======================================================================
   acc=0.9704  train_time=226.80s  wall=250.9s

======================================================================
 >> FEDAVG  N=4  rep=3  seed=3
======================================================================
   acc=0.9710  train_time=229.22s  wall=249.6s

======================================================================
 >> FEDAVG  N=6  rep=1  seed=1
======================================================================
   acc=0.9674  train_time=222.91s  wall=236.1s

======================================================================
 >> FEDAVG  N=6  rep=2  seed=2
======================================================================
   acc=0.9664  train_time=190.51s  wall=206.0s

======================================================================
 >> FEDAVG  N=6  rep=3  seed=3
======================================================================
   acc=0.9663  train_time=225.91s  wall=239.9s

======================================================================
 >> FEDAVG  N=8  rep=1  seed=1
======================================================================
   acc=0.9636  train_time=254.45s  wall=280.1s

======================================================================
 >> FEDAVG  N=8  rep=2  seed=2
======================================================================
   acc=0.9616  train_time=291.85s  wall=314.3s

======================================================================
 >> FEDAVG  N=8  rep=3  seed=3
======================================================================
   acc=0.9624  train_time=347.32s  wall=374.2s

======================================================================
 >> FEDAVG  N=10  rep=1  seed=1
======================================================================
   acc=0.9563  train_time=282.43s  wall=314.9s

======================================================================
 >> FEDAVG  N=10  rep=2  seed=2
======================================================================
   acc=0.9587  train_time=315.50s  wall=354.0s

======================================================================
 >> FEDAVG  N=10  rep=3  seed=3
======================================================================
   acc=0.9590  train_time=320.25s  wall=350.5s

======================================================================
 >> FEDPROX  N=2  rep=1  seed=1
======================================================================
   acc=0.9334  train_time=196.30s  wall=206.2s

======================================================================
 >> FEDPROX  N=2  rep=2  seed=2
======================================================================
   acc=0.9335  train_time=220.58s  wall=230.6s

======================================================================
 >> FEDPROX  N=2  rep=3  seed=3
======================================================================
   acc=0.9384  train_time=215.05s  wall=225.1s

======================================================================
 >> FEDPROX  N=4  rep=1  seed=1
======================================================================
   acc=0.9365  train_time=229.79s  wall=241.2s

======================================================================
 >> FEDPROX  N=4  rep=2  seed=2
======================================================================
   acc=0.9328  train_time=169.92s  wall=181.3s

======================================================================
 >> FEDPROX  N=4  rep=3  seed=3
======================================================================
   acc=0.9355  train_time=79.56s  wall=88.6s

======================================================================
 >> FEDPROX  N=6  rep=1  seed=1
======================================================================
   acc=0.9282  train_time=67.42s  wall=78.9s

======================================================================
 >> FEDPROX  N=6  rep=2  seed=2
======================================================================
   acc=0.9264  train_time=77.21s  wall=87.6s

======================================================================
 >> FEDPROX  N=6  rep=3  seed=3
======================================================================
   acc=0.9307  train_time=77.24s  wall=87.7s

======================================================================
 >> FEDPROX  N=8  rep=1  seed=1
======================================================================
   acc=0.9208  train_time=73.20s  wall=85.6s

======================================================================
 >> FEDPROX  N=8  rep=2  seed=2
======================================================================
   acc=0.9280  train_time=76.16s  wall=88.3s

======================================================================
 >> FEDPROX  N=8  rep=3  seed=3
======================================================================
   acc=0.9251  train_time=108.99s  wall=121.9s

======================================================================
 >> FEDPROX  N=10  rep=1  seed=1
======================================================================
   acc=0.9246  train_time=1048.89s  wall=1063.6s

======================================================================
 >> FEDPROX  N=10  rep=2  seed=2
======================================================================
   acc=0.9230  train_time=73.55s  wall=87.6s

======================================================================
 >> FEDPROX  N=10  rep=3  seed=3
======================================================================
   acc=0.9264  train_time=74.95s  wall=89.5s

======================================================================
 SUMMARY
======================================================================
 salvo em: results/scaling_mnist_rep3/scaling_summary.json

agg         N   mean_acc   std_acc  mean_time_s  std_time_s
-----------------------------------------------------------
fedavg      2     0.9776    0.0002       194.33       27.25
fedprox     2     0.9351    0.0029       210.64       12.73
fedavg      4     0.9709    0.0004       242.03       24.33
fedprox     4     0.9349    0.0019       159.75       75.63
fedavg      6     0.9667    0.0006       213.11       19.63
fedprox     6     0.9285    0.0022        73.96        5.66
fedavg      8     0.9625    0.0010       297.87       46.73
fedprox     8     0.9247    0.0036        86.12       19.86
fedavg     10     0.9580    0.0015       306.06       20.60
fedprox    10     0.9247    0.0017       399.13      562.71
 figura salva: results/scaling_mnist_rep3/scaling_accuracy.png
 figura salva: results/scaling_mnist_rep3/scaling_time.png
