
======================================================================
 SECURITY EXP  mode=baseline  N=4  rounds=3  reps=1
 attack=noise  prob=1.0  pcts=[0.0, 0.25, 0.5]
======================================================================

======================================================================
 >> pct=0.00  n_malicious=0/4  rep=1/1  seed=1
======================================================================
   final_accuracy=0.9710  n_flagged_total=0

======================================================================
 >> pct=0.25  n_malicious=1/4  rep=1/1  seed=1
======================================================================
   final_accuracy=0.7519  n_flagged_total=0

======================================================================
 >> pct=0.50  n_malicious=2/4  rep=1/1  seed=1
======================================================================
   final_accuracy=0.5356  n_flagged_total=0

======================================================================
 SECURITY SUMMARY
======================================================================
 salvo em: results/security_test2/security_summary.json

pct_malicious     n_malicious       acc_mean±std      drop_mean±std     n_flagged_total 
----------------------------------------------------------------------------------------
0.00              0                 0.9710±0.0000     0.0000±0.0000     0               
0.25              1                 0.7519±0.0000     0.2191±0.0000     0               
0.50              2                 0.5356±0.0000     0.4355±0.0000     0               
