[93mWARNING [0m:   DEPRECATED FEATURE: flwr.client.start_client() is deprecated.
	Instead, use the `flower-supernode` CLI command to start a SuperNode as shown below:

		$ flower-supernode --insecure --superlink='<IP>:<PORT>'

	To view all available options, run:

		$ flower-supernode --help

	Using `start_client()` is deprecated.

            This is a deprecated feature. It will be removed
            entirely in future versions of Flower.
        
[92mINFO [0m:      
[92mINFO [0m:      Received: train message 81cb0205-faf0-418e-98ff-0007ddecc871
[92mINFO [0m:      Sent reply
[92mINFO [0m:      
[92mINFO [0m:      Received: train message a0f7e5a5-7c42-4ecf-bd43-a02e764b37ee
[92mINFO [0m:      Sent reply
[92mINFO [0m:      
[92mINFO [0m:      Received: train message 565a294f-abfc-4dd6-ac86-6737001b8387
[92mINFO [0m:      Sent reply
[92mINFO [0m:      
[92mINFO [0m:      Received: reconnect message beb143e8-d15c-4a0e-b36f-997d39c2f4d5
[92mINFO [0m:      Disconnect and shut down

======================================================================
 BASELINE CLIENT 5/7 — conectando em 0.0.0.0:8081
======================================================================

[Cliente 5] Modelo=mnistnet  Dataset=mnist
[Dataset] Node 5: índices 37500-45000 (7500 amostras)
[Cliente 5] Treino: 7500 amostras
[Cliente 5] Teste:  10000 amostras
[BaselineClient 5] Rodada ?: treinando (fedprox(mu=0.1))...
[BaselineClient 5] Rodada ?: treinando (fedprox(mu=0.1))...
[BaselineClient 5] Rodada ?: treinando (fedprox(mu=0.1))...
