[93mWARNING [0m:   DEPRECATED FEATURE: flwr.client.start_client() is deprecated.
	Instead, use the `flower-supernode` CLI command to start a SuperNode as shown below:

		$ flower-supernode --insecure --superlink='<IP>:<PORT>'

	To view all available options, run:

		$ flower-supernode --help

	Using `start_client()` is deprecated.

            This is a deprecated feature. It will be removed
            entirely in future versions of Flower.
        
[92mINFO [0m:      
[92mINFO [0m:      Received: train message f7d6c6e4-2a05-44ba-be15-b3b4b2de071a
[92mINFO [0m:      Sent reply
[92mINFO [0m:      
[92mINFO [0m:      Received: train message ef8a04e6-ed13-4f2a-ac04-50ec400d6f07
[92mINFO [0m:      Sent reply
[92mINFO [0m:      
[92mINFO [0m:      Received: train message d09bddfd-5cc8-4d7f-8677-a64e8e66cd0c
[92mINFO [0m:      Sent reply
[92mINFO [0m:      
[92mINFO [0m:      Received: reconnect message 3eb4b63d-5d4c-4800-812b-5c7cf128138f
[92mINFO [0m:      Disconnect and shut down

======================================================================
 BASELINE CLIENT 7/7 — conectando em 0.0.0.0:8081
======================================================================

[Cliente 7] Modelo=mnistnet  Dataset=mnist
[Dataset] Node 7: índices 52500-60000 (7500 amostras)
[Cliente 7] Treino: 7500 amostras
[Cliente 7] Teste:  10000 amostras
[BaselineClient 7] Rodada ?: treinando (fedprox(mu=0.1))...
[BaselineClient 7] Rodada ?: treinando (fedprox(mu=0.1))...
[BaselineClient 7] Rodada ?: treinando (fedprox(mu=0.1))...
