[93mWARNING [0m:   DEPRECATED FEATURE: flwr.client.start_client() is deprecated.
	Instead, use the `flower-supernode` CLI command to start a SuperNode as shown below:

		$ flower-supernode --insecure --superlink='<IP>:<PORT>'

	To view all available options, run:

		$ flower-supernode --help

	Using `start_client()` is deprecated.

            This is a deprecated feature. It will be removed
            entirely in future versions of Flower.
        
[92mINFO [0m:      
[92mINFO [0m:      Received: train message 88d50aa1-aa81-496b-a57a-b56acd86cdec
[92mINFO [0m:      Sent reply
[92mINFO [0m:      
[92mINFO [0m:      Received: train message 0119b1fa-5620-4e2c-bd3e-fa2addd36c3f
[92mINFO [0m:      Sent reply
[92mINFO [0m:      
[92mINFO [0m:      Received: train message 8e10e049-7a58-4e7c-9616-34c758e40c57
[92mINFO [0m:      Sent reply
[92mINFO [0m:      
[92mINFO [0m:      Received: reconnect message 448c1862-74ab-4557-adb8-207da411ecad
[92mINFO [0m:      Disconnect and shut down

======================================================================
 BASELINE CLIENT 3/7 — conectando em 0.0.0.0:8081
======================================================================

[Cliente 3] Modelo=mnistnet  Dataset=mnist
[Dataset] Node 3: índices 22500-30000 (7500 amostras)
[Cliente 3] Treino: 7500 amostras
[Cliente 3] Teste:  10000 amostras
[BaselineClient 3] Rodada ?: treinando (fedprox(mu=0.1))...
[BaselineClient 3] Rodada ?: treinando (fedprox(mu=0.1))...
[BaselineClient 3] Rodada ?: treinando (fedprox(mu=0.1))...
