[93mWARNING [0m:   DEPRECATED FEATURE: flwr.client.start_client() is deprecated.
	Instead, use the `flower-supernode` CLI command to start a SuperNode as shown below:

		$ flower-supernode --insecure --superlink='<IP>:<PORT>'

	To view all available options, run:

		$ flower-supernode --help

	Using `start_client()` is deprecated.

            This is a deprecated feature. It will be removed
            entirely in future versions of Flower.
        
[92mINFO [0m:      
[92mINFO [0m:      Received: get_parameters message 47f6ea92-0779-4d2f-bf74-3d049579dce8
[92mINFO [0m:      Sent reply
[92mINFO [0m:      
[92mINFO [0m:      Received: train message 897d5b5d-b946-4a76-ab5c-b53f6d809d11
[92mINFO [0m:      Sent reply
[92mINFO [0m:      
[92mINFO [0m:      Received: train message 7503cce9-2d7f-481e-b251-f4e4b01f07f5
[92mINFO [0m:      Sent reply
[92mINFO [0m:      
[92mINFO [0m:      Received: train message ea57cfb4-9565-4417-a6e5-b4f65126f62d
[92mINFO [0m:      Sent reply
[92mINFO [0m:      
[92mINFO [0m:      Received: reconnect message c5d0fe40-0218-4b74-bc31-95350a453270
[92mINFO [0m:      Disconnect and shut down

======================================================================
 BASELINE CLIENT 0/7 — conectando em 0.0.0.0:8081
======================================================================

[Cliente 0] Modelo=mnistnet  Dataset=mnist
[Dataset] Node 0: índices 0-7500 (7500 amostras)
[Cliente 0] Treino: 7500 amostras
[Cliente 0] Teste:  10000 amostras
[BaselineClient 0] Rodada ?: treinando (fedprox(mu=0.1))...
[BaselineClient 0] Rodada ?: treinando (fedprox(mu=0.1))...
[BaselineClient 0] Rodada ?: treinando (fedprox(mu=0.1))...
