[93mWARNING [0m:   DEPRECATED FEATURE: flwr.client.start_client() is deprecated.
	Instead, use the `flower-supernode` CLI command to start a SuperNode as shown below:

		$ flower-supernode --insecure --superlink='<IP>:<PORT>'

	To view all available options, run:

		$ flower-supernode --help

	Using `start_client()` is deprecated.

            This is a deprecated feature. It will be removed
            entirely in future versions of Flower.
        
[92mINFO [0m:      
[92mINFO [0m:      Received: train message 55e47fd6-5b72-47fc-803e-b9ac8b87afd2
[92mINFO [0m:      Sent reply
[92mINFO [0m:      
[92mINFO [0m:      Received: train message eb7c733f-aa6c-492c-96f5-49d61a57cc9c
[92mINFO [0m:      Sent reply
[92mINFO [0m:      
[92mINFO [0m:      Received: train message 316ed786-285c-4c69-bd89-3aab1c3a47f0
[92mINFO [0m:      Sent reply
[92mINFO [0m:      
[92mINFO [0m:      Received: reconnect message 247c3a46-b834-4474-a325-268582a0a1d4
[92mINFO [0m:      Disconnect and shut down

======================================================================
 BASELINE CLIENT 6/7 — conectando em 0.0.0.0:8081
======================================================================

[Cliente 6] Modelo=mnistnet  Dataset=mnist
[Dataset] Node 6: índices 45000-52500 (7500 amostras)
[Cliente 6] Treino: 7500 amostras
[Cliente 6] Teste:  10000 amostras
[BaselineClient 6] Rodada ?: treinando (fedavg)...
[BaselineClient 6] Rodada ?: treinando (fedavg)...
[BaselineClient 6] Rodada ?: treinando (fedavg)...
