[93mWARNING [0m:   DEPRECATED FEATURE: flwr.client.start_client() is deprecated.
	Instead, use the `flower-supernode` CLI command to start a SuperNode as shown below:

		$ flower-supernode --insecure --superlink='<IP>:<PORT>'

	To view all available options, run:

		$ flower-supernode --help

	Using `start_client()` is deprecated.

            This is a deprecated feature. It will be removed
            entirely in future versions of Flower.
        
[92mINFO [0m:      
[92mINFO [0m:      Received: train message f7bbf6b6-3284-4675-bd5f-2d7db889059d
[92mINFO [0m:      Sent reply
[92mINFO [0m:      
[92mINFO [0m:      Received: train message d4a36e7d-9a55-4b8a-bd6b-d492206ab8ff
[92mINFO [0m:      Sent reply
[92mINFO [0m:      
[92mINFO [0m:      Received: train message c048886b-d3f1-4406-9978-cd49da7b749c
[92mINFO [0m:      Sent reply
[92mINFO [0m:      
[92mINFO [0m:      Received: reconnect message 5cec8a30-96c7-46b3-ae3e-89cd70efb16d
[92mINFO [0m:      Disconnect and shut down

======================================================================
 BASELINE CLIENT 3/7 — conectando em 0.0.0.0:8081
======================================================================

[Cliente 3] Modelo=mnistnet  Dataset=mnist
[Dataset] Node 3: índices 22500-30000 (7500 amostras)
[Cliente 3] Treino: 7500 amostras
[Cliente 3] Teste:  10000 amostras
[BaselineClient 3] Rodada ?: treinando (fedavg)...
[BaselineClient 3] Rodada ?: treinando (fedavg)...
[BaselineClient 3] Rodada ?: treinando (fedavg)...
