[93mWARNING [0m:   DEPRECATED FEATURE: flwr.client.start_client() is deprecated.
	Instead, use the `flower-supernode` CLI command to start a SuperNode as shown below:

		$ flower-supernode --insecure --superlink='<IP>:<PORT>'

	To view all available options, run:

		$ flower-supernode --help

	Using `start_client()` is deprecated.

            This is a deprecated feature. It will be removed
            entirely in future versions of Flower.
        
[92mINFO [0m:      
[92mINFO [0m:      Received: get_parameters message f1040aa7-3d39-4fdf-946e-4a5ed3464789
[92mINFO [0m:      Sent reply
[92mINFO [0m:      
[92mINFO [0m:      Received: train message f2c6d02e-2506-410e-9eda-bed62f32a8d7
[92mINFO [0m:      Sent reply
[92mINFO [0m:      
[92mINFO [0m:      Received: train message 5ef9bbc1-e982-45bc-83a8-1df8c43c04b7
[92mINFO [0m:      Sent reply
[92mINFO [0m:      
[92mINFO [0m:      Received: train message 649017ab-0f90-4c73-8a0d-90c6470a3306
[92mINFO [0m:      Sent reply
[92mINFO [0m:      
[92mINFO [0m:      Received: reconnect message c32b687e-b2ab-46a9-9563-3b0a7227aa1b
[92mINFO [0m:      Disconnect and shut down

======================================================================
 BASELINE CLIENT 0/7 — conectando em 0.0.0.0:8081
======================================================================

[Cliente 0] Modelo=mnistnet  Dataset=mnist
[Dataset] Node 0: índices 0-7500 (7500 amostras)
[Cliente 0] Treino: 7500 amostras
[Cliente 0] Teste:  10000 amostras
[BaselineClient 0] Rodada ?: treinando (fedavg)...
[BaselineClient 0] Rodada ?: treinando (fedavg)...
[BaselineClient 0] Rodada ?: treinando (fedavg)...
