[93mWARNING [0m:   DEPRECATED FEATURE: flwr.client.start_client() is deprecated.
	Instead, use the `flower-supernode` CLI command to start a SuperNode as shown below:

		$ flower-supernode --insecure --superlink='<IP>:<PORT>'

	To view all available options, run:

		$ flower-supernode --help

	Using `start_client()` is deprecated.

            This is a deprecated feature. It will be removed
            entirely in future versions of Flower.
        
[92mINFO [0m:      
[92mINFO [0m:      Received: train message 3d492e64-7465-4e2c-9f4c-965effc8cb7c
[92mINFO [0m:      Sent reply
[92mINFO [0m:      
[92mINFO [0m:      Received: train message 3e765376-2c0a-41cb-8e83-78571490dce1
[92mINFO [0m:      Sent reply
[92mINFO [0m:      
[92mINFO [0m:      Received: train message f6f43dcd-e0ca-4234-bf09-f14899e13171
[92mINFO [0m:      Sent reply
[92mINFO [0m:      
[92mINFO [0m:      Received: reconnect message 387d96ad-6b93-4655-a841-68f7806249cc
[92mINFO [0m:      Disconnect and shut down

======================================================================
 BASELINE CLIENT 4/7 — conectando em 0.0.0.0:8081
======================================================================

[Cliente 4] Modelo=mnistnet  Dataset=mnist
[Dataset] Node 4: índices 30000-37500 (7500 amostras)
[Cliente 4] Treino: 7500 amostras
[Cliente 4] Teste:  10000 amostras
[BaselineClient 4] Rodada ?: treinando (fedavg)...
[BaselineClient 4] Rodada ?: treinando (fedavg)...
[BaselineClient 4] Rodada ?: treinando (fedavg)...
