[93mWARNING [0m:   DEPRECATED FEATURE: flwr.client.start_client() is deprecated.
	Instead, use the `flower-supernode` CLI command to start a SuperNode as shown below:

		$ flower-supernode --insecure --superlink='<IP>:<PORT>'

	To view all available options, run:

		$ flower-supernode --help

	Using `start_client()` is deprecated.

            This is a deprecated feature. It will be removed
            entirely in future versions of Flower.
        
[92mINFO [0m:      
[92mINFO [0m:      Received: train message c0ab2ac0-b753-4385-82e1-355ebebfb243
[92mINFO [0m:      Sent reply
[92mINFO [0m:      
[92mINFO [0m:      Received: train message 2931ee10-a546-44b1-b63f-b0788b6c026f
[92mINFO [0m:      Sent reply
[92mINFO [0m:      
[92mINFO [0m:      Received: train message ad25967a-7008-4324-a692-91722c75fc1b
[92mINFO [0m:      Sent reply
[92mINFO [0m:      
[92mINFO [0m:      Received: reconnect message 78715715-3cf9-4f98-ab8d-fe1b1a5ee03f
[92mINFO [0m:      Disconnect and shut down

======================================================================
 BASELINE CLIENT 4/9 — conectando em 0.0.0.0:8081
======================================================================

[Cliente 4] Modelo=mnistnet  Dataset=mnist
[Dataset] Node 4: índices 24000-30000 (6000 amostras)
[Cliente 4] Treino: 6000 amostras
[Cliente 4] Teste:  10000 amostras
[BaselineClient 4] Rodada ?: treinando (fedavg)...
[BaselineClient 4] Rodada ?: treinando (fedavg)...
[BaselineClient 4] Rodada ?: treinando (fedavg)...
