[93mWARNING [0m:   DEPRECATED FEATURE: flwr.client.start_client() is deprecated.
	Instead, use the `flower-supernode` CLI command to start a SuperNode as shown below:

		$ flower-supernode --insecure --superlink='<IP>:<PORT>'

	To view all available options, run:

		$ flower-supernode --help

	Using `start_client()` is deprecated.

            This is a deprecated feature. It will be removed
            entirely in future versions of Flower.
        
[92mINFO [0m:      
[92mINFO [0m:      Received: train message d52f79b2-e25a-4190-a046-b3d02ec3454d
[92mINFO [0m:      Sent reply
[92mINFO [0m:      
[92mINFO [0m:      Received: train message 12bfb4fa-456f-4554-82c3-0a3b725c671d
[92mINFO [0m:      Sent reply
[92mINFO [0m:      
[92mINFO [0m:      Received: train message 87682ffa-0e7e-47a6-ac0c-9d42515d3ceb
[92mINFO [0m:      Sent reply
[92mINFO [0m:      
[92mINFO [0m:      Received: reconnect message 9457cd19-efd3-4ff8-b58e-d6e053bb18f5
[92mINFO [0m:      Disconnect and shut down

======================================================================
 BASELINE CLIENT 1/9 — conectando em 0.0.0.0:8081
======================================================================

[Cliente 1] Modelo=mnistnet  Dataset=mnist
[Dataset] Node 1: índices 6000-12000 (6000 amostras)
[Cliente 1] Treino: 6000 amostras
[Cliente 1] Teste:  10000 amostras
[BaselineClient 1] Rodada ?: treinando (fedavg)...
[BaselineClient 1] Rodada ?: treinando (fedavg)...
[BaselineClient 1] Rodada ?: treinando (fedavg)...
