[93mWARNING [0m:   DEPRECATED FEATURE: flwr.client.start_client() is deprecated.
	Instead, use the `flower-supernode` CLI command to start a SuperNode as shown below:

		$ flower-supernode --insecure --superlink='<IP>:<PORT>'

	To view all available options, run:

		$ flower-supernode --help

	Using `start_client()` is deprecated.

            This is a deprecated feature. It will be removed
            entirely in future versions of Flower.
        
[92mINFO [0m:      
[92mINFO [0m:      Received: train message b8510716-0e6b-4d2f-a856-61d87a469170
[92mINFO [0m:      Sent reply
[92mINFO [0m:      
[92mINFO [0m:      Received: train message 766575ec-46b2-4cbd-8d47-1ab10f82c2fb
[92mINFO [0m:      Sent reply
[92mINFO [0m:      
[92mINFO [0m:      Received: train message 7f3dac19-8529-4a29-969c-d4749618139b
[92mINFO [0m:      Sent reply
[92mINFO [0m:      
[92mINFO [0m:      Received: reconnect message 136ddc4b-c0e9-48d5-a467-f35a822dbd3d
[92mINFO [0m:      Disconnect and shut down

======================================================================
 BASELINE CLIENT 3/9 — conectando em 0.0.0.0:8081
======================================================================

[Cliente 3] Modelo=mnistnet  Dataset=mnist
[Dataset] Node 3: índices 18000-24000 (6000 amostras)
[Cliente 3] Treino: 6000 amostras
[Cliente 3] Teste:  10000 amostras
[BaselineClient 3] Rodada ?: treinando (fedavg)...
[BaselineClient 3] Rodada ?: treinando (fedavg)...
[BaselineClient 3] Rodada ?: treinando (fedavg)...
