[93mWARNING [0m:   DEPRECATED FEATURE: flwr.client.start_client() is deprecated.
	Instead, use the `flower-supernode` CLI command to start a SuperNode as shown below:

		$ flower-supernode --insecure --superlink='<IP>:<PORT>'

	To view all available options, run:

		$ flower-supernode --help

	Using `start_client()` is deprecated.

            This is a deprecated feature. It will be removed
            entirely in future versions of Flower.
        
[92mINFO [0m:      
[92mINFO [0m:      Received: train message 1a718ee0-1274-4e72-bb02-9e63092f1da7
[92mINFO [0m:      Sent reply
[92mINFO [0m:      
[92mINFO [0m:      Received: train message d486a30b-a898-4a55-ad80-55bc9e279976
[92mINFO [0m:      Sent reply
[92mINFO [0m:      
[92mINFO [0m:      Received: train message 33a53fb7-f860-4f4c-a665-686c8338c00a
[92mINFO [0m:      Sent reply
[92mINFO [0m:      
[92mINFO [0m:      Received: reconnect message cff53641-64c2-4890-9512-c6a0772f4283
[92mINFO [0m:      Disconnect and shut down

======================================================================
 BASELINE CLIENT 8/9 — conectando em 0.0.0.0:8081
======================================================================

[Cliente 8] Modelo=mnistnet  Dataset=mnist
[Dataset] Node 8: índices 48000-54000 (6000 amostras)
[Cliente 8] Treino: 6000 amostras
[Cliente 8] Teste:  10000 amostras
[BaselineClient 8] Rodada ?: treinando (fedavg)...
[BaselineClient 8] Rodada ?: treinando (fedavg)...
[BaselineClient 8] Rodada ?: treinando (fedavg)...
