[93mWARNING [0m:   DEPRECATED FEATURE: flwr.client.start_client() is deprecated.
	Instead, use the `flower-supernode` CLI command to start a SuperNode as shown below:

		$ flower-supernode --insecure --superlink='<IP>:<PORT>'

	To view all available options, run:

		$ flower-supernode --help

	Using `start_client()` is deprecated.

            This is a deprecated feature. It will be removed
            entirely in future versions of Flower.
        
[92mINFO [0m:      
[92mINFO [0m:      Received: train message 363bcce5-0d85-420d-be41-058a907f278f
[92mINFO [0m:      Sent reply
[92mINFO [0m:      
[92mINFO [0m:      Received: train message 3af2e463-3fe1-4432-9db7-dcbb75cc8a78
[92mINFO [0m:      Sent reply
[92mINFO [0m:      
[92mINFO [0m:      Received: train message e8a5712c-3675-4891-b7f9-706ac37122e8
[92mINFO [0m:      Sent reply
[92mINFO [0m:      
[92mINFO [0m:      Received: reconnect message b46360be-8ab0-4565-9536-d8ad4c4b7c26
[92mINFO [0m:      Disconnect and shut down

======================================================================
 BASELINE CLIENT 3/5 — conectando em 0.0.0.0:8081
======================================================================

[Cliente 3] Modelo=mnistnet  Dataset=mnist
[Dataset] Node 3: índices 30000-40000 (10000 amostras)
[Cliente 3] Treino: 10000 amostras
[Cliente 3] Teste:  10000 amostras
[BaselineClient 3] Rodada ?: treinando (fedprox(mu=0.1))...
[BaselineClient 3] Rodada ?: treinando (fedprox(mu=0.1))...
[BaselineClient 3] Rodada ?: treinando (fedprox(mu=0.1))...
