[93mWARNING [0m:   DEPRECATED FEATURE: flwr.client.start_client() is deprecated.
	Instead, use the `flower-supernode` CLI command to start a SuperNode as shown below:

		$ flower-supernode --insecure --superlink='<IP>:<PORT>'

	To view all available options, run:

		$ flower-supernode --help

	Using `start_client()` is deprecated.

            This is a deprecated feature. It will be removed
            entirely in future versions of Flower.
        
[92mINFO [0m:      
[92mINFO [0m:      Received: train message a8fc5aa1-9639-4edc-939f-e4b9e1f71cb9
[92mINFO [0m:      Sent reply
[92mINFO [0m:      
[92mINFO [0m:      Received: train message a5560de1-a1dd-44a0-905a-276b0f701f30
[92mINFO [0m:      Sent reply
[92mINFO [0m:      
[92mINFO [0m:      Received: train message 53af660e-1b5d-4bc6-9aed-c4e4a8b41857
[92mINFO [0m:      Sent reply
[92mINFO [0m:      
[92mINFO [0m:      Received: reconnect message 28e97d72-433c-4259-a9f3-c3100a6282ad
[92mINFO [0m:      Disconnect and shut down

======================================================================
 BASELINE CLIENT 4/5 — conectando em 0.0.0.0:8081
======================================================================

[Cliente 4] Modelo=mnistnet  Dataset=mnist
[Dataset] Node 4: índices 40000-50000 (10000 amostras)
[Cliente 4] Treino: 10000 amostras
[Cliente 4] Teste:  10000 amostras
[BaselineClient 4] Rodada ?: treinando (fedprox(mu=0.1))...
[BaselineClient 4] Rodada ?: treinando (fedprox(mu=0.1))...
[BaselineClient 4] Rodada ?: treinando (fedprox(mu=0.1))...
