[93mWARNING [0m:   DEPRECATED FEATURE: flwr.client.start_client() is deprecated.
	Instead, use the `flower-supernode` CLI command to start a SuperNode as shown below:

		$ flower-supernode --insecure --superlink='<IP>:<PORT>'

	To view all available options, run:

		$ flower-supernode --help

	Using `start_client()` is deprecated.

            This is a deprecated feature. It will be removed
            entirely in future versions of Flower.
        
[92mINFO [0m:      
[92mINFO [0m:      Received: train message 4a22e373-7eae-480d-9d15-d89e49df67fa
[92mINFO [0m:      Sent reply
[92mINFO [0m:      
[92mINFO [0m:      Received: train message 0dadab95-a235-49f1-bda9-3ed85520722d
[92mINFO [0m:      Sent reply
[92mINFO [0m:      
[92mINFO [0m:      Received: train message ac0b37d4-a48e-45f9-8af5-2201546762b2
[92mINFO [0m:      Sent reply
[92mINFO [0m:      
[92mINFO [0m:      Received: reconnect message 21e8577b-c5c6-40a3-9feb-af6f0ef20e0e
[92mINFO [0m:      Disconnect and shut down

======================================================================
 BASELINE CLIENT 2/2 — conectando em 0.0.0.0:8081
======================================================================

[Cliente 2] Modelo=mnistnet  Dataset=mnist
[Dataset] Node 2: índices 40000-60000 (20000 amostras)
[Cliente 2] Treino: 20000 amostras
[Cliente 2] Teste:  10000 amostras
[BaselineClient 2] Rodada ?: treinando...
[BaselineClient 2] Rodada ?: treinando...
[BaselineClient 2] Rodada ?: treinando...
