
======================================================================
 CLIENTE 1/2
======================================================================

[Cliente 1] Modelo=mnistnet  Dataset=mnist
[Dataset] Node 1: índices 20000-40000 (20000 amostras)
[Cliente 1] Treino: 20000 amostras
[Cliente 1] Teste:  10000 amostras
[93mWARNING [0m:   DEPRECATED FEATURE: flwr.client.start_client() is deprecated.
	Instead, use the `flower-supernode` CLI command to start a SuperNode as shown below:

		$ flower-supernode --insecure --superlink='<IP>:<PORT>'

	To view all available options, run:

		$ flower-supernode --help

	Using `start_client()` is deprecated.

            This is a deprecated feature. It will be removed
            entirely in future versions of Flower.
        
[92mINFO [0m:      
[92mINFO [0m:      Received: train message cc732f4e-b4c1-4899-aa5b-f88bf2a3bba2
[Cliente 1] Rodada 1: Iniciando treino...
[Cliente 1] Publicando update: QmYCw9e5kkfzsNGtBBx2MKNZzUCZmGBbmw1ogTCB8q81o3
/opt/miniconda3/lib/python3.10/site-packages/eth_keyfile/__init__.py:3: DeprecationWarning: pkg_resources is deprecated as an API. See https://setuptools.pypa.io/en/latest/pkg_resources.html
  import pkg_resources
/opt/miniconda3/lib/python3.10/site-packages/web3/providers/websocket/websocket.py:21: DeprecationWarning: websockets.client.connect is deprecated
  from websockets.client import (
/opt/miniconda3/lib/python3.10/site-packages/websockets/legacy/__init__.py:6: DeprecationWarning: websockets.legacy is deprecated; see https://websockets.readthedocs.io/en/stable/howto/upgrade.html for upgrade instructions
  warnings.warn(  # deprecated in 14.0 - 2024-11-09
/opt/miniconda3/lib/python3.10/site-packages/web3/providers/websocket/websocket_v2.py:18: DeprecationWarning: websockets.client.connect is deprecated
  from websockets.client import (
/opt/miniconda3/lib/python3.10/site-packages/web3/providers/persistent.py:10: DeprecationWarning: websockets.WebSocketClientProtocol is deprecated
  from websockets import (
[Cliente 1] Tx enviada: 0xa3f77ab09474545e968bfc20c377296d05b829d1bec621e477c275592857d60e
[92mINFO [0m:      Sent reply
[92mINFO [0m:      
[92mINFO [0m:      Received: train message e9ffa913-9367-425e-a786-2a7d78182c84
[Cliente 1] Rodada 2: Iniciando treino...
[Cliente 1] Publicando update: Qmeezr9Se5GRuQwLfSUtUwWhKqp67V4o8csNK5WK6hhyiQ
[Cliente 1] ERRO na blockchain: ('execution reverted: Internal error', {'message': 'Internal error'})
[92mINFO [0m:      Sent reply
[92mINFO [0m:      
[92mINFO [0m:      Received: train message 44ae2bdf-3d14-4e51-af9a-af20e56ba103
[Cliente 1] Rodada 3: Iniciando treino...
[Cliente 1] Publicando update: QmSXwngUwYt7ptzEcGkJAsv4bLxMrmu823YHf8H9YFHWjS
[Cliente 1] ERRO na blockchain: ('execution reverted: Internal error', {'message': 'Internal error'})
[92mINFO [0m:      Sent reply
[92mINFO [0m:      
[92mINFO [0m:      Received: reconnect message 72bf99e8-c329-4271-94bf-256d13d78558
[92mINFO [0m:      Disconnect and shut down
