
======================================================================
 CLIENTE 2/2
======================================================================

[Cliente 2] Modelo=mnistnet  Dataset=mnist
[Dataset] Node 2: índices 40000-60000 (20000 amostras)
[Cliente 2] Treino: 20000 amostras
[Cliente 2] Teste:  10000 amostras
[93mWARNING [0m:   DEPRECATED FEATURE: flwr.client.start_client() is deprecated.
	Instead, use the `flower-supernode` CLI command to start a SuperNode as shown below:

		$ flower-supernode --insecure --superlink='<IP>:<PORT>'

	To view all available options, run:

		$ flower-supernode --help

	Using `start_client()` is deprecated.

            This is a deprecated feature. It will be removed
            entirely in future versions of Flower.
        
[92mINFO [0m:      
[92mINFO [0m:      Received: train message 38d135b5-c99e-4920-8083-14beccdf8921
[Cliente 2] Rodada 1: Iniciando treino...
[Cliente 2] Publicando update: QmTTpRWBPwfMCrSUNV6L8EESse2DiHQb3iBU1C5GkXzmVu
/opt/miniconda3/lib/python3.10/site-packages/eth_keyfile/__init__.py:3: DeprecationWarning: pkg_resources is deprecated as an API. See https://setuptools.pypa.io/en/latest/pkg_resources.html
  import pkg_resources
/opt/miniconda3/lib/python3.10/site-packages/web3/providers/websocket/websocket.py:21: DeprecationWarning: websockets.client.connect is deprecated
  from websockets.client import (
/opt/miniconda3/lib/python3.10/site-packages/websockets/legacy/__init__.py:6: DeprecationWarning: websockets.legacy is deprecated; see https://websockets.readthedocs.io/en/stable/howto/upgrade.html for upgrade instructions
  warnings.warn(  # deprecated in 14.0 - 2024-11-09
/opt/miniconda3/lib/python3.10/site-packages/web3/providers/websocket/websocket_v2.py:18: DeprecationWarning: websockets.client.connect is deprecated
  from websockets.client import (
/opt/miniconda3/lib/python3.10/site-packages/web3/providers/persistent.py:10: DeprecationWarning: websockets.WebSocketClientProtocol is deprecated
  from websockets import (
[Cliente 2] ERRO na blockchain: {'code': -32000, 'message': "Nonce too low. Expected nonce to be 7 but got 6. Note that transactions can't be queued when automining.", 'data': {'message': "Nonce too low. Expected nonce to be 7 but got 6. Note that transactions can't be queued when automining."}}
[92mINFO [0m:      Sent reply
[92mINFO [0m:      
[92mINFO [0m:      Received: train message c06af72b-f6c8-435e-b87d-8d17718bcfc5
[Cliente 2] Rodada 2: Iniciando treino...
[Cliente 2] Publicando update: QmZdQPScHi4e629vHTXyiY3qJeCfuJ256TB9kjjKMGd251
[Cliente 2] Tx enviada: 0x5d5912f4b0f8ae918e36119e7d31261ff8d317a4895b4fb5f8c0147455adeef7
[92mINFO [0m:      Sent reply
[92mINFO [0m:      
[92mINFO [0m:      Received: train message 0e01c254-eed3-43f3-a992-524c378cc235
[Cliente 2] Rodada 3: Iniciando treino...
[Cliente 2] Publicando update: QmPqWnmcCP9VuHeTuzVqzahXpx53H3BzLZRpgDAGdC1t3t
[Cliente 2] ERRO na blockchain: ('execution reverted: Internal error', {'message': 'Internal error'})
[92mINFO [0m:      Sent reply
[92mINFO [0m:      
[92mINFO [0m:      Received: reconnect message 64078f1d-50b2-4768-bc02-d35ee450edd7
[92mINFO [0m:      Disconnect and shut down
