
WARNING: You are using Node.js 23.11.0 which is not supported by Hardhat.
Please upgrade to 22.10.0 or a later LTS version (even major version number)

Started HTTP and WebSocket JSON-RPC server at http://127.0.0.1:8545/

Accounts
========

WARNING: Funds sent on live network to accounts with publicly known private keys WILL BE LOST.

Account #0:  0xf39fd6e51aad88f6f4ce6ab8827279cfffb92266 (10000 ETH)
Private Key: 0xac0974bec39a17e36ba4a6b4d238ff944bacb478cbed5efcae784d7bf4f2ff80

Account #1:  0x70997970c51812dc3a010c7d01b50e0d17dc79c8 (10000 ETH)
Private Key: 0x59c6995e998f97a5a0044966f0945389dc9e86dae88c7a8412f4603b6b78690d

Account #2:  0x3c44cdddb6a900fa2b585dd299e03d12fa4293bc (10000 ETH)
Private Key: 0x5de4111afa1a4b94908f83103eb1f1706367c2e68ca870fc3fb9a804cdab365a

Account #3:  0x90f79bf6eb2c4f870365e785982e1f101e93b906 (10000 ETH)
Private Key: 0x7c852118294e51e653712a81e05800f419141751be58f605c371e15141b007a6

Account #4:  0x15d34aaf54267db7d7c367839aaf71a00a2c6a65 (10000 ETH)
Private Key: 0x47e179ec197488593b187f80a00eb0da91f1b9d0b13f8733639f19c30a34926a

Account #5:  0x9965507d1a55bcc2695c58ba16fb37d819b0a4dc (10000 ETH)
Private Key: 0x8b3a350cf5c34c9194ca85829a2df0ec3153be0318b5e2d3348e872092edffba

Account #6:  0x976ea74026e726554db657fa54763abd0c3a0aa9 (10000 ETH)
Private Key: 0x92db14e403b83dfe3df233f83dfa3a0d7096f21ca9b0d6d6b8d88b2b4ec1564e

Account #7:  0x14dc79964da2c08b23698b3d3cc7ca32193d9955 (10000 ETH)
Private Key: 0x4bbbf85ce3377467afe5d46f804f221813b2bb87f24d81f60f1fcdbf7cbf4356

Account #8:  0x23618e81e3f5cdf7f54c3d65f7fbc0abf5b21e8f (10000 ETH)
Private Key: 0xdbda1821b80551c9d65939329250298aa3472ba22feea921c0cf5d620ea67b97

Account #9:  0xa0ee7a142d267c1f36714e4a8f75612f20a79720 (10000 ETH)
Private Key: 0x2a871d0798f97d79848a013d4936a73bf4cc922c825d33c1cf7073dff6d409c6

Account #10: 0xbcd4042de499d14e55001ccbb24a551f3b954096 (10000 ETH)
Private Key: 0xf214f2b2cd398c806f84e317254e0f0b801d0643303237d97a22a48e01628897

Account #11: 0x71be63f3384f5fb98995898a86b02fb2426c5788 (10000 ETH)
Private Key: 0x701b615bbdfb9de65240bc28bd21bbc0d996645a3dd57e7b12bc2bdf6f192c82

Account #12: 0xfabb0ac9d68b0b445fb7357272ff202c5651694a (10000 ETH)
Private Key: 0xa267530f49f8280200edf313ee7af6b827f2a8bce2897751d06a843f644967b1

Account #13: 0x1cbd3b2770909d4e10f157cabc84c7264073c9ec (10000 ETH)
Private Key: 0x47c99abed3324a2707c28affff1267e45918ec8c3f20b8aa892e8b065d2942dd

Account #14: 0xdf3e18d64bc6a983f673ab319ccae4f1a57c7097 (10000 ETH)
Private Key: 0xc526ee95bf44d8fc405a158bb884d9d1238d99f0612e9f33d006bb0789009aaa

Account #15: 0xcd3b766ccdd6ae721141f452c550ca635964ce71 (10000 ETH)
Private Key: 0x8166f546bab6da521a8369cab06c5d2b9e46670292d85c875ee9ec20e84ffb61

Account #16: 0x2546bcd3c84621e976d8185a91a922ae77ecec30 (10000 ETH)
Private Key: 0xea6c44ac03bff858b476bba40716402b03e41b8e97e276d1baec7c37d42484a0

Account #17: 0xbda5747bfd65f08deb54cb465eb87d40e51b197e (10000 ETH)
Private Key: 0x689af8efa8c651a91ad287602527f3af2fe9f6501a7ac4b061667b5a93e037fd

Account #18: 0xdd2fd4581271e230360230f9337d5c0430bf44c0 (10000 ETH)
Private Key: 0xde9be858da4a475276426320d5e9262ecfc3ba460bfac56360bfa6c4c28b4ee0

Account #19: 0x8626f6940e2eb28930efb4cef49b2d1f2c9c1199 (10000 ETH)
Private Key: 0xdf57089febbacf7ba0bc227dafbffa9fc08a93fdc68e1e42411a14efcf23656e

WARNING: Funds sent on live network to accounts with publicly known private keys WILL BE LOST.

[32meth_blockNumber[0m
[32meth_chainId[0m
[32mhardhat_metadata[0m
[32meth_chainId[0m
[32meth_getBlockByNumber[0m
[32meth_feeHistory[0m
[32meth_maxPriorityFeePerGas[0m
[32meth_estimateGas[0m
[32meth_getTransactionCount[0m
[32meth_chainId[0m
[32meth_sendRawTransaction[0m
  Contract deployment: DAO
  Contract address:    0x5fbdb2315678afecb367f032d93f642f64180aa3
  Transaction:         0xe1c357163611b0b69957950a4f040b94a451b89e838c87a747703480e0e9f4ca
  From:                0xf39fd6e51aad88f6f4ce6ab8827279cfffb92266
  Value:               0 ETH
  Gas used:            5175690 of 5175690
  Block #1:            0x56f2f33723cf34fd3f5e69a7f7350ff33b75da385ee83031a734b99a813ba132

[32meth_getTransactionReceipt[0m
[32meth_chainId[0m
[32meth_chainId (2)[0m
[32meth_chainId (3)[0m
[32meth_accounts[0m
[32meth_call[0m
  Contract call:       DAO#requesters
  From:                0xf39fd6e51aad88f6f4ce6ab8827279cfffb92266
  To:                  0x5fbdb2315678afecb367f032d93f642f64180aa3

[32meth_getTransactionCount[0m
[32meth_chainId[0m
[32meth_estimateGas[0m
[32meth_maxPriorityFeePerGas[0m
[32meth_getBlockByNumber[0m
[32meth_maxPriorityFeePerGas[0m
[32meth_chainId[0m
[32meth_chainId (2)[0m
[32meth_estimateGas[0m
[32meth_gasPrice[0m
[32meth_chainId[0m
[32meth_sendRawTransaction[0m
  Contract call:       DAO#registerRequester
  Transaction:         0xc90c8e5c4599939954af3bbd8cea8b52e12d1210e2fe05ed63eb2cf25024add7
  From:                0xf39fd6e51aad88f6f4ce6ab8827279cfffb92266
  To:                  0x5fbdb2315678afecb367f032d93f642f64180aa3
  Value:               0 ETH
  Gas used:            344713 of 413656
  Block #2:            0xda30b60b3ca2d1c537a6cdaa0817e5253410a3a35a736092fddfb10c4780575d

[32meth_getTransactionReceipt[0m
[32meth_chainId[0m
[32meth_call[0m
  Contract call:       DAO#trainers
  From:                0xf39fd6e51aad88f6f4ce6ab8827279cfffb92266
  To:                  0x5fbdb2315678afecb367f032d93f642f64180aa3

[32meth_getTransactionCount[0m
[32meth_chainId[0m
[32meth_estimateGas[0m
[32meth_maxPriorityFeePerGas[0m
[32meth_getBlockByNumber[0m
[32meth_maxPriorityFeePerGas[0m
[32meth_chainId[0m
[32meth_chainId (2)[0m
[32meth_estimateGas[0m
[32meth_gasPrice[0m
[32meth_chainId[0m
[32meth_sendRawTransaction[0m
  Contract call:       DAO#registerTrainer
  Transaction:         0x594f1c36f189cee0062a4e3e2f7dffadb4bbb288922daeb2d29c47b95158e3df
  From:                0x70997970c51812dc3a010c7d01b50e0d17dc79c8
  To:                  0x5fbdb2315678afecb367f032d93f642f64180aa3
  Value:               0 ETH
  Gas used:            1649075 of 1978891
  Block #3:            0xa03117694bcd0d9044d093a6bd50579ce23633a9be4622f4a6170047ee4542d5

[32meth_getTransactionReceipt[0m
[32meth_getTransactionCount[0m
[32meth_chainId[0m
[32meth_estimateGas[0m
[32meth_maxPriorityFeePerGas[0m
[32meth_getBlockByNumber[0m
[32meth_maxPriorityFeePerGas[0m
[32meth_chainId[0m
[32meth_chainId (2)[0m
[32meth_estimateGas[0m
[32meth_gasPrice[0m
[32meth_chainId[0m
[32meth_sendRawTransaction[0m
  Contract call:       DAO#MakeOffer
  Transaction:         0x22076ae07807a43716fb73c985212f9ddaf02dad84a534afb13e24a590e5a708
  From:                0xf39fd6e51aad88f6f4ce6ab8827279cfffb92266
  To:                  0x5fbdb2315678afecb367f032d93f642f64180aa3
  Value:               0 ETH
  Gas used:            246014 of 297523
  Block #4:            0x70e9acb3ac87d2653fd9fab81e56aeff49204c2eef6e990b77b864ee59c0f6d5

[32meth_getTransactionReceipt[0m
[32meth_getTransactionCount[0m
[32meth_chainId[0m
[32meth_estimateGas[0m
[32meth_maxPriorityFeePerGas[0m
[32meth_getBlockByNumber[0m
[32meth_maxPriorityFeePerGas[0m
[32meth_chainId[0m
[32meth_chainId (2)[0m
[32meth_estimateGas[0m
[32meth_gasPrice[0m
[32meth_chainId[0m
[32meth_sendRawTransaction[0m
  Contract call:       DAO#AcceptOffer
  Transaction:         0x274ca49843002d7645a8ae962279adf6f7c48797858e75b93c87caba299308ed
  From:                0x70997970c51812dc3a010c7d01b50e0d17dc79c8
  To:                  0x5fbdb2315678afecb367f032d93f642f64180aa3
  Value:               0 ETH
  Gas used:            1247149 of 1543347
  Block #5:            0x9e031279ca9636b99781b53f2ea5dd1da668ba6c1915b1b392147a9c9c03c4cc

[32meth_getTransactionReceipt[0m
[32meth_getTransactionCount[0m
[32meth_chainId[0m
[32meth_estimateGas[0m
[32meth_maxPriorityFeePerGas[0m
[32meth_getBlockByNumber[0m
[32meth_maxPriorityFeePerGas[0m
[32meth_chainId[0m
[32meth_chainId (2)[0m
[32meth_estimateGas[0m
[32meth_gasPrice[0m
[32meth_chainId[0m
[32meth_sendRawTransaction[0m
  Contract call:       DAO#signJobContract
  Transaction:         0x1024f96f90a10b7e510391b4968e6788f806abde6a1cebb202dde8e42860b2ad
  From:                0xf39fd6e51aad88f6f4ce6ab8827279cfffb92266
  To:                  0x5fbdb2315678afecb367f032d93f642f64180aa3
  Value:               0.3 ETH
  Gas used:            74995 of 90345
  Block #6:            0x6572576ce909eb4ad613895dc8ca3ea9107f704444a84aef4f44da0425bfd8d1

[32meth_getTransactionReceipt[0m
[32meth_getTransactionCount[0m
[32meth_chainId[0m
[32meth_estimateGas[0m
[32meth_maxPriorityFeePerGas[0m
[32meth_getBlockByNumber[0m
[32meth_maxPriorityFeePerGas[0m
[32meth_chainId[0m
[32meth_chainId (2)[0m
[32meth_estimateGas[0m
[32meth_gasPrice[0m
[32meth_chainId[0m
[32meth_sendRawTransaction[0m
  Contract call:       DAO#signJobContract
  Transaction:         0xeac9e310693b70aa7a9bee86d862edf8e8348a134386caca7f388efb9f983568
  From:                0x70997970c51812dc3a010c7d01b50e0d17dc79c8
  To:                  0x5fbdb2315678afecb367f032d93f642f64180aa3
  Value:               0 ETH
  Gas used:            38968 of 46945
  Block #7:            0xa7795bd17f4cf02b2346dc39a140e0a0e9711904a1cd446cac2eced54b2df222

[32meth_getTransactionReceipt[0m
[32meth_getTransactionCount[0m
[32meth_chainId[0m
[32meth_estimateGas[0m
[32meth_maxPriorityFeePerGas[0m
[32meth_getBlockByNumber[0m
[32meth_maxPriorityFeePerGas[0m
[32meth_chainId[0m
[32meth_chainId (2)[0m
[32meth_estimateGas[0m
[32meth_gasPrice[0m
[32meth_chainId[0m
[32meth_sendRawTransaction[0m
  Contract call:       JobContract#publishGlobalModel
  Transaction:         0x35d863f93a8c6023f1c6cc2fc774a972735a9c97ac03ca1f33315fa9a29e1df4
  From:                0xf39fd6e51aad88f6f4ce6ab8827279cfffb92266
  To:                  0xeebe00ac0756308ac4aabfd76c05c4f3088b8883
  Value:               0 ETH
  Gas used:            53033 of 63640
  Block #8:            0x9e32efc3299d9446294b0f4fd8bac6bac3a13a08210309e84c2aab62e5dcdf60

[32meth_getTransactionReceipt[0m
[32meth_getTransactionCount[0m
[32meth_chainId[0m
[32meth_estimateGas[0m
[32meth_maxPriorityFeePerGas[0m
[32meth_getBlockByNumber[0m
[32meth_maxPriorityFeePerGas[0m
[32meth_chainId[0m
[32meth_chainId (2)[0m
[32meth_estimateGas[0m
[32meth_gasPrice[0m
[32meth_chainId[0m
[32meth_sendRawTransaction[0m
  Contract call:       JobContract#publishGlobalModel
  Transaction:         0x7a9586aac2cb052787d234e60348a268568c3e91d32b4b1c9186ad4bdeac0d06
  From:                0xf39fd6e51aad88f6f4ce6ab8827279cfffb92266
  To:                  0xeebe00ac0756308ac4aabfd76c05c4f3088b8883
  Value:               0 ETH
  Gas used:            35921 of 43106
  Block #9:            0xe456a98d5c19f17a99d8c0283b85cd9e2f651a44ac9d81fdf9aac7b767d3da0e

[32meth_getTransactionReceipt[0m
[32meth_getTransactionCount[0m
[32meth_getTransactionCount (2)[0m
[32meth_getTransactionCount (3)[0m
[32meth_chainId[0m
[32meth_chainId (2)[0m
[32meth_chainId (3)[0m
[32meth_estimateGas[0m
[32meth_estimateGas (2)[0m
[32meth_estimateGas (3)[0m
[32meth_maxPriorityFeePerGas[0m
[32meth_maxPriorityFeePerGas (2)[0m
[32meth_maxPriorityFeePerGas (3)[0m
[32meth_getBlockByNumber[0m
[32meth_getBlockByNumber (2)[0m
[32meth_getBlockByNumber (3)[0m
[32meth_maxPriorityFeePerGas[0m
[32meth_maxPriorityFeePerGas (2)[0m
[32meth_maxPriorityFeePerGas (3)[0m
[32meth_chainId[0m
[32meth_chainId (2)[0m
[32meth_chainId (3)[0m
[32meth_chainId (4)[0m
[32meth_chainId (5)[0m
[32meth_chainId (6)[0m
[32meth_estimateGas[0m
[32meth_estimateGas (2)[0m
[32meth_estimateGas (3)[0m
[32meth_gasPrice[0m
[32meth_gasPrice (2)[0m
[32meth_gasPrice (3)[0m
[32meth_chainId[0m
[32meth_chainId (2)[0m
[32meth_chainId (3)[0m
[32meth_sendRawTransaction[0m
  Contract call:       JobContract#recordClientUpdate
  Transaction:         0xa3f77ab09474545e968bfc20c377296d05b829d1bec621e477c275592857d60e
  From:                0xf39fd6e51aad88f6f4ce6ab8827279cfffb92266
  To:                  0xeebe00ac0756308ac4aabfd76c05c4f3088b8883
  Value:               0 ETH
  Gas used:            145243 of 174292
  Block #10:           0x62aac47a48f8e27dbed8a86cda35b17f30ca0736aec5bc149ed44822d06338b3

[31meth_sendRawTransaction[0m

  Nonce too low. Expected nonce to be 7 but got 6. Note that transactions can't be queued when automining.

[31meth_sendRawTransaction[0m

  Nonce too low. Expected nonce to be 7 but got 6. Note that transactions can't be queued when automining.

[32meth_getTransactionReceipt[0m
[32meth_getTransactionCount[0m
[32meth_chainId[0m
[32meth_estimateGas[0m
[32meth_maxPriorityFeePerGas[0m
[32meth_getBlockByNumber[0m
[32meth_maxPriorityFeePerGas[0m
[32meth_chainId[0m
[32meth_chainId (2)[0m
[32meth_estimateGas[0m
[32meth_gasPrice[0m
[32meth_chainId[0m
[32meth_sendRawTransaction[0m
  Contract call:       JobContract#publishGlobalModel
  Transaction:         0x45dd98f75508bd0683a2998981dc6e0ec10e4018ddf7d356280cd221b2a04a9c
  From:                0xf39fd6e51aad88f6f4ce6ab8827279cfffb92266
  To:                  0xeebe00ac0756308ac4aabfd76c05c4f3088b8883
  Value:               0 ETH
  Gas used:            35933 of 43120
  Block #11:           0x36684d4e4ba2be460230cf032a018fbf39246eb89b62b7a57d9f28fded0488f3

[32meth_getTransactionReceipt[0m
[32meth_getTransactionCount[0m
[32meth_chainId[0m
[32meth_estimateGas[0m
[32meth_maxPriorityFeePerGas[0m
[32meth_getBlockByNumber[0m
[32meth_maxPriorityFeePerGas[0m
[32meth_chainId[0m
[32meth_chainId (2)[0m
[32meth_estimateGas[0m
[32meth_gasPrice[0m
[32meth_chainId[0m
[32meth_sendRawTransaction[0m
  Contract call:       JobContract#recordClientUpdate
  Transaction:         0x8056f647621b342918511e54afca7bc3192a7d59eaa2109da29c13f74d19d071
  From:                0xf39fd6e51aad88f6f4ce6ab8827279cfffb92266
  To:                  0xeebe00ac0756308ac4aabfd76c05c4f3088b8883
  Value:               0 ETH
  Gas used:            93943 of 112732
  Block #12:           0x470140c935fcdfbf4089a607252f05d0e1aa52b66212bd48cfce296118dd6b2f

[32meth_getTransactionReceipt[0m
[32meth_getTransactionCount[0m
[32meth_chainId[0m
[32meth_estimateGas[0m
[32meth_maxPriorityFeePerGas[0m
[32meth_getBlockByNumber[0m
[32meth_maxPriorityFeePerGas[0m
[32meth_chainId[0m
[32meth_chainId (2)[0m
[32meth_estimateGas[0m
[32meth_gasPrice[0m
[32meth_chainId[0m
[32meth_sendRawTransaction[0m
  Contract call:       JobContract#recordClientUpdate
  Transaction:         0x5d5912f4b0f8ae918e36119e7d31261ff8d317a4895b4fb5f8c0147455adeef7
  From:                0xf39fd6e51aad88f6f4ce6ab8827279cfffb92266
  To:                  0xeebe00ac0756308ac4aabfd76c05c4f3088b8883
  Value:               0 ETH
  Gas used:            96979 of 116375
  Block #13:           0x512f1f68ff4b18e39ac91f725354971f09ffc5087af0513c89a57d778800b982

[32meth_getTransactionReceipt[0m
[32meth_getTransactionCount[0m
[32meth_chainId[0m
[31meth_estimateGas[0m
  Contract call:       JobContract#recordClientUpdate
  From:                0xf39fd6e51aad88f6f4ce6ab8827279cfffb92266
  To:                  0xeebe00ac0756308ac4aabfd76c05c4f3088b8883
  Value:               0 ETH

  Error: reverted with reason string 'All updates completed'

[32meth_getTransactionCount[0m
[32meth_chainId[0m
[32meth_estimateGas[0m
[32meth_maxPriorityFeePerGas[0m
[32meth_getBlockByNumber[0m
[32meth_maxPriorityFeePerGas[0m
[32meth_chainId[0m
[32meth_chainId (2)[0m
[32meth_estimateGas[0m
[32meth_gasPrice[0m
[32meth_chainId[0m
[32meth_sendRawTransaction[0m
  Contract call:       JobContract#publishGlobalModel
  Transaction:         0xfa2a6777e23bef253028493f53c092967cfbd6d3172a09a30ec7f3b02ce0dd26
  From:                0xf39fd6e51aad88f6f4ce6ab8827279cfffb92266
  To:                  0xeebe00ac0756308ac4aabfd76c05c4f3088b8883
  Value:               0 ETH
  Gas used:            35933 of 43120
  Block #14:           0x285f54d5adf9b07dd106b28ad37c271535edf06f0398b943f495de97408fbfe5

[32meth_getTransactionReceipt[0m
[32meth_getTransactionCount[0m
[32meth_chainId[0m
[31meth_estimateGas[0m
  Contract call:       JobContract#recordClientUpdate
  From:                0xf39fd6e51aad88f6f4ce6ab8827279cfffb92266
  To:                  0xeebe00ac0756308ac4aabfd76c05c4f3088b8883
  Value:               0 ETH

  Error: reverted with reason string 'All updates completed'

[32meth_getTransactionCount[0m
[32meth_chainId[0m
[31meth_estimateGas[0m
  Contract call:       JobContract#recordClientUpdate
  From:                0xf39fd6e51aad88f6f4ce6ab8827279cfffb92266
  To:                  0xeebe00ac0756308ac4aabfd76c05c4f3088b8883
  Value:               0 ETH

  Error: reverted with reason string 'All updates completed'

[32meth_getTransactionCount[0m
[32meth_chainId[0m
[31meth_estimateGas[0m
  Contract call:       JobContract#recordClientUpdate
  From:                0xf39fd6e51aad88f6f4ce6ab8827279cfffb92266
  To:                  0xeebe00ac0756308ac4aabfd76c05c4f3088b8883
  Value:               0 ETH

  Error: reverted with reason string 'All updates completed'

[32meth_getTransactionCount[0m
[32meth_chainId[0m
[32meth_estimateGas[0m
[32meth_maxPriorityFeePerGas[0m
[32meth_getBlockByNumber[0m
[32meth_maxPriorityFeePerGas[0m
[32meth_chainId[0m
[32meth_chainId (2)[0m
[32meth_estimateGas[0m
[32meth_gasPrice[0m
[32meth_chainId[0m
[32meth_sendRawTransaction[0m
  Contract call:       JobContract#publishGlobalModel
  Transaction:         0x8f133b9c19767b1cb34cf4a089f35a989444990bcdc7c4aeb03dde412c4428a4
  From:                0xf39fd6e51aad88f6f4ce6ab8827279cfffb92266
  To:                  0xeebe00ac0756308ac4aabfd76c05c4f3088b8883
  Value:               0 ETH
  Gas used:            35933 of 43120
  Block #15:           0x4802d8663404656569b8545efa0297b64a4c358c39d4a0db4163da671254854a

[32meth_getTransactionReceipt[0m
