[93mWARNING [0m:   DEPRECATED FEATURE: flwr.client.start_client() is deprecated.
	Instead, use the `flower-supernode` CLI command to start a SuperNode as shown below:

		$ flower-supernode --insecure --superlink='<IP>:<PORT>'

	To view all available options, run:

		$ flower-supernode --help

	Using `start_client()` is deprecated.

            This is a deprecated feature. It will be removed
            entirely in future versions of Flower.
        
[92mINFO [0m:      
[92mINFO [0m:      Received: get_parameters message 4dc031db-5943-4416-9b8c-51e1e3e0ac60
[92mINFO [0m:      Sent reply
[92mINFO [0m:      
[92mINFO [0m:      Received: train message 231cefe0-73d7-4ab0-a784-cf799cbce42f
[92mINFO [0m:      Sent reply
[92mINFO [0m:      
[92mINFO [0m:      Received: train message 84648daf-0232-41a5-a300-e3136353b0d0
[92mINFO [0m:      Sent reply
[92mINFO [0m:      
[92mINFO [0m:      Received: train message 139a4f6c-356f-48f5-ab83-bc9900e5c501
[92mINFO [0m:      Sent reply
[92mINFO [0m:      
[92mINFO [0m:      Received: reconnect message fabf8f04-7070-4bdb-a317-a92c3c71519c
[92mINFO [0m:      Disconnect and shut down

======================================================================
 BASELINE CLIENT 0/4 — conectando em 0.0.0.0:8081
======================================================================

[Cliente 0] Modelo=mnistnet  Dataset=mnist
[Dataset] Node 0: índices 0-12000 (12000 amostras)
[Cliente 0] Treino: 12000 amostras
[Cliente 0] Teste:  10000 amostras
[BaselineClient 0] Rodada ?: treinando...
[BaselineClient 0] Rodada ?: treinando...
[BaselineClient 0] Rodada ?: treinando...
