[93mWARNING [0m:   DEPRECATED FEATURE: flwr.client.start_client() is deprecated.
	Instead, use the `flower-supernode` CLI command to start a SuperNode as shown below:

		$ flower-supernode --insecure --superlink='<IP>:<PORT>'

	To view all available options, run:

		$ flower-supernode --help

	Using `start_client()` is deprecated.

            This is a deprecated feature. It will be removed
            entirely in future versions of Flower.
        
[92mINFO [0m:      
[92mINFO [0m:      Received: train message d71219bc-3681-4e67-84e6-3983a6764bab
[92mINFO [0m:      Sent reply
[92mINFO [0m:      
[92mINFO [0m:      Received: train message d2e0e54f-f495-4edf-9d79-4d775a744f77
[92mINFO [0m:      Sent reply
[92mINFO [0m:      
[92mINFO [0m:      Received: train message 71c3f5a2-4128-4c1e-a0d0-f0ac865c1513
[92mINFO [0m:      Sent reply
[92mINFO [0m:      
[92mINFO [0m:      Received: reconnect message 7c2ab46a-b7d6-4ae6-87e4-beec23c6cbef
[92mINFO [0m:      Disconnect and shut down

======================================================================
 BASELINE CLIENT 4/4 — conectando em 0.0.0.0:8081
======================================================================

[Cliente 4] Modelo=mnistnet  Dataset=mnist
[Dataset] Node 4: índices 48000-60000 (12000 amostras)
[Cliente 4] Treino: 12000 amostras
[Cliente 4] Teste:  10000 amostras
[BaselineClient 4] Rodada ?: treinando...
[BaselineClient 4] Rodada ?: treinando...
[BaselineClient 4] Rodada ?: treinando...
