[93mWARNING [0m:   DEPRECATED FEATURE: flwr.client.start_client() is deprecated.
	Instead, use the `flower-supernode` CLI command to start a SuperNode as shown below:

		$ flower-supernode --insecure --superlink='<IP>:<PORT>'

	To view all available options, run:

		$ flower-supernode --help

	Using `start_client()` is deprecated.

            This is a deprecated feature. It will be removed
            entirely in future versions of Flower.
        
[92mINFO [0m:      
[92mINFO [0m:      Received: train message 712d7c88-1fba-44c0-b763-1bd8d50b5754
[92mINFO [0m:      Sent reply
[92mINFO [0m:      
[92mINFO [0m:      Received: train message ccd206d6-8d17-43a9-bf57-1323d846fa8f
[92mINFO [0m:      Sent reply
[92mINFO [0m:      
[92mINFO [0m:      Received: train message 498ce553-caa4-45f5-ad8e-7d17b18ee5c0
[92mINFO [0m:      Sent reply
[92mINFO [0m:      
[92mINFO [0m:      Received: reconnect message 1f57f629-6096-4e41-a3ee-b36d36deb35b
[92mINFO [0m:      Disconnect and shut down

======================================================================
 BASELINE CLIENT 3/4 — conectando em 0.0.0.0:8081
======================================================================

[Cliente 3] Modelo=mnistnet  Dataset=mnist
[Dataset] Node 3: índices 36000-48000 (12000 amostras)
[Cliente 3] Treino: 12000 amostras
[Cliente 3] Teste:  10000 amostras
[BaselineClient 3] Rodada ?: treinando...
[BaselineClient 3] Rodada ?: treinando...
[BaselineClient 3] Rodada ?: treinando...
