[93mWARNING [0m:   DEPRECATED FEATURE: flwr.client.start_client() is deprecated.
	Instead, use the `flower-supernode` CLI command to start a SuperNode as shown below:

		$ flower-supernode --insecure --superlink='<IP>:<PORT>'

	To view all available options, run:

		$ flower-supernode --help

	Using `start_client()` is deprecated.

            This is a deprecated feature. It will be removed
            entirely in future versions of Flower.
        
[92mINFO [0m:      
[92mINFO [0m:      Received: train message 92a40c99-3921-41a0-a49b-ff55e633a43a
[92mINFO [0m:      Sent reply
[92mINFO [0m:      
[92mINFO [0m:      Received: train message 8b913e11-eae0-4ccf-a4d2-8343e8c691c8
[92mINFO [0m:      Sent reply
[92mINFO [0m:      
[92mINFO [0m:      Received: train message b3699d61-7ac8-4cda-8a5d-61f1787666c1
[92mINFO [0m:      Sent reply
[92mINFO [0m:      
[92mINFO [0m:      Received: reconnect message 91c10c47-f8ac-413f-9f26-bbcedf304238
[92mINFO [0m:      Disconnect and shut down

======================================================================
 BASELINE CLIENT 1/7 — conectando em 0.0.0.0:8081
======================================================================

[Cliente 1] Modelo=mnistnet  Dataset=mnist
[Dataset] Node 1: índices 7500-15000 (7500 amostras)
[Cliente 1] Treino: 7500 amostras
[Cliente 1] Teste:  10000 amostras
[BaselineClient 1] Rodada ?: treinando (fedprox(mu=0.1))...
[BaselineClient 1] Rodada ?: treinando (fedprox(mu=0.1))...
[BaselineClient 1] Rodada ?: treinando (fedprox(mu=0.1))...
