[93mWARNING [0m:   DEPRECATED FEATURE: flwr.client.start_client() is deprecated.
	Instead, use the `flower-supernode` CLI command to start a SuperNode as shown below:

		$ flower-supernode --insecure --superlink='<IP>:<PORT>'

	To view all available options, run:

		$ flower-supernode --help

	Using `start_client()` is deprecated.

            This is a deprecated feature. It will be removed
            entirely in future versions of Flower.
        
[92mINFO [0m:      
[92mINFO [0m:      Received: train message fa3475f2-14fc-49d2-bc57-a9ebd31a8c27
[92mINFO [0m:      Sent reply
[92mINFO [0m:      
[92mINFO [0m:      Received: train message f715997c-6578-4c5a-b231-7b7de82804b3
[92mINFO [0m:      Sent reply
[92mINFO [0m:      
[92mINFO [0m:      Received: train message 7aac3865-091c-490f-a1eb-574a5cbcb6ab
[92mINFO [0m:      Sent reply
[92mINFO [0m:      
[92mINFO [0m:      Received: reconnect message ca5d4613-37c3-4f14-bc42-3ad7894a87c2
[92mINFO [0m:      Disconnect and shut down

======================================================================
 BASELINE CLIENT 4/7 — conectando em 0.0.0.0:8081
======================================================================

[Cliente 4] Modelo=mnistnet  Dataset=mnist
[Dataset] Node 4: índices 30000-37500 (7500 amostras)
[Cliente 4] Treino: 7500 amostras
[Cliente 4] Teste:  10000 amostras
[BaselineClient 4] Rodada ?: treinando (fedprox(mu=0.1))...
[BaselineClient 4] Rodada ?: treinando (fedprox(mu=0.1))...
[BaselineClient 4] Rodada ?: treinando (fedprox(mu=0.1))...
