[93mWARNING [0m:   DEPRECATED FEATURE: flwr.client.start_client() is deprecated.
	Instead, use the `flower-supernode` CLI command to start a SuperNode as shown below:

		$ flower-supernode --insecure --superlink='<IP>:<PORT>'

	To view all available options, run:

		$ flower-supernode --help

	Using `start_client()` is deprecated.

            This is a deprecated feature. It will be removed
            entirely in future versions of Flower.
        
[92mINFO [0m:      
[92mINFO [0m:      Received: train message cdfcc80c-f83d-4e2a-98c5-01df442524c6
[92mINFO [0m:      Sent reply
[92mINFO [0m:      
[92mINFO [0m:      Received: train message 0ff3b052-1874-4a52-ba3c-a5bf457e3861
[92mINFO [0m:      Sent reply
[92mINFO [0m:      
[92mINFO [0m:      Received: train message d749e083-69d7-45f7-85c9-f26a0ab62310
[92mINFO [0m:      Sent reply
[92mINFO [0m:      
[92mINFO [0m:      Received: reconnect message 9efd7daa-33ac-4607-9402-bb3fdec6bba8
[92mINFO [0m:      Disconnect and shut down

======================================================================
 BASELINE CLIENT 7/7 — conectando em 0.0.0.0:8081
======================================================================

[Cliente 7] Modelo=mnistnet  Dataset=mnist
[Dataset] Node 7: índices 52500-60000 (7500 amostras)
[Cliente 7] Treino: 7500 amostras
[Cliente 7] Teste:  10000 amostras
[BaselineClient 7] Rodada ?: treinando (fedprox(mu=0.1))...
[BaselineClient 7] Rodada ?: treinando (fedprox(mu=0.1))...
[BaselineClient 7] Rodada ?: treinando (fedprox(mu=0.1))...
