
======================================================================
 MULTI-RUN  modes=['baseline']  N=[3, 5]  rounds=3  reps=3
======================================================================

======================================================================
 >> N=3 rep=1 mode=baseline seed=1
======================================================================
   acc=0.9733  gas=0.000000  time=188.50s

======================================================================
 >> N=3 rep=2 mode=baseline seed=2
======================================================================
   acc=0.9737  gas=0.000000  time=183.85s

======================================================================
 >> N=3 rep=3 mode=baseline seed=3
======================================================================
   acc=0.9743  gas=0.000000  time=140.79s

======================================================================
 >> N=5 rep=1 mode=baseline seed=1
======================================================================
   acc=0.9681  gas=0.000000  time=650.99s

======================================================================
 >> N=5 rep=2 mode=baseline seed=2
======================================================================
   acc=0.9662  gas=0.000000  time=178.09s

======================================================================
 >> N=5 rep=3 mode=baseline seed=3
======================================================================
   acc=0.9684  gas=0.000000  time=153.72s

======================================================================
 SUMMARY
======================================================================
 salvo em: results/multi_run/summary.json

|   N |   mean_acc |   std_acc |   mean_time_s |   std_time_s | mean_gas_eth   | std_gas_eth   |
|-----|------------|-----------|---------------|--------------|----------------|---------------|
|   3 |     0.9738 |    0.0005 |        171.05 |        26.3  | -              | -             |
|   5 |     0.9676 |    0.0012 |        327.6  |       280.33 | -              | -             |
