[93mWARNING [0m:   DEPRECATED FEATURE: flwr.client.start_client() is deprecated.
	Instead, use the `flower-supernode` CLI command to start a SuperNode as shown below:

		$ flower-supernode --insecure --superlink='<IP>:<PORT>'

	To view all available options, run:

		$ flower-supernode --help

	Using `start_client()` is deprecated.

            This is a deprecated feature. It will be removed
            entirely in future versions of Flower.
        
[92mINFO [0m:      
[92mINFO [0m:      Received: get_parameters message 2b1e1176-e7e4-4358-9550-989330e8c4fc
[92mINFO [0m:      Sent reply
[92mINFO [0m:      
[92mINFO [0m:      Received: train message 1ce7d94d-9fb8-4e3d-b77d-3de18d8808ad
[92mINFO [0m:      Sent reply
[92mINFO [0m:      
[92mINFO [0m:      Received: train message 2d018caa-14d2-4b72-b0b5-975225328b85
[92mINFO [0m:      Sent reply
[92mINFO [0m:      
[92mINFO [0m:      Received: train message d01173ae-1087-435f-bd5c-163f0fffd92b
[92mINFO [0m:      Sent reply
[92mINFO [0m:      
[92mINFO [0m:      Received: reconnect message 56fd7251-c472-4cb4-8a4f-9b8da2219c08
[92mINFO [0m:      Disconnect and shut down

======================================================================
 BASELINE CLIENT 0/2 — conectando em 0.0.0.0:8081
======================================================================

[Cliente 0] Modelo=mnistnet  Dataset=mnist
[Dataset] Node 0: índices 0-20000 (20000 amostras)
[Cliente 0] Treino: 20000 amostras
[Cliente 0] Teste:  10000 amostras
[BaselineClient 0] Rodada ?: treinando...
[BaselineClient 0] Rodada ?: treinando...
[BaselineClient 0] Rodada ?: treinando...
