[93mWARNING [0m:   DEPRECATED FEATURE: flwr.client.start_client() is deprecated.
	Instead, use the `flower-supernode` CLI command to start a SuperNode as shown below:

		$ flower-supernode --insecure --superlink='<IP>:<PORT>'

	To view all available options, run:

		$ flower-supernode --help

	Using `start_client()` is deprecated.

            This is a deprecated feature. It will be removed
            entirely in future versions of Flower.
        
[92mINFO [0m:      
[92mINFO [0m:      Received: train message 6f92933d-eabd-4547-8a0a-52b66e1f87c9
[92mINFO [0m:      Sent reply
[92mINFO [0m:      
[92mINFO [0m:      Received: train message 1d3511c7-1034-47e1-aaf1-892681a18dab
[92mINFO [0m:      Sent reply
[92mINFO [0m:      
[92mINFO [0m:      Received: train message 72853cef-9e46-48bf-8566-5a3cef1679ff
[92mINFO [0m:      Sent reply
[92mINFO [0m:      
[92mINFO [0m:      Received: reconnect message 8ec84843-97cb-484f-b646-1c432df67baa
[92mINFO [0m:      Disconnect and shut down

======================================================================
 BASELINE CLIENT 4/5 — conectando em 0.0.0.0:8081
======================================================================

[Cliente 4] Modelo=mnistnet  Dataset=mnist
[Dataset] Node 4: índices 40000-50000 (10000 amostras)
[Cliente 4] Treino: 10000 amostras
[Cliente 4] Teste:  10000 amostras
[BaselineClient 4] Rodada ?: treinando (fedprox(mu=0.1))...
[BaselineClient 4] Rodada ?: treinando (fedprox(mu=0.1))...
[BaselineClient 4] Rodada ?: treinando (fedprox(mu=0.1))...
