[93mWARNING [0m:   DEPRECATED FEATURE: flwr.client.start_client() is deprecated.
	Instead, use the `flower-supernode` CLI command to start a SuperNode as shown below:

		$ flower-supernode --insecure --superlink='<IP>:<PORT>'

	To view all available options, run:

		$ flower-supernode --help

	Using `start_client()` is deprecated.

            This is a deprecated feature. It will be removed
            entirely in future versions of Flower.
        
[92mINFO [0m:      
[92mINFO [0m:      Received: train message 2d457f2a-9700-489a-8e37-823d8eea89e2
[92mINFO [0m:      Sent reply
[92mINFO [0m:      
[92mINFO [0m:      Received: train message 773195a7-7df9-4202-ba0c-c809fbcb9298
[92mINFO [0m:      Sent reply
[92mINFO [0m:      
[92mINFO [0m:      Received: train message 8ae0b04a-b246-438a-ba28-bd03bf222bb4
[92mINFO [0m:      Sent reply
[92mINFO [0m:      
[92mINFO [0m:      Received: reconnect message c338dead-cdc5-4365-8571-7b9fa95f02d9
[92mINFO [0m:      Disconnect and shut down

======================================================================
 BASELINE CLIENT 5/5 — conectando em 0.0.0.0:8081
======================================================================

[Cliente 5] Modelo=mnistnet  Dataset=mnist
[Dataset] Node 5: índices 50000-60000 (10000 amostras)
[Cliente 5] Treino: 10000 amostras
[Cliente 5] Teste:  10000 amostras
[BaselineClient 5] Rodada ?: treinando (fedprox(mu=0.1))...
[BaselineClient 5] Rodada ?: treinando (fedprox(mu=0.1))...
[BaselineClient 5] Rodada ?: treinando (fedprox(mu=0.1))...
