[93mWARNING [0m:   DEPRECATED FEATURE: flwr.client.start_client() is deprecated.
	Instead, use the `flower-supernode` CLI command to start a SuperNode as shown below:

		$ flower-supernode --insecure --superlink='<IP>:<PORT>'

	To view all available options, run:

		$ flower-supernode --help

	Using `start_client()` is deprecated.

            This is a deprecated feature. It will be removed
            entirely in future versions of Flower.
        
[92mINFO [0m:      
[92mINFO [0m:      Received: train message f1bfaa25-b1c3-41bd-9b7b-53f62226ebe9
[92mINFO [0m:      Sent reply
[92mINFO [0m:      
[92mINFO [0m:      Received: train message f7f719a0-b51e-43b3-8d8a-3d07cc052ffb
[92mINFO [0m:      Sent reply
[92mINFO [0m:      
[92mINFO [0m:      Received: train message 3c538df0-a80f-4c9c-82a2-1abc0eaa0197
[92mINFO [0m:      Sent reply
[92mINFO [0m:      
[92mINFO [0m:      Received: reconnect message 2c6d0334-b4cd-4c21-964b-447039f4968c
[92mINFO [0m:      Disconnect and shut down

======================================================================
 BASELINE CLIENT 2/7 — conectando em 0.0.0.0:8081
======================================================================

[Cliente 2] Modelo=mnistnet  Dataset=mnist
[Dataset] Node 2: índices 15000-22500 (7500 amostras)
[Cliente 2] Treino: 7500 amostras
[Cliente 2] Teste:  10000 amostras
[BaselineClient 2] Rodada ?: treinando (fedavg)...
[BaselineClient 2] Rodada ?: treinando (fedavg)...
[BaselineClient 2] Rodada ?: treinando (fedavg)...
