[93mWARNING [0m:   DEPRECATED FEATURE: flwr.client.start_client() is deprecated.
	Instead, use the `flower-supernode` CLI command to start a SuperNode as shown below:

		$ flower-supernode --insecure --superlink='<IP>:<PORT>'

	To view all available options, run:

		$ flower-supernode --help

	Using `start_client()` is deprecated.

            This is a deprecated feature. It will be removed
            entirely in future versions of Flower.
        
[92mINFO [0m:      
[92mINFO [0m:      Received: train message e17d60d2-170c-4c45-9639-efca7f985e7a
[92mINFO [0m:      Sent reply
[92mINFO [0m:      
[92mINFO [0m:      Received: train message 779855b4-51b1-47d8-b6a0-065337b66098
[92mINFO [0m:      Sent reply
[92mINFO [0m:      
[92mINFO [0m:      Received: train message 7166972c-246e-4010-bdb6-a461927b59a8
[92mINFO [0m:      Sent reply
[92mINFO [0m:      
[92mINFO [0m:      Received: reconnect message 133ec5f0-a383-437a-9532-d8d9865be47e
[92mINFO [0m:      Disconnect and shut down

======================================================================
 BASELINE CLIENT 4/7 — conectando em 0.0.0.0:8081
======================================================================

[Cliente 4] Modelo=mnistnet  Dataset=mnist
[Dataset] Node 4: índices 30000-37500 (7500 amostras)
[Cliente 4] Treino: 7500 amostras
[Cliente 4] Teste:  10000 amostras
[BaselineClient 4] Rodada ?: treinando (fedavg)...
[BaselineClient 4] Rodada ?: treinando (fedavg)...
[BaselineClient 4] Rodada ?: treinando (fedavg)...
