[93mWARNING [0m:   DEPRECATED FEATURE: flwr.client.start_client() is deprecated.
	Instead, use the `flower-supernode` CLI command to start a SuperNode as shown below:

		$ flower-supernode --insecure --superlink='<IP>:<PORT>'

	To view all available options, run:

		$ flower-supernode --help

	Using `start_client()` is deprecated.

            This is a deprecated feature. It will be removed
            entirely in future versions of Flower.
        
[92mINFO [0m:      
[92mINFO [0m:      Received: train message cda6b252-5c12-478d-8f78-86f8b2b5c033
[92mINFO [0m:      Sent reply
[92mINFO [0m:      
[92mINFO [0m:      Received: train message 53524666-955e-4b74-b625-4c9bbb2e38d6
[92mINFO [0m:      Sent reply
[92mINFO [0m:      
[92mINFO [0m:      Received: train message 06e3411b-26e3-46c3-9d62-777fed4c7bbe
[92mINFO [0m:      Sent reply
[92mINFO [0m:      
[92mINFO [0m:      Received: reconnect message 19811d04-5cf0-49bb-a521-c23236282e95
[92mINFO [0m:      Disconnect and shut down

======================================================================
 BASELINE CLIENT 3/7 — conectando em 0.0.0.0:8081
======================================================================

[Cliente 3] Modelo=mnistnet  Dataset=mnist
[Dataset] Node 3: índices 22500-30000 (7500 amostras)
[Cliente 3] Treino: 7500 amostras
[Cliente 3] Teste:  10000 amostras
[BaselineClient 3] Rodada ?: treinando (fedavg)...
[BaselineClient 3] Rodada ?: treinando (fedavg)...
[BaselineClient 3] Rodada ?: treinando (fedavg)...
