
======================================================================
 BASELINE CLIENT 1/1 — conectando em 0.0.0.0:8081
======================================================================

[Cliente 1] Modelo=resnet18  Dataset=cifar10
[Dataset] Node 1: 28243 amostras CIFAR-10 (α=0.5)
[Cliente 1] Treino: 28243 amostras
[Cliente 1] Teste:  10000 amostras
[93mWARNING [0m:   DEPRECATED FEATURE: flwr.client.start_client() is deprecated.
	Instead, use the `flower-supernode` CLI command to start a SuperNode as shown below:

		$ flower-supernode --insecure --superlink='<IP>:<PORT>'

	To view all available options, run:

		$ flower-supernode --help

	Using `start_client()` is deprecated.

            This is a deprecated feature. It will be removed
            entirely in future versions of Flower.
        
[92mINFO [0m:      
[92mINFO [0m:      Received: train message be1c8ddc-5a15-4b48-a5a8-69cc0510bd89
[BaselineClient 1] Rodada ?: treinando...
[92mINFO [0m:      Sent reply
[92mINFO [0m:      
[92mINFO [0m:      Received: train message 350c3a64-ae78-4c77-85c9-2d1f90b74f18
[BaselineClient 1] Rodada ?: treinando...
[92mINFO [0m:      Sent reply
[92mINFO [0m:      
[92mINFO [0m:      Received: reconnect message b9acb64a-a4ff-4c15-8dfa-9037c1e771ae
[92mINFO [0m:      Disconnect and shut down
