
======================================================================
 FLOWER FEDERATED LEARNING SERVER — BASELINE (sem blockchain/IPFS)
======================================================================
 ROUNDS=2  MIN_CLIENTS=2  PORT=0.0.0.0:8081
[93mWARNING [0m:   DEPRECATED FEATURE: flwr.server.start_server() is deprecated.
	Instead, use the `flower-superlink` CLI command to start a SuperLink as shown below:

		$ flower-superlink --insecure

	To view usage and all available options, run:

		$ flower-superlink --help

	Using `start_server()` is deprecated.

            This is a deprecated feature. It will be removed
            entirely in future versions of Flower.
        
[92mINFO [0m:      Starting Flower server, config: num_rounds=2, no round_timeout
[92mINFO [0m:      Flower ECE: gRPC server running (2 rounds), SSL is disabled
[92mINFO [0m:      [INIT]
[92mINFO [0m:      Requesting initial parameters from one random client
[92mINFO [0m:      Received initial parameters from one random client
[92mINFO [0m:      Starting evaluation of initial global parameters
[92mINFO [0m:      Evaluation returned no results (`None`)
[92mINFO [0m:      
[92mINFO [0m:      [ROUND 1]
[92mINFO [0m:      configure_fit: strategy sampled 2 clients (out of 2)
[92mINFO [0m:      aggregate_fit: received 2 results and 0 failures

======================================================================
 [BASELINE] ROUND 1/2
======================================================================
 [BASELINE] Round 1: train≈1903.41s  agg=0.159s
[92mINFO [0m:      configure_evaluate: no clients selected, skipping evaluation
[92mINFO [0m:      
[92mINFO [0m:      [ROUND 2]
[92mINFO [0m:      configure_fit: strategy sampled 2 clients (out of 2)
[92mINFO [0m:      aggregate_fit: received 2 results and 0 failures

======================================================================
 [BASELINE] ROUND 2/2
======================================================================
 [BASELINE] Round 2: train≈2215.21s  agg=0.184s
[92mINFO [0m:      configure_evaluate: no clients selected, skipping evaluation
[92mINFO [0m:      
[92mINFO [0m:      [SUMMARY]
[92mINFO [0m:      Run finished 2 round(s) in 3663.47s
[92mINFO [0m:      	History (metrics, distributed, fit):
[92mINFO [0m:      	{'accuracy': [(1, 0.56928), (2, 0.69254)],
[92mINFO [0m:      	 'loss': [(1, 1.2185669635331866), (2, 0.8884701287297534)]}
[92mINFO [0m:      

 Métricas baseline salvas em: results/cifar10_test.json

======================================================================
 RESUMO BASELINE
======================================================================
  Round  1: accuracy=0.5693  train_time=1903.41s
  Round  2: accuracy=0.6925  train_time=2215.21s

 Tempo total do experimento: 4128.12s
 Acurácia final: 0.6925
