[93mWARNING [0m:   DEPRECATED FEATURE: flwr.client.start_client() is deprecated.
	Instead, use the `flower-supernode` CLI command to start a SuperNode as shown below:

		$ flower-supernode --insecure --superlink='<IP>:<PORT>'

	To view all available options, run:

		$ flower-supernode --help

	Using `start_client()` is deprecated.

            This is a deprecated feature. It will be removed
            entirely in future versions of Flower.
        
[92mINFO [0m:      
[92mINFO [0m:      Received: train message da197dc5-38c6-4674-b866-d4edd85df825
[92mINFO [0m:      Sent reply
[92mINFO [0m:      
[92mINFO [0m:      Received: train message 198752b1-4c64-4beb-a2f6-46bf051b7f78
[92mINFO [0m:      Sent reply
[92mINFO [0m:      
[92mINFO [0m:      Received: train message 74630e34-58e5-4d11-82fc-8bd98a779ff8
[92mINFO [0m:      Sent reply
[92mINFO [0m:      
[92mINFO [0m:      Received: reconnect message 29c65253-1624-4acf-ab3f-edee1f8eaf57
[92mINFO [0m:      Disconnect and shut down

======================================================================
 BASELINE CLIENT 5/9 — conectando em 0.0.0.0:8081
======================================================================

[Cliente 5] Modelo=mnistnet  Dataset=mnist
[Dataset] Node 5: índices 30000-36000 (6000 amostras)
[Cliente 5] Treino: 6000 amostras
[Cliente 5] Teste:  10000 amostras
[BaselineClient 5] Rodada ?: treinando (fedprox(mu=0.1))...
[BaselineClient 5] Rodada ?: treinando (fedprox(mu=0.1))...
[BaselineClient 5] Rodada ?: treinando (fedprox(mu=0.1))...
