[93mWARNING [0m:   DEPRECATED FEATURE: flwr.client.start_client() is deprecated.
	Instead, use the `flower-supernode` CLI command to start a SuperNode as shown below:

		$ flower-supernode --insecure --superlink='<IP>:<PORT>'

	To view all available options, run:

		$ flower-supernode --help

	Using `start_client()` is deprecated.

            This is a deprecated feature. It will be removed
            entirely in future versions of Flower.
        
[92mINFO [0m:      
[92mINFO [0m:      Received: train message 72ed182f-6a83-46d5-b72d-b780a19657cb
[92mINFO [0m:      Sent reply
[92mINFO [0m:      
[92mINFO [0m:      Received: train message d67d35c7-3d6a-481b-8f09-783cc37b4eed
[92mINFO [0m:      Sent reply
[92mINFO [0m:      
[92mINFO [0m:      Received: train message 363695c3-d24c-4c1e-aa4b-fd9821aca4f0
[92mINFO [0m:      Sent reply
[92mINFO [0m:      
[92mINFO [0m:      Received: reconnect message 8abb944d-fdbf-49df-aa53-0bc6e92bdf25
[92mINFO [0m:      Disconnect and shut down

======================================================================
 BASELINE CLIENT 6/9 — conectando em 0.0.0.0:8081
======================================================================

[Cliente 6] Modelo=mnistnet  Dataset=mnist
[Dataset] Node 6: índices 36000-42000 (6000 amostras)
[Cliente 6] Treino: 6000 amostras
[Cliente 6] Teste:  10000 amostras
[BaselineClient 6] Rodada ?: treinando (fedprox(mu=0.1))...
[BaselineClient 6] Rodada ?: treinando (fedprox(mu=0.1))...
[BaselineClient 6] Rodada ?: treinando (fedprox(mu=0.1))...
