[93mWARNING [0m:   DEPRECATED FEATURE: flwr.client.start_client() is deprecated.
	Instead, use the `flower-supernode` CLI command to start a SuperNode as shown below:

		$ flower-supernode --insecure --superlink='<IP>:<PORT>'

	To view all available options, run:

		$ flower-supernode --help

	Using `start_client()` is deprecated.

            This is a deprecated feature. It will be removed
            entirely in future versions of Flower.
        
[92mINFO [0m:      
[92mINFO [0m:      Received: get_parameters message f95d5af6-2d5b-49a9-9ec2-267d53bda083
[92mINFO [0m:      Sent reply
[92mINFO [0m:      
[92mINFO [0m:      Received: train message e6105e16-cfb6-46c3-9040-8497b868ab69
[92mINFO [0m:      Sent reply
[92mINFO [0m:      
[92mINFO [0m:      Received: train message 63239c65-da1f-4d6d-814f-8bfb87435413
[92mINFO [0m:      Sent reply
[92mINFO [0m:      
[92mINFO [0m:      Received: train message 0d07d2b2-7c89-4ffd-b1c1-208f0359c0bc
[92mINFO [0m:      Sent reply
[92mINFO [0m:      
[92mINFO [0m:      Received: reconnect message 28bc1683-249b-4c0c-b36f-5cadaf111e34
[92mINFO [0m:      Disconnect and shut down

======================================================================
 BASELINE CLIENT 0/9 — conectando em 0.0.0.0:8081
======================================================================

[Cliente 0] Modelo=mnistnet  Dataset=mnist
[Dataset] Node 0: índices 0-6000 (6000 amostras)
[Cliente 0] Treino: 6000 amostras
[Cliente 0] Teste:  10000 amostras
[BaselineClient 0] Rodada ?: treinando (fedprox(mu=0.1))...
[BaselineClient 0] Rodada ?: treinando (fedprox(mu=0.1))...
[BaselineClient 0] Rodada ?: treinando (fedprox(mu=0.1))...
