/opt/miniconda3/lib/python3.10/site-packages/eth_keyfile/__init__.py:3: DeprecationWarning: pkg_resources is deprecated as an API. See https://setuptools.pypa.io/en/latest/pkg_resources.html
  import pkg_resources
/opt/miniconda3/lib/python3.10/site-packages/web3/providers/websocket/websocket.py:21: DeprecationWarning: websockets.client.connect is deprecated
  from websockets.client import (
/opt/miniconda3/lib/python3.10/site-packages/websockets/legacy/__init__.py:6: DeprecationWarning: websockets.legacy is deprecated; see https://websockets.readthedocs.io/en/stable/howto/upgrade.html for upgrade instructions
  warnings.warn(  # deprecated in 14.0 - 2024-11-09
/opt/miniconda3/lib/python3.10/site-packages/web3/providers/websocket/websocket_v2.py:18: DeprecationWarning: websockets.client.connect is deprecated
  from websockets.client import (
/opt/miniconda3/lib/python3.10/site-packages/web3/providers/persistent.py:10: DeprecationWarning: websockets.WebSocketClientProtocol is deprecated
  from websockets import (
[93mWARNING [0m:   DEPRECATED FEATURE: flwr.client.start_client() is deprecated.
	Instead, use the `flower-supernode` CLI command to start a SuperNode as shown below:

		$ flower-supernode --insecure --superlink='<IP>:<PORT>'

	To view all available options, run:

		$ flower-supernode --help

	Using `start_client()` is deprecated.

            This is a deprecated feature. It will be removed
            entirely in future versions of Flower.
        
[92mINFO [0m:      
[92mINFO [0m:      Received: train message 39183f71-ee01-45dd-a0fa-3033ebbd11af
[92mINFO [0m:      Sent reply
[92mINFO [0m:      
[92mINFO [0m:      Received: train message b2944ba4-6727-4184-b860-eedf4297019e
[92mINFO [0m:      Sent reply
[92mINFO [0m:      
[92mINFO [0m:      Received: reconnect message 3c9386fe-04cd-455e-902b-52d479c95591
[92mINFO [0m:      Disconnect and shut down

======================================================================
 BASELINE CLIENT 1/1 — conectando em 0.0.0.0:8081
======================================================================

[Cliente 1] Modelo=mnistnet  Dataset=mnist
[Dataset] Node 1: índices 30000-60000 (30000 amostras)
[Cliente 1] Treino: 30000 amostras
[Cliente 1] Teste:  10000 amostras
[BaselineClient 1] Rodada ?: treinando...
[BaselineClient 1] Rodada ?: treinando...
