
======================================================================
 FLOWER FEDERATED LEARNING SERVER — BASELINE (sem blockchain/IPFS)
======================================================================
 ROUNDS=3  MIN_CLIENTS=3  PORT=0.0.0.0:8081
INFO flwr 2026-06-19 20:58:41,969 | app.py:163 | Starting Flower server, config: ServerConfig(num_rounds=3, round_timeout=None)
INFO flwr 2026-06-19 20:58:41,976 | app.py:176 | Flower ECE: gRPC server running (3 rounds), SSL is disabled
INFO flwr 2026-06-19 20:58:41,976 | server.py:89 | Initializing global parameters
INFO flwr 2026-06-19 20:58:41,976 | server.py:276 | Requesting initial parameters from one random client
INFO flwr 2026-06-19 20:58:47,096 | server.py:280 | Received initial parameters from one random client
INFO flwr 2026-06-19 20:58:47,096 | server.py:91 | Evaluating initial parameters
INFO flwr 2026-06-19 20:58:47,096 | server.py:104 | FL starting
DEBUG flwr 2026-06-19 20:58:49,142 | server.py:222 | fit_round 1: strategy sampled 3 clients (out of 3)
DEBUG flwr 2026-06-19 20:59:38,762 | server.py:236 | fit_round 1 received 3 results and 0 failures

======================================================================
 [BASELINE] ROUND 1/3
======================================================================
 [BASELINE] Round 1: train≈49.50s  agg=0.016s
INFO flwr 2026-06-19 20:59:38,779 | server.py:171 | evaluate_round 1: no clients selected, cancel
DEBUG flwr 2026-06-19 20:59:38,779 | server.py:222 | fit_round 2: strategy sampled 3 clients (out of 3)
DEBUG flwr 2026-06-19 21:00:17,267 | server.py:236 | fit_round 2 received 3 results and 0 failures

======================================================================
 [BASELINE] ROUND 2/3
======================================================================
 [BASELINE] Round 2: train≈38.42s  agg=0.011s
INFO flwr 2026-06-19 21:00:17,278 | server.py:171 | evaluate_round 2: no clients selected, cancel
DEBUG flwr 2026-06-19 21:00:17,278 | server.py:222 | fit_round 3: strategy sampled 3 clients (out of 3)
DEBUG flwr 2026-06-19 21:01:03,156 | server.py:236 | fit_round 3 received 3 results and 0 failures

======================================================================
 [BASELINE] ROUND 3/3
======================================================================
 [BASELINE] Round 3: train≈45.81s  agg=0.010s
INFO flwr 2026-06-19 21:01:03,166 | server.py:171 | evaluate_round 3: no clients selected, cancel
INFO flwr 2026-06-19 21:01:03,166 | server.py:153 | FL finished in 136.070470377
INFO flwr 2026-06-19 21:01:03,171 | app.py:226 | app_fit: losses_distributed []
INFO flwr 2026-06-19 21:01:03,172 | app.py:227 | app_fit: metrics_distributed_fit {'accuracy': [(1, 0.9044833333333333), (2, 0.9629333333333333), (3, 0.9745166666666667)], 'loss': [(1, 0.30846710780163605), (2, 0.12506429655936857), (3, 0.08777451083674095)]}
INFO flwr 2026-06-19 21:01:03,172 | app.py:228 | app_fit: metrics_distributed {}
INFO flwr 2026-06-19 21:01:03,172 | app.py:229 | app_fit: losses_centralized []
INFO flwr 2026-06-19 21:01:03,172 | app.py:230 | app_fit: metrics_centralized {}

 Métricas baseline salvas em: results/ablation/baseline/baseline_metrics.json

======================================================================
 RESUMO BASELINE
======================================================================
  Round  1: accuracy=0.9045  train_time=49.50s
  Round  2: accuracy=0.9629  train_time=38.42s
  Round  3: accuracy=0.9745  train_time=45.81s

 Tempo total do experimento: 141.22s
 Acurácia final: 0.9745
