[93mWARNING [0m:   DEPRECATED FEATURE: flwr.client.start_client() is deprecated.
	Instead, use the `flower-supernode` CLI command to start a SuperNode as shown below:

		$ flower-supernode --insecure --superlink='<IP>:<PORT>'

	To view all available options, run:

		$ flower-supernode --help

	Using `start_client()` is deprecated.

            This is a deprecated feature. It will be removed
            entirely in future versions of Flower.
        
[92mINFO [0m:      
[92mINFO [0m:      Received: get_parameters message ebfbd1c1-68d8-4479-8bfa-510460f8a534
[92mINFO [0m:      Sent reply
[92mINFO [0m:      
[92mINFO [0m:      Received: train message 35d09a98-291b-45ff-99f0-f7c232d8e691
[92mINFO [0m:      Sent reply
[92mINFO [0m:      
[92mINFO [0m:      Received: train message 0709d55f-0d0f-447b-b9fe-3b2e04be75c4
[92mINFO [0m:      Sent reply
[92mINFO [0m:      
[92mINFO [0m:      Received: train message b2571b55-d0ce-4e2d-b9df-7fefa05ec619
[92mINFO [0m:      Sent reply
[92mINFO [0m:      
[92mINFO [0m:      Received: reconnect message 1476ac4d-34eb-4b2d-af3b-2f916435708b
[92mINFO [0m:      Disconnect and shut down

======================================================================
 BASELINE CLIENT 0/3 — conectando em 0.0.0.0:8081
======================================================================

[Cliente 0] Modelo=mnistnet  Dataset=mnist
[Dataset] Node 0: índices 0-15000 (15000 amostras)
[Cliente 0] Treino: 15000 amostras
[Cliente 0] Teste:  10000 amostras
[BaselineClient 0] Rodada ?: treinando (fedavg)...
[BaselineClient 0] Rodada ?: treinando (fedavg)...
[BaselineClient 0] Rodada ?: treinando (fedavg)...
