[93mWARNING [0m:   DEPRECATED FEATURE: flwr.client.start_client() is deprecated.
	Instead, use the `flower-supernode` CLI command to start a SuperNode as shown below:

		$ flower-supernode --insecure --superlink='<IP>:<PORT>'

	To view all available options, run:

		$ flower-supernode --help

	Using `start_client()` is deprecated.

            This is a deprecated feature. It will be removed
            entirely in future versions of Flower.
        
[92mINFO [0m:      
[92mINFO [0m:      Received: train message c0b27e73-4dc2-49f2-8027-693394138ef0
[92mINFO [0m:      Sent reply
[92mINFO [0m:      
[92mINFO [0m:      Received: train message cbc73f35-20e9-4cf1-a484-ece0339f247e
[92mINFO [0m:      Sent reply
[92mINFO [0m:      
[92mINFO [0m:      Received: train message 0555c8c2-1feb-4897-b00f-21374f8c7620
[92mINFO [0m:      Sent reply
[92mINFO [0m:      
[92mINFO [0m:      Received: reconnect message efc68e84-ed3a-4a94-8e84-99977ef4e759
[92mINFO [0m:      Disconnect and shut down

======================================================================
 BASELINE CLIENT 1/3 — conectando em 0.0.0.0:8081
======================================================================

[Cliente 1] Modelo=mnistnet  Dataset=mnist
[Dataset] Node 1: índices 15000-30000 (15000 amostras)
[Cliente 1] Treino: 15000 amostras
[Cliente 1] Teste:  10000 amostras
[BaselineClient 1] Rodada ?: treinando (fedavg)...
[BaselineClient 1] Rodada ?: treinando (fedavg)...
[BaselineClient 1] Rodada ?: treinando (fedavg)...
