[93mWARNING [0m:   DEPRECATED FEATURE: flwr.client.start_client() is deprecated.
	Instead, use the `flower-supernode` CLI command to start a SuperNode as shown below:

		$ flower-supernode --insecure --superlink='<IP>:<PORT>'

	To view all available options, run:

		$ flower-supernode --help

	Using `start_client()` is deprecated.

            This is a deprecated feature. It will be removed
            entirely in future versions of Flower.
        
[92mINFO [0m:      
[92mINFO [0m:      Received: train message c22b3ead-a9df-4cfd-9bc4-149574be7951
[92mINFO [0m:      Sent reply
[92mINFO [0m:      
[92mINFO [0m:      Received: train message 33785d66-53c3-48f1-9841-578161be96ce
[92mINFO [0m:      Sent reply
[92mINFO [0m:      
[92mINFO [0m:      Received: train message 4fb979a7-04d3-4d28-b61e-f1975c14cd36
[92mINFO [0m:      Sent reply
[92mINFO [0m:      
[92mINFO [0m:      Received: reconnect message 2c02a62b-f7f8-4bb0-b381-e004b6ed8eba
[92mINFO [0m:      Disconnect and shut down

======================================================================
 BASELINE CLIENT 2/3 — conectando em 0.0.0.0:8081
======================================================================

[Cliente 2] Modelo=mnistnet  Dataset=mnist
[Dataset] Node 2: índices 30000-45000 (15000 amostras)
[Cliente 2] Treino: 15000 amostras
[Cliente 2] Teste:  10000 amostras
[BaselineClient 2] Rodada ?: treinando (fedavg)...
[BaselineClient 2] Rodada ?: treinando (fedavg)...
[BaselineClient 2] Rodada ?: treinando (fedavg)...
