[93mWARNING [0m:   DEPRECATED FEATURE: flwr.client.start_client() is deprecated.
	Instead, use the `flower-supernode` CLI command to start a SuperNode as shown below:

		$ flower-supernode --insecure --superlink='<IP>:<PORT>'

	To view all available options, run:

		$ flower-supernode --help

	Using `start_client()` is deprecated.

            This is a deprecated feature. It will be removed
            entirely in future versions of Flower.
        
[92mINFO [0m:      
[92mINFO [0m:      Received: train message af67c02a-e373-48ac-aea6-ba76d8358a52
[92mINFO [0m:      Sent reply
[92mINFO [0m:      
[92mINFO [0m:      Received: train message 453c0337-7487-4005-a7b3-5149ace8c9ae
[92mINFO [0m:      Sent reply
[92mINFO [0m:      
[92mINFO [0m:      Received: train message 00cf0ef2-32ee-4da9-bde4-fc4a33e26a0c
[92mINFO [0m:      Sent reply
[92mINFO [0m:      
[92mINFO [0m:      Received: reconnect message 4cc15497-b5dd-4b87-b93c-fbd71b2b50e0
[92mINFO [0m:      Disconnect and shut down

======================================================================
 BASELINE CLIENT 2/4 — conectando em 0.0.0.0:8081
======================================================================

[Cliente 2] Modelo=mnistnet  Dataset=mnist
[Dataset] Node 2: índices 24000-36000 (12000 amostras)
[Cliente 2] Treino: 12000 amostras
[Cliente 2] Teste:  10000 amostras
[BaselineClient 2] Rodada ?: treinando...
[BaselineClient 2] Rodada ?: treinando...
[BaselineClient 2] Rodada ?: treinando...
