[93mWARNING [0m:   DEPRECATED FEATURE: flwr.client.start_client() is deprecated.
	Instead, use the `flower-supernode` CLI command to start a SuperNode as shown below:

		$ flower-supernode --insecure --superlink='<IP>:<PORT>'

	To view all available options, run:

		$ flower-supernode --help

	Using `start_client()` is deprecated.

            This is a deprecated feature. It will be removed
            entirely in future versions of Flower.
        
[92mINFO [0m:      
[92mINFO [0m:      Received: train message a37c93c6-04b6-4c94-a7ed-d1ac5fa0b768
[92mINFO [0m:      Sent reply
[92mINFO [0m:      
[92mINFO [0m:      Received: train message 73c14c46-b9c2-472f-9f39-f8ec580972cd
[92mINFO [0m:      Sent reply
[92mINFO [0m:      
[92mINFO [0m:      Received: train message 08819091-3385-4560-80fb-a6fee5682269
[92mINFO [0m:      Sent reply
[92mINFO [0m:      
[92mINFO [0m:      Received: reconnect message 3eca52c9-407c-469d-8932-238e1c8c327c
[92mINFO [0m:      Disconnect and shut down

======================================================================
 BASELINE CLIENT 4/4 — conectando em 0.0.0.0:8081
======================================================================

[Cliente 4] Modelo=mnistnet  Dataset=mnist
[Dataset] Node 4: índices 48000-60000 (12000 amostras)
[Cliente 4] Treino: 12000 amostras
[Cliente 4] Teste:  10000 amostras
[BaselineClient 4] Rodada ?: treinando...
[BaselineClient 4] Rodada ?: treinando...
[BaselineClient 4] Rodada ?: treinando...
