[93mWARNING [0m:   DEPRECATED FEATURE: flwr.client.start_client() is deprecated.
	Instead, use the `flower-supernode` CLI command to start a SuperNode as shown below:

		$ flower-supernode --insecure --superlink='<IP>:<PORT>'

	To view all available options, run:

		$ flower-supernode --help

	Using `start_client()` is deprecated.

            This is a deprecated feature. It will be removed
            entirely in future versions of Flower.
        
[92mINFO [0m:      
[92mINFO [0m:      Received: train message 3f3a7990-b379-4289-a7eb-e7b52c5beda9
[92mINFO [0m:      Sent reply
[92mINFO [0m:      
[92mINFO [0m:      Received: train message e692c81d-cedd-421d-a59d-ca92d372c682
[92mINFO [0m:      Sent reply
[92mINFO [0m:      
[92mINFO [0m:      Received: train message bb723792-e2a9-4a6b-986e-ff9c158effc0
[92mINFO [0m:      Sent reply
[92mINFO [0m:      
[92mINFO [0m:      Received: reconnect message ba3a1380-252f-4902-8eb3-bd1bf8df0a1d
[92mINFO [0m:      Disconnect and shut down

======================================================================
 BASELINE CLIENT 3/4 — conectando em 0.0.0.0:8081
======================================================================

[Cliente 3] Modelo=mnistnet  Dataset=mnist
[Dataset] Node 3: índices 36000-48000 (12000 amostras)
[Cliente 3] Treino: 12000 amostras
[Cliente 3] Teste:  10000 amostras
[BaselineClient 3] Rodada ?: treinando...
[BaselineClient 3] Rodada ?: treinando...
[BaselineClient 3] Rodada ?: treinando...
