[93mWARNING [0m:   DEPRECATED FEATURE: flwr.client.start_client() is deprecated.
	Instead, use the `flower-supernode` CLI command to start a SuperNode as shown below:

		$ flower-supernode --insecure --superlink='<IP>:<PORT>'

	To view all available options, run:

		$ flower-supernode --help

	Using `start_client()` is deprecated.

            This is a deprecated feature. It will be removed
            entirely in future versions of Flower.
        
[92mINFO [0m:      
[92mINFO [0m:      Received: train message 19a60364-59eb-4cae-977e-25701c5724d4
[92mINFO [0m:      Sent reply
[92mINFO [0m:      
[92mINFO [0m:      Received: train message f0d89665-91db-4d5b-9635-cfd8d15eed44
[92mINFO [0m:      Sent reply
[92mINFO [0m:      
[92mINFO [0m:      Received: train message 406459c2-3fd8-4d69-ad99-ffa10bbec22b
[92mINFO [0m:      Sent reply
[92mINFO [0m:      
[92mINFO [0m:      Received: reconnect message d396d589-2b66-49ac-baf8-6c38b82cf8c4
[92mINFO [0m:      Disconnect and shut down

======================================================================
 BASELINE CLIENT 1/4 — conectando em 0.0.0.0:8081
======================================================================

[Cliente 1] Modelo=mnistnet  Dataset=mnist
[Dataset] Node 1: índices 12000-24000 (12000 amostras)
[Cliente 1] Treino: 12000 amostras
[Cliente 1] Teste:  10000 amostras
[BaselineClient 1] Rodada ?: treinando...
[BaselineClient 1] Rodada ?: treinando...
[BaselineClient 1] Rodada ?: treinando...
