[93mWARNING [0m:   DEPRECATED FEATURE: flwr.client.start_client() is deprecated.
	Instead, use the `flower-supernode` CLI command to start a SuperNode as shown below:

		$ flower-supernode --insecure --superlink='<IP>:<PORT>'

	To view all available options, run:

		$ flower-supernode --help

	Using `start_client()` is deprecated.

            This is a deprecated feature. It will be removed
            entirely in future versions of Flower.
        
[92mINFO [0m:      
[92mINFO [0m:      Received: train message 3144f68c-459d-4ecb-965d-51daec3ea9b9
[92mINFO [0m:      Sent reply
[92mINFO [0m:      
[92mINFO [0m:      Received: train message 17d119d6-b89f-45bc-8718-c6b97579266d
[92mINFO [0m:      Sent reply
[92mINFO [0m:      
[92mINFO [0m:      Received: train message fef22351-025a-429f-9e72-c966c0b3a30a
[92mINFO [0m:      Sent reply
[92mINFO [0m:      
[92mINFO [0m:      Received: reconnect message 1c36a7a0-d31c-4bb1-bb5b-77b8bb38bba0
[92mINFO [0m:      Disconnect and shut down

======================================================================
 BASELINE CLIENT 3/7 — conectando em 0.0.0.0:8081
======================================================================

[Cliente 3] Modelo=mnistnet  Dataset=mnist
[Dataset] Node 3: índices 22500-30000 (7500 amostras)
[Cliente 3] Treino: 7500 amostras
[Cliente 3] Teste:  10000 amostras
[BaselineClient 3] Rodada ?: treinando (fedavg)...
[BaselineClient 3] Rodada ?: treinando (fedavg)...
[BaselineClient 3] Rodada ?: treinando (fedavg)...
