[93mWARNING [0m:   DEPRECATED FEATURE: flwr.client.start_client() is deprecated.
	Instead, use the `flower-supernode` CLI command to start a SuperNode as shown below:

		$ flower-supernode --insecure --superlink='<IP>:<PORT>'

	To view all available options, run:

		$ flower-supernode --help

	Using `start_client()` is deprecated.

            This is a deprecated feature. It will be removed
            entirely in future versions of Flower.
        
[92mINFO [0m:      
[92mINFO [0m:      Received: train message c7fe6e02-2cb2-4c29-a764-d0731f014d46
[92mINFO [0m:      Sent reply
[92mINFO [0m:      
[92mINFO [0m:      Received: train message 69d721f8-5bb1-4d78-9a40-4bb2eb7239ae
[92mINFO [0m:      Sent reply
[92mINFO [0m:      
[92mINFO [0m:      Received: train message 2abd6feb-2b40-4425-bf6d-a35eec09162f
[92mINFO [0m:      Sent reply
[92mINFO [0m:      
[92mINFO [0m:      Received: reconnect message 9b7a950a-f240-4ba4-b3a0-d27c1d49edd7
[92mINFO [0m:      Disconnect and shut down

======================================================================
 BASELINE CLIENT 5/7 — conectando em 0.0.0.0:8081
======================================================================

[Cliente 5] Modelo=mnistnet  Dataset=mnist
[Dataset] Node 5: índices 37500-45000 (7500 amostras)
[Cliente 5] Treino: 7500 amostras
[Cliente 5] Teste:  10000 amostras
[BaselineClient 5] Rodada ?: treinando (fedavg)...
[BaselineClient 5] Rodada ?: treinando (fedavg)...
[BaselineClient 5] Rodada ?: treinando (fedavg)...
