[93mWARNING [0m:   DEPRECATED FEATURE: flwr.client.start_client() is deprecated.
	Instead, use the `flower-supernode` CLI command to start a SuperNode as shown below:

		$ flower-supernode --insecure --superlink='<IP>:<PORT>'

	To view all available options, run:

		$ flower-supernode --help

	Using `start_client()` is deprecated.

            This is a deprecated feature. It will be removed
            entirely in future versions of Flower.
        
[92mINFO [0m:      
[92mINFO [0m:      Received: train message aeab014b-e466-4818-ad20-8d7c4a03a6e8
[92mINFO [0m:      Sent reply
[92mINFO [0m:      
[92mINFO [0m:      Received: train message 0c697041-49b9-4d3d-9f91-c45bf3d6ea45
[92mINFO [0m:      Sent reply
[92mINFO [0m:      
[92mINFO [0m:      Received: train message 5d54e0fa-9200-43ea-bec0-ed32300d5e3b
[92mINFO [0m:      Sent reply
[92mINFO [0m:      
[92mINFO [0m:      Received: reconnect message 04849d77-7bce-4a06-95c7-ab36517632eb
[92mINFO [0m:      Disconnect and shut down

======================================================================
 BASELINE CLIENT 7/7 — conectando em 0.0.0.0:8081
======================================================================

[Cliente 7] Modelo=mnistnet  Dataset=mnist
[Dataset] Node 7: índices 52500-60000 (7500 amostras)
[Cliente 7] Treino: 7500 amostras
[Cliente 7] Teste:  10000 amostras
[BaselineClient 7] Rodada ?: treinando (fedavg)...
[BaselineClient 7] Rodada ?: treinando (fedavg)...
[BaselineClient 7] Rodada ?: treinando (fedavg)...
