[93mWARNING [0m:   DEPRECATED FEATURE: flwr.client.start_client() is deprecated.
	Instead, use the `flower-supernode` CLI command to start a SuperNode as shown below:

		$ flower-supernode --insecure --superlink='<IP>:<PORT>'

	To view all available options, run:

		$ flower-supernode --help

	Using `start_client()` is deprecated.

            This is a deprecated feature. It will be removed
            entirely in future versions of Flower.
        
[92mINFO [0m:      
[92mINFO [0m:      Received: train message 086c9b48-066f-41f4-aef3-780e3e611f5e
[92mINFO [0m:      Sent reply
[92mINFO [0m:      
[92mINFO [0m:      Received: train message d870a468-a410-4f52-a801-6eef85673f2d
[92mINFO [0m:      Sent reply
[92mINFO [0m:      
[92mINFO [0m:      Received: train message 7d171be6-5598-40fd-b202-337f420c8595
[92mINFO [0m:      Sent reply
[92mINFO [0m:      
[92mINFO [0m:      Received: reconnect message 0ba128de-00ac-4eba-99b4-88bebbced735
[92mINFO [0m:      Disconnect and shut down

======================================================================
 BASELINE CLIENT 2/7 — conectando em 0.0.0.0:8081
======================================================================

[Cliente 2] Modelo=mnistnet  Dataset=mnist
[Dataset] Node 2: índices 15000-22500 (7500 amostras)
[Cliente 2] Treino: 7500 amostras
[Cliente 2] Teste:  10000 amostras
[BaselineClient 2] Rodada ?: treinando (fedavg)...
[BaselineClient 2] Rodada ?: treinando (fedavg)...
[BaselineClient 2] Rodada ?: treinando (fedavg)...
